#
#       Peak Name  Overlap_group
#         160N-HN             -1
#
# Input frequencies:
#     Omega1    Omega2    Omega3
#      0.000   120.566     9.151
#
# --------- Results of the fit -------------
#
# Parameter        Value           Esd      
# f01(ppm)      1.2056834e+02  5.7952882e-05 
# w1(Hz)        1.4332073e+01  1.2887314e-02 
# g1            1.1131566e+00  5.0504051e-03 
# f02(ppm)      9.1519766e+00  9.5835578e-06 
# w2(Hz)        2.2073538e+01  2.3299877e-02 
# g2            6.2403285e-01  3.6008862e-03 
############################################
#       ncyc        Intensity      Esd(Int.)
   0.000e+00    1.6369085e+05  3.9700139e+02
   2.400e+01    1.2412683e+05  3.4938447e+02
   2.000e+00    1.2446130e+05  3.4975263e+02
   2.200e+01    1.2403480e+05  3.4927953e+02
   4.000e+00    1.2478223e+05  3.5011072e+02
   2.000e+01    1.2394203e+05  3.4917843e+02
   6.000e+00    1.2457504e+05  3.4988009e+02
   1.800e+01    1.2409416e+05  3.4934642e+02
   8.000e+00    1.2427898e+05  3.4955106e+02
   1.600e+01    1.2398341e+05  3.4922346e+02
   1.000e+01    1.2357947e+05  3.4877627e+02
   1.400e+01    1.2444500e+05  3.4973318e+02
   1.200e+01    1.2428764e+05  3.4956062e+02
   4.000e+00    1.2483027e+05  3.5016706e+02
   1.600e+01    1.2388925e+05  3.4911902e+02
