#
#       Peak Name  Overlap_group
#          42N-HN              3
#
# Input frequencies:
#     Omega1    Omega2    Omega3
#      0.000   121.804     7.542
#
# --------- Results of the fit -------------
#
# Parameter        Value           Esd      
# f01(ppm)      1.2180671e+02  8.0348936e-05 
# w1(Hz)        1.3853168e+01  1.8324841e-02 
# g1            9.9574188e-01  7.6474691e-03 
# f02(ppm)      7.5424658e+00  1.3677727e-05 
# w2(Hz)        2.0932492e+01  3.0809678e-02 
# g2            7.1114482e-01  7.7804531e-03 
############################################
#       ncyc        Intensity      Esd(Int.)
   0.000e+00    1.8066521e+05  8.3208835e+02
   2.400e+01    1.3868515e+05  6.8599803e+02
   2.000e+00    1.3890956e+05  6.8343420e+02
   2.200e+01    1.3896360e+05  6.8673912e+02
   4.000e+00    1.3893712e+05  6.8398890e+02
   2.000e+01    1.3877360e+05  6.8593161e+02
   6.000e+00    1.4025260e+05  6.8822311e+02
   1.800e+01    1.3902240e+05  6.8659597e+02
   8.000e+00    1.3918338e+05  6.8528319e+02
   1.600e+01    1.3878967e+05  6.8565613e+02
   1.000e+01    1.3962163e+05  6.8691547e+02
   1.400e+01    1.3957352e+05  6.8700737e+02
   1.200e+01    1.3884650e+05  6.8438419e+02
   4.000e+00    1.3917072e+05  6.8420344e+02
   1.600e+01    1.3873612e+05  6.8518011e+02
