#
#       Peak Name  Overlap_group
#          74N-HN             -1
#
# Input frequencies:
#     Omega1    Omega2    Omega3
#      0.000   124.273     7.897
#
# --------- Results of the fit -------------
#
# Parameter        Value           Esd      
# f01(ppm)      1.2427313e+02  7.2043955e-05 
# w1(Hz)        1.4622737e+01  1.6209593e-02 
# g1            1.0557007e+00  5.9455997e-03 
# f02(ppm)      7.8971229e+00  1.3022040e-05 
# w2(Hz)        2.4317157e+01  3.3140883e-02 
# g2            4.9890256e-01  4.0977801e-03 
############################################
#       ncyc        Intensity      Esd(Int.)
   0.000e+00    1.5614393e+05  4.5432478e+02
   2.400e+01    1.2178561e+05  4.0657143e+02
   2.000e+00    1.1768973e+05  4.0135452e+02
   2.200e+01    1.2250836e+05  4.0750410e+02
   4.000e+00    1.1762033e+05  4.0125729e+02
   2.000e+01    1.2117034e+05  4.0577760e+02
   6.000e+00    1.1881537e+05  4.0277263e+02
   1.800e+01    1.2155529e+05  4.0627651e+02
   8.000e+00    1.1999058e+05  4.0427111e+02
   1.600e+01    1.2136123e+05  4.0603278e+02
   1.000e+01    1.2019297e+05  4.0452846e+02
   1.400e+01    1.2104082e+05  4.0561878e+02
   1.200e+01    1.2077182e+05  4.0527483e+02
   4.000e+00    1.1726188e+05  4.0081326e+02
   1.600e+01    1.2149641e+05  4.0620837e+02
