#
#       Peak Name  Overlap_group
#          97N-HN             -1
#
# Input frequencies:
#     Omega1    Omega2    Omega3
#      0.000   120.717     6.951
#
# --------- Results of the fit -------------
#
# Parameter        Value           Esd      
# f01(ppm)      1.2071881e+02  8.9211259e-05 
# w1(Hz)        1.4378352e+01  1.9838264e-02 
# g1            1.1189167e+00  7.8022744e-03 
# f02(ppm)      6.9516833e+00  1.5402329e-05 
# w2(Hz)        2.2900088e+01  3.8287183e-02 
# g2            5.6008597e-01  5.3459713e-03 
############################################
#       ncyc        Intensity      Esd(Int.)
   0.000e+00    1.6542638e+05  6.1804091e+02
   2.400e+01    1.2759328e+05  5.4909567e+02
   2.000e+00    1.2769944e+05  5.4928651e+02
   2.200e+01    1.2745344e+05  5.4885457e+02
   4.000e+00    1.2759926e+05  5.4911879e+02
   2.000e+01    1.2747789e+05  5.4890522e+02
   6.000e+00    1.2808669e+05  5.4993407e+02
   1.800e+01    1.2743838e+05  5.4883826e+02
   8.000e+00    1.2754085e+05  5.4901691e+02
   1.600e+01    1.2796941e+05  5.4973723e+02
   1.000e+01    1.2704620e+05  5.4818580e+02
   1.400e+01    1.2769961e+05  5.4927910e+02
   1.200e+01    1.2786909e+05  5.4956684e+02
   4.000e+00    1.2771171e+05  5.4931141e+02
   1.600e+01    1.2745365e+05  5.4886339e+02
