#
#       Peak Name  Overlap_group
#          56N-HN             -1
#
# Input frequencies:
#     Omega1    Omega2    Omega3
#      0.000   127.636     8.663
#
# --------- Results of the fit -------------
#
# Parameter        Value           Esd      
# f01(ppm)      1.2766582e+02  5.8494821e-05 
# w1(Hz)        1.5133374e+01  1.4195612e-02 
# g1            7.4306481e-01  3.8125231e-03 
# f02(ppm)      8.6631406e+00  1.1319553e-05 
# w2(Hz)        2.7567462e+01  2.9749321e-02 
# g2            4.2365139e-01  3.0466293e-03 
############################################
#    ncyc_cp        Intensity      Esd(Int.)
   0.000e+00   -7.2229184e+04  1.2609627e+02
   3.600e+01   -2.7209731e+04  8.0237358e+01
   1.000e+00   -2.7479167e+04  8.0432316e+01
   3.300e+01   -2.6828786e+04  7.9966428e+01
   2.000e+00   -2.7513473e+04  8.0455392e+01
   3.000e+01   -2.6993494e+04  8.0081691e+01
   3.000e+00   -2.7168914e+04  8.0207735e+01
   2.700e+01   -2.6593375e+04  7.9799449e+01
   4.000e+00   -2.7239870e+04  8.0258089e+01
   2.400e+01   -2.6707427e+04  7.9880447e+01
   6.000e+00   -2.6816918e+04  7.9957082e+01
   2.100e+01   -2.6702542e+04  7.9876742e+01
   8.000e+00   -2.6878830e+04  7.9999735e+01
   1.800e+01   -2.7003743e+04  8.0088984e+01
   1.000e+01   -2.6729929e+04  7.9895634e+01
   1.600e+01   -2.6746000e+04  7.9905680e+01
   1.200e+01   -2.6698726e+04  7.9873299e+01
   1.400e+01   -2.6911326e+04  8.0023721e+01
   8.000e+00   -2.6973758e+04  8.0068379e+01
   2.400e+01   -2.6877473e+04  8.0000020e+01
