#
#       Peak Name  Overlap_group
#          97N-HN             -1
#
# Input frequencies:
#     Omega1    Omega2    Omega3
#      0.000   120.150     7.007
#
# --------- Results of the fit -------------
#
# Parameter        Value           Esd      
# f01(ppm)      1.2013861e+02  4.5667050e-05 
# w1(Hz)        1.5239758e+01  1.0958314e-02 
# g1            7.8729102e-01  3.0565709e-03 
# f02(ppm)      7.0077311e+00  7.6350443e-06 
# w2(Hz)        2.4291138e+01  1.9144888e-02 
# g2            5.3957034e-01  2.4866813e-03 
############################################
#    ncyc_cp        Intensity      Esd(Int.)
   0.000e+00    7.7108057e+04  1.1061154e+02
   3.600e+01    3.3756414e+04  7.5532610e+01
   1.000e+00    3.0951044e+04  7.3882450e+01
   3.300e+01    3.4389344e+04  7.5920862e+01
   2.000e+00    3.2078412e+04  7.4532933e+01
   3.000e+01    3.4337770e+04  7.5888908e+01
   3.000e+00    3.1308948e+04  7.4087152e+01
   2.700e+01    3.4303263e+04  7.5867673e+01
   4.000e+00    3.2416666e+04  7.4731171e+01
   2.400e+01    3.3957439e+04  7.5655264e+01
   6.000e+00    3.2154579e+04  7.4577903e+01
   2.100e+01    3.3780727e+04  7.5548107e+01
   8.000e+00    3.2124780e+04  7.4561134e+01
   1.800e+01    3.3827407e+04  7.5576444e+01
   1.000e+01    3.2026604e+04  7.4503032e+01
   1.600e+01    3.3837706e+04  7.5582001e+01
   1.200e+01    3.2806830e+04  7.4962597e+01
   1.400e+01    3.3429723e+04  7.5334918e+01
   8.000e+00    3.1752974e+04  7.4344439e+01
   2.400e+01    3.4383550e+04  7.5916886e+01
