0.000e+00	7.7609460e+06	7.7609460e+04
4.000e+01	5.7136084e+06	5.7136084e+04
1.000e+00	5.4761235e+06	5.4761235e+04
3.600e+01	5.6942061e+06	5.6942061e+04
2.000e+00	5.5405393e+06	5.5405393e+04
3.200e+01	5.7516371e+06	5.7516371e+04
3.000e+00	5.5444198e+06	5.5444198e+04
3.000e+01	5.7593980e+06	5.7593980e+04
4.000e+00	5.5739114e+06	5.5739114e+04
2.800e+01	5.8020832e+06	5.8020832e+04
5.000e+00	5.5327784e+06	5.5327784e+04
2.600e+01	5.7725916e+06	5.7725916e+04
6.000e+00	5.5389872e+06	5.5389872e+04
2.400e+01	5.7462044e+06	5.7462044e+04
7.000e+00	5.5630461e+06	5.5630461e+04
2.200e+01	5.7570697e+06	5.7570697e+04
8.000e+00	5.5855528e+06	5.5855528e+04
2.000e+01	5.7625024e+06	5.7625024e+04
9.000e+00	5.6709232e+06	5.6709232e+04
1.800e+01	5.8238139e+06	5.8238139e+04
1.000e+01	5.5878811e+06	5.5878811e+04
1.600e+01	5.7912179e+06	5.7912179e+04
1.100e+01	5.6212532e+06	5.6212532e+04
1.400e+01	5.5878811e+06	5.5878811e+04
1.200e+01	5.6414316e+06	5.6414316e+04
1.000e+00	5.5746875e+06	5.5746875e+04
4.000e+01	5.7803526e+06	5.7803526e+04
2.000e+00	5.5451959e+06	5.5451959e+04
3.600e+01	5.7795765e+06	5.7795765e+04
