0.000e+00	1.7576880e+06	2.4461700e+04
4.000e+01	1.5249701e+06	2.4461700e+04
1.000e+00	1.4098415e+06	2.4461700e+04
3.600e+01	1.4848948e+06	2.4461700e+04
2.000e+00	1.4625722e+06	2.4461700e+04
3.200e+01	1.5258490e+06	2.4461700e+04
3.000e+00	1.4223211e+06	2.4461700e+04
3.000e+01	1.4284730e+06	2.4461700e+04
4.000e+00	1.4420072e+06	2.4461700e+04
2.800e+01	1.4613418e+06	2.4461700e+04
5.000e+00	1.4522018e+06	2.4461700e+04
2.600e+01	1.5116117e+06	2.4461700e+04
6.000e+00	1.4096658e+06	2.4461700e+04
2.400e+01	1.4943863e+06	2.4461700e+04
7.000e+00	1.4437649e+06	2.4461700e+04
2.200e+01	1.5145997e+06	2.4461700e+04
8.000e+00	1.4634510e+06	2.4461700e+04
2.000e+01	1.5393832e+06	2.4461700e+04
9.000e+00	1.5297159e+06	2.4461700e+04
1.800e+01	1.3899797e+06	2.4461700e+04
1.000e+01	1.4833129e+06	2.4461700e+04
1.600e+01	1.4093142e+06	2.4461700e+04
1.100e+01	1.4038654e+06	2.4461700e+04
1.400e+01	1.5546750e+06	2.4461700e+04
1.200e+01	1.4286488e+06	2.4461700e+04
1.000e+00	1.4638026e+06	2.4461700e+04
4.000e+01	1.4529049e+06	2.4461700e+04
2.000e+00	1.4479834e+06	2.4461700e+04
3.600e+01	1.5682092e+06	2.4461700e+04
