#Offset (Hz)        Intensity    Uncertainty
  -1.200e+04    1.0000000e+00  3.0000000e-03
  -1.250e+02    4.6158020e-01  3.0000000e-03
  -1.230e+02    4.6295090e-01  3.0000000e-03
  -1.210e+02    4.6048130e-01  3.0000000e-03
  -1.190e+02    4.5999960e-01  3.0000000e-03
  -1.170e+02    4.6061390e-01  3.0000000e-03
  -1.150e+02    4.6047610e-01  3.0000000e-03
  -1.130e+02    4.6173910e-01  3.0000000e-03
  -1.110e+02    4.6234320e-01  3.0000000e-03
  -1.090e+02    4.5723680e-01  3.0000000e-03
  -1.070e+02    4.6013930e-01  3.0000000e-03
  -1.050e+02    4.6235000e-01  3.0000000e-03
  -1.030e+02    4.6060570e-01  3.0000000e-03
  -1.010e+02    4.6414010e-01  3.0000000e-03
  -9.900e+01    4.6051720e-01  3.0000000e-03
  -9.700e+01    4.5882930e-01  3.0000000e-03
  -9.500e+01    4.6141330e-01  3.0000000e-03
  -9.300e+01    4.5810410e-01  3.0000000e-03
  -9.100e+01    4.6080010e-01  3.0000000e-03
  -8.900e+01    4.5931820e-01  3.0000000e-03
  -8.700e+01    4.5710570e-01  3.0000000e-03
  -8.500e+01    4.5683820e-01  3.0000000e-03
  -8.300e+01    4.5530120e-01  3.0000000e-03
  -8.100e+01    4.5724800e-01  3.0000000e-03
  -7.900e+01    4.5936500e-01  3.0000000e-03
  -7.700e+01    4.6156510e-01  3.0000000e-03
  -7.500e+01    4.6017420e-01  3.0000000e-03
  -7.300e+01    4.5893550e-01  3.0000000e-03
  -7.100e+01    4.6302710e-01  3.0000000e-03
  -6.900e+01    4.5678600e-01  3.0000000e-03
  -6.700e+01    4.6102700e-01  3.0000000e-03
  -6.500e+01    4.6077680e-01  3.0000000e-03
  -6.300e+01    4.6167300e-01  3.0000000e-03
  -6.100e+01    4.6082600e-01  3.0000000e-03
  -5.900e+01    4.5698630e-01  3.0000000e-03
  -5.700e+01    4.5941990e-01  3.0000000e-03
  -5.500e+01    4.6226230e-01  3.0000000e-03
  -5.300e+01    4.6032190e-01  3.0000000e-03
  -5.100e+01    4.5691750e-01  3.0000000e-03
  -4.900e+01    4.6082940e-01  3.0000000e-03
  -4.700e+01    4.5758290e-01  3.0000000e-03
  -4.500e+01    4.5992680e-01  3.0000000e-03
  -4.300e+01    4.5941070e-01  3.0000000e-03
  -4.100e+01    4.5754100e-01  3.0000000e-03
  -3.900e+01    4.5919720e-01  3.0000000e-03
  -3.700e+01    4.6099270e-01  3.0000000e-03
  -3.500e+01    4.5947900e-01  3.0000000e-03
  -3.300e+01    4.5766300e-01  3.0000000e-03
  -3.100e+01    4.6139050e-01  3.0000000e-03
  -2.900e+01    4.6053810e-01  3.0000000e-03
  -2.700e+01    4.6072190e-01  3.0000000e-03
  -2.500e+01    4.5840740e-01  3.0000000e-03
  -2.300e+01    4.5964680e-01  3.0000000e-03
  -2.100e+01    4.6020800e-01  3.0000000e-03
  -1.900e+01    4.5688080e-01  3.0000000e-03
  -1.700e+01    4.5915150e-01  3.0000000e-03
  -1.500e+01    4.5898160e-01  3.0000000e-03
  -1.300e+01    4.6007020e-01  3.0000000e-03
  -1.100e+01    4.5774570e-01  3.0000000e-03
  -9.000e+00    4.5701960e-01  3.0000000e-03
  -7.000e+00    4.5918620e-01  3.0000000e-03
  -5.000e+00    4.5783110e-01  3.0000000e-03
  -3.000e+00    4.5708590e-01  3.0000000e-03
  -1.000e+00    4.5352590e-01  3.0000000e-03
   1.000e+00    4.5162880e-01  3.0000000e-03
   3.000e+00    4.5477100e-01  3.0000000e-03
   5.000e+00    4.5227260e-01  3.0000000e-03
   7.000e+00    4.4882870e-01  3.0000000e-03
   9.000e+00    4.3961430e-01  3.0000000e-03
   1.100e+01    4.2747390e-01  3.0000000e-03
   1.300e+01    4.3143630e-01  3.0000000e-03
   1.500e+01    4.3757910e-01  3.0000000e-03
   1.700e+01    4.4289470e-01  3.0000000e-03
   1.900e+01    4.4479770e-01  3.0000000e-03
   2.100e+01    4.4741070e-01  3.0000000e-03
   2.300e+01    4.4345150e-01  3.0000000e-03
   2.500e+01    4.4221130e-01  3.0000000e-03
   2.700e+01    4.3978850e-01  3.0000000e-03
   2.900e+01    4.3042220e-01  3.0000000e-03
   3.100e+01    4.2532910e-01  3.0000000e-03
   3.300e+01    4.1357480e-01  3.0000000e-03
   3.500e+01    3.8972600e-01  3.0000000e-03
   3.700e+01    3.4173320e-01  3.0000000e-03
   3.900e+01    2.3658820e-01  3.0000000e-03
   4.100e+01    4.3536790e-02  3.0000000e-03
   4.300e+01    2.8032990e-02  3.0000000e-03
   4.500e+01    2.2994320e-01  3.0000000e-03
   4.700e+01    3.3900770e-01  3.0000000e-03
   4.900e+01    3.9132260e-01  3.0000000e-03
   5.100e+01    4.1353440e-01  3.0000000e-03
   5.300e+01    4.2610120e-01  3.0000000e-03
   5.500e+01    4.3102220e-01  3.0000000e-03
   5.700e+01    4.4047370e-01  3.0000000e-03
   5.900e+01    4.4223360e-01  3.0000000e-03
   6.100e+01    4.4332670e-01  3.0000000e-03
   6.300e+01    4.4070040e-01  3.0000000e-03
   6.500e+01    4.3152420e-01  3.0000000e-03
   6.700e+01    4.3258970e-01  3.0000000e-03
   6.900e+01    4.4484040e-01  3.0000000e-03
   7.100e+01    4.5044940e-01  3.0000000e-03
   7.300e+01    4.5395120e-01  3.0000000e-03
   7.500e+01    4.5379020e-01  3.0000000e-03
   7.700e+01    4.5470330e-01  3.0000000e-03
   7.900e+01    4.5439190e-01  3.0000000e-03
   8.100e+01    4.5499790e-01  3.0000000e-03
   8.300e+01    4.5822970e-01  3.0000000e-03
   8.500e+01    4.5554820e-01  3.0000000e-03
   8.700e+01    4.5434490e-01  3.0000000e-03
   8.900e+01    4.5632980e-01  3.0000000e-03
   9.100e+01    4.5607710e-01  3.0000000e-03
   9.300e+01    4.5938350e-01  3.0000000e-03
   9.500e+01    4.5652610e-01  3.0000000e-03
   9.700e+01    4.5532290e-01  3.0000000e-03
   9.900e+01    4.5737630e-01  3.0000000e-03
   1.010e+02    4.5613990e-01  3.0000000e-03
   1.030e+02    4.5942840e-01  3.0000000e-03
   1.050e+02    4.6010900e-01  3.0000000e-03
   1.070e+02    4.5686090e-01  3.0000000e-03
   1.090e+02    4.5825540e-01  3.0000000e-03
   1.110e+02    4.5729580e-01  3.0000000e-03
   1.130e+02    4.5495910e-01  3.0000000e-03
   1.150e+02    4.5687140e-01  3.0000000e-03
   1.170e+02    4.5714830e-01  3.0000000e-03
   1.190e+02    4.5614580e-01  3.0000000e-03
   1.210e+02    4.5958030e-01  3.0000000e-03
   1.230e+02    4.5868980e-01  3.0000000e-03
   1.250e+02    4.6176330e-01  3.0000000e-03
