# Name:     A6N-HN
# y_ppm:  124.38915    0.00002
# yw_hz:   14.48904    0.03518
# y_eta:    0.00000    0.00000
# x_ppm:    9.22019    0.00002
# xw_hz:   20.91978    0.04251
# x_eta:    0.00000    0.00000
#---------------------------------------------
#          Z               I           I_err
    -20000.0    2.535243e+07    7.550000e+04
      -400.0    1.737823e+07    7.550000e+04
      -350.0    1.704383e+07    7.550000e+04
      -300.0    1.581908e+07    7.550000e+04
      -250.0    8.823834e+06    7.550000e+04
      -200.0    3.065160e+06    7.550000e+04
      -150.0    1.499109e+07    7.550000e+04
      -100.0    1.676895e+07    7.550000e+04
       -50.0    1.721528e+07    7.550000e+04
         0.0    1.763617e+07    7.550000e+04
        50.0    1.761298e+07    7.550000e+04
       100.0    1.766672e+07    7.550000e+04
       150.0    1.769472e+07    7.550000e+04
       200.0    1.769234e+07    7.550000e+04
       250.0    1.774768e+07    7.550000e+04
       300.0    1.763346e+07    7.550000e+04
       350.0    1.746153e+07    7.550000e+04
       400.0    1.737756e+07    7.550000e+04
