# Name:    E24N-HN
# y_ppm:  123.96128    0.00003
# yw_hz:   17.43608    0.05709
# y_eta:    0.00000    0.00000
# x_ppm:    8.25476    0.00003
# xw_hz:   18.30131    0.05972
# x_eta:    0.00000    0.00000
#---------------------------------------------
#          Z               I           I_err
    -20000.0    2.724130e+07    7.550000e+04
      -400.0    1.606219e+07    7.550000e+04
      -350.0    1.425696e+07    7.550000e+04
      -300.0    6.848496e+06    7.550000e+04
      -250.0    5.545667e+05    7.550000e+04
      -200.0    1.390789e+07    7.550000e+04
      -150.0    1.710034e+07    7.550000e+04
      -100.0    1.782412e+07    7.550000e+04
       -50.0    1.817583e+07    7.550000e+04
         0.0    1.812756e+07    7.550000e+04
        50.0    1.820553e+07    7.550000e+04
       100.0    1.783379e+07    7.550000e+04
       150.0    1.683371e+07    7.550000e+04
       200.0    1.043683e+07    7.550000e+04
       250.0    1.241548e+07    7.550000e+04
       300.0    1.570846e+07    7.550000e+04
       350.0    1.648520e+07    7.550000e+04
       400.0    1.606021e+07    7.550000e+04
