0.000e+00	5.4433360e+06	5.4433360e+04
4.000e+01	4.1701397e+06	4.1701397e+04
1.000e+00	3.9028719e+06	3.9028719e+04
3.600e+01	4.1505437e+06	4.1505437e+04
2.000e+00	3.9153916e+06	3.9153916e+04
3.200e+01	4.2060657e+06	4.2060657e+04
3.000e+00	3.9088596e+06	3.9088596e+04
3.000e+01	4.1793934e+06	4.1793934e+04
4.000e+00	3.9943200e+06	3.9943200e+04
2.800e+01	4.2278391e+06	4.2278391e+04
5.000e+00	3.9741796e+06	3.9741796e+04
2.600e+01	4.1685067e+06	4.1685067e+04
6.000e+00	4.0106500e+06	4.0106500e+04
2.400e+01	4.1913687e+06	4.1913687e+04
7.000e+00	4.0248026e+06	4.0248026e+04
2.200e+01	4.1603417e+06	4.1603417e+04
8.000e+00	4.0672607e+06	4.0672607e+04
2.000e+01	4.1434674e+06	4.1434674e+04
9.000e+00	4.0449430e+06	4.0449430e+04
1.800e+01	4.1238714e+06	4.1238714e+04
1.000e+01	4.0667163e+06	4.0667163e+04
1.600e+01	4.1287704e+06	4.1287704e+04
1.100e+01	4.0765143e+06	4.0765143e+04
1.400e+01	4.1467334e+06	4.1467334e+04
1.200e+01	4.1298590e+06	4.1298590e+04
1.000e+00	3.8223105e+06	3.8223105e+04
4.000e+01	4.1701397e+06	4.1701397e+04
2.000e+00	3.9398866e+06	3.9398866e+04
3.600e+01	4.1614304e+06	4.1614304e+04
