0.000e+00	3.1134900e+06	3.1134900e+04
4.000e+01	2.1707252e+06	2.1707252e+04
1.000e+00	1.9910769e+06	1.9910769e+04
3.600e+01	2.2295702e+06	2.2295702e+04
2.000e+00	1.9820477e+06	1.9820477e+04
3.200e+01	2.2314383e+06	2.2314383e+04
3.000e+00	2.0710935e+06	2.0710935e+04
3.000e+01	2.2669321e+06	2.2669321e+04
4.000e+00	2.1336747e+06	2.1336747e+04
2.800e+01	2.2049736e+06	2.2049736e+04
5.000e+00	2.1704139e+06	2.1704139e+04
2.600e+01	2.3042939e+06	2.3042939e+04
6.000e+00	2.1205980e+06	2.1205980e+04
2.400e+01	2.2603937e+06	2.2603937e+04
7.000e+00	2.2112006e+06	2.2112006e+04
2.200e+01	2.2569689e+06	2.2569689e+04
8.000e+00	2.2171162e+06	2.2171162e+04
2.000e+01	2.2311269e+06	2.2311269e+04
9.000e+00	2.1423925e+06	2.1423925e+04
1.800e+01	2.3257770e+06	2.3257770e+04
1.000e+01	2.2974443e+06	2.2974443e+04
1.600e+01	2.1816224e+06	2.1816224e+04
1.100e+01	2.1943878e+06	2.1943878e+04
1.400e+01	2.2136914e+06	2.2136914e+04
1.200e+01	2.2121346e+06	2.2121346e+04
1.000e+00	2.0206550e+06	2.0206550e+04
4.000e+01	2.1623188e+06	2.1623188e+04
2.000e+00	1.9045218e+06	1.9045218e+04
3.600e+01	2.2298815e+06	2.2298815e+04
