0.000e+00	4.1532940e+06	4.1532940e+04
4.000e+01	3.3317724e+06	3.3317724e+04
1.000e+00	2.9480081e+06	2.9480081e+04
3.600e+01	3.3334338e+06	3.3334338e+04
2.000e+00	2.9928637e+06	2.9928637e+04
3.200e+01	3.3471396e+06	3.3471396e+04
3.000e+00	3.0618083e+06	3.0618083e+04
3.000e+01	3.3255425e+06	3.3255425e+04
4.000e+00	3.0759295e+06	3.0759295e+04
2.800e+01	3.3164053e+06	3.3164053e+04
5.000e+00	3.0796675e+06	3.0796675e+04
2.600e+01	3.3014534e+06	3.3014534e+04
6.000e+00	3.0622237e+06	3.0622237e+04
2.400e+01	3.2806869e+06	3.2806869e+04
7.000e+00	3.0601470e+06	3.0601470e+04
2.200e+01	3.2927315e+06	3.2927315e+04
8.000e+00	3.0755142e+06	3.0755142e+04
2.000e+01	3.2898242e+06	3.2898242e+04
9.000e+00	3.1365676e+06	3.1365676e+04
1.800e+01	3.2565978e+06	3.2565978e+04
1.000e+01	3.1930524e+06	3.1930524e+04
1.600e+01	3.2757030e+06	3.2757030e+04
1.100e+01	3.1673020e+06	3.1673020e+04
1.400e+01	3.2026050e+06	3.2026050e+04
1.200e+01	3.1789312e+06	3.1789312e+04
1.000e+00	2.9849724e+06	2.9849724e+04
4.000e+01	3.3413250e+06	3.3413250e+04
2.000e+00	2.9928637e+06	2.9928637e+04
3.600e+01	3.3338491e+06	3.3338491e+04
