0.000e+00	7.1760570e+06	7.1760570e+04
4.000e+01	4.9378448e+06	4.9378448e+04
1.000e+00	3.9877349e+06	3.9877349e+04
3.600e+01	4.8510145e+06	4.8510145e+04
2.000e+00	4.0300736e+06	4.0300736e+04
3.200e+01	4.7663371e+06	4.7663371e+04
3.000e+00	4.0673891e+06	4.0673891e+04
3.000e+01	4.7311744e+06	4.7311744e+04
4.000e+00	4.0193095e+06	4.0193095e+04
2.800e+01	4.6558258e+06	4.6558258e+04
5.000e+00	4.1082926e+06	4.1082926e+04
2.600e+01	4.5560786e+06	4.5560786e+04
6.000e+00	4.0953757e+06	4.0953757e+04
2.400e+01	4.4592018e+06	4.4592018e+04
7.000e+00	4.0322264e+06	4.0322264e+04
2.200e+01	4.3903117e+06	4.3903117e+04
8.000e+00	4.0099807e+06	4.0099807e+04
2.000e+01	4.2754948e+06	4.2754948e+04
9.000e+00	4.0444257e+06	4.0444257e+04
1.800e+01	4.1578074e+06	4.1578074e+04
1.000e+01	4.0408377e+06	4.0408377e+04
1.600e+01	4.0860469e+06	4.0860469e+04
1.100e+01	4.0365321e+06	4.0365321e+04
1.400e+01	4.0372497e+06	4.0372497e+04
1.200e+01	4.0458609e+06	4.0458609e+04
1.000e+00	3.9597483e+06	3.9597483e+04
4.000e+01	4.9428681e+06	4.9428681e+04
2.000e+00	3.9812764e+06	3.9812764e+04
3.600e+01	4.8337920e+06	4.8337920e+04
