0.000e+00	3.4381580e+06	3.4381580e+04
4.000e+01	8.5369463e+05	1.1960680e+04
1.000e+00	6.2127515e+05	1.1960680e+04
3.600e+01	8.5850805e+05	1.1960680e+04
2.000e+00	6.0339673e+05	1.1960680e+04
3.200e+01	8.1656252e+05	1.1960680e+04
3.000e+00	6.1164831e+05	1.1960680e+04
3.000e+01	8.1931305e+05	1.1960680e+04
4.000e+00	6.5840726e+05	1.1960680e+04
2.800e+01	7.7667989e+05	1.1960680e+04
5.000e+00	6.1955607e+05	1.1960680e+04
2.600e+01	7.8596292e+05	1.1960680e+04
6.000e+00	6.1611791e+05	1.1960680e+04
2.400e+01	7.6395871e+05	1.1960680e+04
7.000e+00	6.1096068e+05	1.1960680e+04
2.200e+01	7.5123752e+05	1.1960680e+04
8.000e+00	6.3124581e+05	1.1960680e+04
2.000e+01	7.6120818e+05	1.1960680e+04
9.000e+00	6.4431081e+05	1.1960680e+04
1.800e+01	7.3301529e+05	1.1960680e+04
1.000e+01	6.7215989e+05	1.1960680e+04
1.600e+01	7.1341778e+05	1.1960680e+04
1.100e+01	6.6631502e+05	1.1960680e+04
1.400e+01	7.0207186e+05	1.1960680e+04
1.200e+01	6.6597120e+05	1.1960680e+04
1.000e+00	5.9755186e+05	1.1960680e+04
4.000e+01	8.6641582e+05	1.1960680e+04
2.000e+00	6.3640305e+05	1.1960680e+04
3.600e+01	8.4647450e+05	1.1960680e+04
