#
#       Peak Name  Overlap_group
#         126N-HN             -1
#
# Input frequencies:
#     Omega1    Omega2    Omega3
#      0.000   120.667     6.773
#
# --------- Results of the fit -------------
#
# Parameter        Value           Esd      
# f01(ppm)      1.2066793e+02  1.2650293e-04 
# w1(Hz)        1.0576213e+01  1.9192959e-02 
# g1            7.0353473e-01  6.8940230e-03 
# f02(ppm)      6.7724332e+00  2.5578885e-05 
# w2(Hz)        2.0942003e+01  3.9172030e-02 
# g2            6.4806895e-01  6.8735163e-03 
############################################
#       ncyc        Intensity      Esd(Int.)
   0.000e+00    7.0397589e+04  2.9175878e+02
   2.400e+01    5.4731432e+04  2.6210857e+02
   2.000e+00    5.4248921e+04  2.6126239e+02
   2.000e+01    5.4032420e+04  2.6089002e+02
   4.000e+00    5.4238070e+04  2.6124623e+02
   1.800e+01    5.4299529e+04  2.6135306e+02
   6.000e+00    5.3791456e+04  2.6047918e+02
   1.600e+01    5.4342461e+04  2.6142725e+02
   8.000e+00    5.4205109e+04  2.6119504e+02
   1.400e+01    5.4103164e+04  2.6101765e+02
   1.000e+01    5.3656995e+04  2.6024611e+02
   1.200e+01    5.4279460e+04  2.6132513e+02
   2.000e+00    5.3494490e+04  2.5996280e+02
   8.000e+00    5.4015104e+04  2.6086452e+02
   1.600e+01    5.4364509e+04  2.6147243e+02
