#
#       Peak Name  Overlap_group
#         140N-HN             -1
#
# Input frequencies:
#     Omega1    Omega2    Omega3
#      0.000   112.402     7.026
#
# --------- Results of the fit -------------
#
# Parameter        Value           Esd      
# f01(ppm)      1.1240570e+02  1.9949684e-04 
# w1(Hz)        1.2540119e+01  2.9090580e-02 
# g1            9.2494739e-01  1.1324460e-02 
# f02(ppm)      7.0270589e+00  4.2413868e-05 
# w2(Hz)        2.5534569e+01  6.6088564e-02 
# g2            6.7678321e-01  1.0413852e-02 
############################################
#       ncyc        Intensity      Esd(Int.)
   0.000e+00    4.6860522e+04  2.7075578e+02
   2.400e+01    3.4243301e+04  2.2963794e+02
   2.000e+00    2.9543878e+04  2.1612471e+02
   2.000e+01    3.3742860e+04  2.2812307e+02
   4.000e+00    2.9539016e+04  2.1610401e+02
   1.800e+01    3.3943219e+04  2.2874042e+02
   6.000e+00    3.0333579e+04  2.1831231e+02
   1.600e+01    3.3344158e+04  2.2695408e+02
   8.000e+00    3.0855981e+04  2.1978066e+02
   1.400e+01    3.2888669e+04  2.2562433e+02
   1.000e+01    3.1954840e+04  2.2290860e+02
   1.200e+01    3.2301228e+04  2.2391449e+02
   2.000e+00    2.9469461e+04  2.1593077e+02
   8.000e+00    3.0826460e+04  2.1969786e+02
   1.600e+01    3.2844874e+04  2.2549561e+02
