#
#       Peak Name  Overlap_group
#         146N-HN             -1
#
# Input frequencies:
#     Omega1    Omega2    Omega3
#      0.000   120.264     8.380
#
# --------- Results of the fit -------------
#
# Parameter        Value           Esd      
# f01(ppm)      1.2026492e+02  2.2576806e-04 
# w1(Hz)        1.2433297e+01  3.3133198e-02 
# g1            9.0082867e-01  1.2753829e-02 
# f02(ppm)      8.3802056e+00  5.7313097e-05 
# w2(Hz)        2.7702705e+01  1.0796707e-01 
# g2            1.4874675e-01  8.8442103e-03 
############################################
#       ncyc        Intensity      Esd(Int.)
   0.000e+00    5.8202382e+04  3.7149640e+02
   2.400e+01    4.2637549e+04  3.2366542e+02
   2.000e+00    4.2721024e+04  3.2389739e+02
   2.000e+01    4.2625252e+04  3.2361306e+02
   4.000e+00    4.2289015e+04  3.2268949e+02
   1.800e+01    4.2852038e+04  3.2425919e+02
   6.000e+00    4.2442183e+04  3.2311014e+02
   1.600e+01    4.2785367e+04  3.2407957e+02
   8.000e+00    4.2657823e+04  3.2371910e+02
   1.400e+01    4.2967626e+04  3.2458532e+02
   1.000e+01    4.2672627e+04  3.2375609e+02
   1.200e+01    4.2918212e+04  3.2444515e+02
   2.000e+00    4.2904210e+04  3.2439856e+02
   8.000e+00    4.2708784e+04  3.2385513e+02
   1.600e+01    4.2355798e+04  3.2288679e+02
