#
#       Peak Name  Overlap_group
#          27N-HN             -1
#
# Input frequencies:
#     Omega1    Omega2    Omega3
#      0.000   121.723     8.758
#
# --------- Results of the fit -------------
#
# Parameter        Value           Esd      
# f01(ppm)      1.2172152e+02  1.8056022e-04 
# w1(Hz)        9.9278480e+00  2.7040767e-02 
# g1            7.3605730e-01  1.0620275e-02 
# f02(ppm)      8.7583331e+00  4.3902905e-05 
# w2(Hz)        2.2701614e+01  7.3343329e-02 
# g2            4.0436814e-01  9.2771546e-03 
############################################
#       ncyc        Intensity      Esd(Int.)
   0.000e+00    8.1973175e+04  4.9358230e+02
   2.400e+01    5.9376152e+04  4.3208430e+02
   2.000e+00    5.9585925e+04  4.3256779e+02
   2.000e+01    5.9088371e+04  4.3137777e+02
   4.000e+00    6.0023401e+04  4.3366468e+02
   1.800e+01    5.9304672e+04  4.3190092e+02
   6.000e+00    5.9630072e+04  4.3268773e+02
   1.600e+01    5.8927073e+04  4.3096451e+02
   8.000e+00    5.9804783e+04  4.3315214e+02
   1.400e+01    5.9214895e+04  4.3167253e+02
   1.000e+01    5.9857508e+04  4.3324612e+02
   1.200e+01    5.9288689e+04  4.3187197e+02
   2.000e+00    5.9474051e+04  4.3232777e+02
   8.000e+00    5.9158084e+04  4.3153777e+02
   1.600e+01    5.9381041e+04  4.3210630e+02
