#
#       Peak Name  Overlap_group
#          31N-HN              8
#
# Input frequencies:
#     Omega1    Omega2    Omega3
#      0.000   116.576     8.205
#
# --------- Results of the fit -------------
#
# Parameter        Value           Esd      
# f01(ppm)      1.1660643e+02  2.5995607e-04 
# w1(Hz)        1.0838281e+01  2.4480144e-02 
# g1            8.3705526e-01  7.8782945e-03 
# f02(ppm)      8.1999307e+00  6.3584659e-05 
# w2(Hz)        2.3802797e+01  6.4586839e-02 
# g2            5.5916079e-01  7.1696593e-03 
############################################
#       ncyc        Intensity      Esd(Int.)
   0.000e+00    9.1448361e+04  5.6326095e+02
   2.400e+01    6.8653939e+04  4.5911575e+02
   2.000e+00    6.7598489e+04  4.5645807e+02
   2.000e+01    6.8381189e+04  4.5787953e+02
   4.000e+00    6.7935563e+04  4.5811200e+02
   1.800e+01    6.8586107e+04  4.5874176e+02
   6.000e+00    6.8021475e+04  4.5771079e+02
   1.600e+01    6.8216247e+04  4.5801949e+02
   8.000e+00    6.7836923e+04  4.5663717e+02
   1.400e+01    6.8156219e+04  4.5789257e+02
   1.000e+01    6.8079813e+04  4.5749756e+02
   1.200e+01    6.7699598e+04  4.5661048e+02
   2.000e+00    6.7077297e+04  4.5485311e+02
   8.000e+00    6.8119616e+04  4.5800953e+02
   1.600e+01    6.7542773e+04  4.5601539e+02
