#
#       Peak Name  Overlap_group
#          46N-HN             -1
#
# Input frequencies:
#     Omega1    Omega2    Omega3
#      0.000   123.924     8.251
#
# --------- Results of the fit -------------
#
# Parameter        Value           Esd      
# f01(ppm)      1.2392610e+02  1.0611698e-04 
# w1(Hz)        1.0184681e+01  1.6231949e-02 
# g1            6.6213268e-01  5.7755948e-03 
# f02(ppm)      8.2509985e+00  2.4465588e-05 
# w2(Hz)        2.2491245e+01  3.9962422e-02 
# g2            4.6218516e-01  5.4444810e-03 
############################################
#       ncyc        Intensity      Esd(Int.)
   0.000e+00    7.3679389e+04  2.5379980e+02
   2.400e+01    5.4752223e+04  2.2486908e+02
   2.000e+00    5.4953933e+04  2.2515223e+02
   2.000e+01    5.4470163e+04  2.2447768e+02
   4.000e+00    5.4303219e+04  2.2424329e+02
   1.800e+01    5.4317798e+04  2.2426500e+02
   6.000e+00    5.4399047e+04  2.2438150e+02
   1.600e+01    5.4224216e+04  2.2413492e+02
   8.000e+00    5.4908136e+04  2.2508681e+02
   1.400e+01    5.4982880e+04  2.2518588e+02
   1.000e+01    5.4917832e+04  2.2509391e+02
   1.200e+01    5.4550158e+04  2.2459042e+02
   2.000e+00    5.4535185e+04  2.2456781e+02
   8.000e+00    5.4413464e+04  2.2439754e+02
   1.600e+01    5.4446091e+04  2.2444251e+02
