#
#       Peak Name  Overlap_group
#          51N-HN             -1
#
# Input frequencies:
#     Omega1    Omega2    Omega3
#      0.000   110.189     8.277
#
# --------- Results of the fit -------------
#
# Parameter        Value           Esd      
# f01(ppm)      1.1019048e+02  7.6589901e-05 
# w1(Hz)        9.6307124e+00  1.1150497e-02 
# g1            8.3769358e-01  4.9499381e-03 
# f02(ppm)      8.2764528e+00  2.0304819e-05 
# w2(Hz)        2.4454511e+01  3.1886865e-02 
# g2            6.1456829e-01  4.8382861e-03 
############################################
#       ncyc        Intensity      Esd(Int.)
   0.000e+00    6.6623771e+04  1.8896490e+02
   2.400e+01    5.0152748e+04  1.6642751e+02
   2.000e+00    5.0252325e+04  1.6654249e+02
   2.000e+01    5.0770217e+04  1.6720805e+02
   4.000e+00    5.0139573e+04  1.6641409e+02
   1.800e+01    5.0151014e+04  1.6642275e+02
   6.000e+00    4.9908290e+04  1.6612479e+02
   1.600e+01    5.0368554e+04  1.6669392e+02
   8.000e+00    5.0225479e+04  1.6650575e+02
   1.400e+01    5.0281272e+04  1.6658283e+02
   1.000e+01    5.0065731e+04  1.6631324e+02
   1.200e+01    5.0308028e+04  1.6661927e+02
   2.000e+00    5.0282463e+04  1.6659182e+02
   8.000e+00    4.9668372e+04  1.6580306e+02
   1.600e+01    5.0417561e+04  1.6674636e+02
