#
#       Peak Name  Overlap_group
#          56N-HN             -1
#
# Input frequencies:
#     Omega1    Omega2    Omega3
#      0.000   128.561     8.574
#
# --------- Results of the fit -------------
#
# Parameter        Value           Esd      
# f01(ppm)      1.2861264e+02  1.0325643e-04 
# w1(Hz)        9.6933881e+00  1.5407277e-02 
# g1            7.5082223e-01  6.2817419e-03 
# f02(ppm)      8.5752167e+00  2.7475814e-05 
# w2(Hz)        2.4716410e+01  4.4368236e-02 
# g2            5.2947893e-01  6.1455777e-03 
############################################
#       ncyc        Intensity      Esd(Int.)
   0.000e+00   -6.6766102e+04  2.4251385e+02
   2.400e+01   -4.8489480e+04  2.1057478e+02
   2.000e+00   -4.8429905e+04  2.1048076e+02
   2.000e+01   -4.8865061e+04  2.1116993e+02
   4.000e+00   -4.7955322e+04  2.0972224e+02
   1.800e+01   -4.8205156e+04  2.1012742e+02
   6.000e+00   -4.8864876e+04  2.1115717e+02
   1.600e+01   -4.8441894e+04  2.1048858e+02
   8.000e+00   -4.8444877e+04  2.1050257e+02
   1.400e+01   -4.8033081e+04  2.0983929e+02
   1.000e+01   -4.8092701e+04  2.0994364e+02
   1.200e+01   -4.8339111e+04  2.1032816e+02
   2.000e+00   -4.7998981e+04  2.0979553e+02
   8.000e+00   -4.7911393e+04  2.0966146e+02
   1.600e+01   -4.8310475e+04  2.1028703e+02
