0.000e+00	6.9087320e+06	6.9087320e+04
4.000e+01	5.3238689e+06	5.3238689e+04
1.000e+00	4.9038180e+06	4.9038180e+04
3.600e+01	5.2644538e+06	5.2644538e+04
2.000e+00	4.9045088e+06	4.9045088e+04
3.200e+01	5.2609994e+06	5.2609994e+04
3.000e+00	4.9963950e+06	4.9963950e+04
3.000e+01	5.2257649e+06	5.2257649e+04
4.000e+00	5.0122851e+06	5.0122851e+04
2.800e+01	5.2499454e+06	5.2499454e+04
5.000e+00	5.1290426e+06	5.1290426e+04
2.600e+01	5.2761986e+06	5.2761986e+04
6.000e+00	5.1297335e+06	5.1297335e+04
2.400e+01	5.3065970e+06	5.3065970e+04
7.000e+00	5.1615137e+06	5.1615137e+04
2.200e+01	5.2554724e+06	5.2554724e+04
8.000e+00	5.2319827e+06	5.2319827e+04
2.000e+01	5.3646304e+06	5.3646304e+04
9.000e+00	5.2084931e+06	5.2084931e+04
1.800e+01	5.2976157e+06	5.2976157e+04
1.000e+01	5.1877669e+06	5.1877669e+04
1.600e+01	5.3148875e+06	5.3148875e+04
1.100e+01	5.3169601e+06	5.3169601e+04
1.400e+01	5.2665264e+06	5.2665264e+04
1.200e+01	5.2409641e+06	5.2409641e+04
1.000e+00	4.9314529e+06	4.9314529e+04
4.000e+01	5.2181653e+06	5.2181653e+04
2.000e+00	4.8996727e+06	4.8996727e+04
3.600e+01	5.2506363e+06	5.2506363e+04
