0.000e+00	6.4823180e+06	6.4823180e+04
4.000e+01	4.1084931e+06	4.1084931e+04
1.000e+00	3.4602613e+06	3.4602613e+04
3.600e+01	4.0585793e+06	4.0585793e+04
2.000e+00	3.6151887e+06	3.6151887e+04
3.200e+01	3.9840326e+06	3.9840326e+04
3.000e+00	3.5490691e+06	3.5490691e+04
3.000e+01	3.9159683e+06	3.9159683e+04
4.000e+00	3.5944453e+06	3.5944453e+04
2.800e+01	3.8589239e+06	3.8589239e+04
5.000e+00	3.4291462e+06	3.4291462e+04
2.600e+01	3.9775503e+06	3.9775503e+04
6.000e+00	3.6100029e+06	3.6100029e+04
2.400e+01	3.9924597e+06	3.9924597e+04
7.000e+00	3.5996312e+06	3.5996312e+04
2.200e+01	3.8867979e+06	3.8867979e+04
8.000e+00	3.7072377e+06	3.7072377e+04
2.000e+01	3.8498487e+06	3.8498487e+04
9.000e+00	3.5296222e+06	3.5296222e+04
1.800e+01	3.7817843e+06	3.7817843e+04
1.000e+01	3.5931489e+06	3.5931489e+04
1.600e+01	3.8952249e+06	3.8952249e+04
1.100e+01	3.6437109e+06	3.6437109e+04
1.400e+01	3.7286293e+06	3.7286293e+04
1.200e+01	3.5724054e+06	3.5724054e+04
1.000e+00	3.4680401e+06	3.4680401e+04
4.000e+01	4.0605240e+06	4.0605240e+04
2.000e+00	3.5607373e+06	3.5607373e+04
3.600e+01	4.0475594e+06	4.0475594e+04
