0.000e+00	1.8817120e+07	1.8817120e+05
4.000e+01	1.2492686e+07	1.2492686e+05
1.000e+00	1.1630862e+07	1.1630862e+05
3.600e+01	1.2436235e+07	1.2436235e+05
2.000e+00	1.1948871e+07	1.1948871e+05
3.200e+01	1.2400482e+07	1.2400482e+05
3.000e+00	1.2037312e+07	1.2037312e+05
3.000e+01	1.2503976e+07	1.2503976e+05
4.000e+00	1.2129516e+07	1.2129516e+05
2.800e+01	1.2464460e+07	1.2464460e+05
5.000e+00	1.2219838e+07	1.2219838e+05
2.600e+01	1.2470105e+07	1.2470105e+05
6.000e+00	1.2208547e+07	1.2208547e+05
2.400e+01	1.2485159e+07	1.2485159e+05
7.000e+00	1.2210429e+07	1.2210429e+05
2.200e+01	1.2458815e+07	1.2458815e+05
8.000e+00	1.2244300e+07	1.2244300e+05
2.000e+01	1.2398600e+07	1.2398600e+05
9.000e+00	1.2227365e+07	1.2227365e+05
1.800e+01	1.2374138e+07	1.2374138e+05
1.000e+01	1.2197257e+07	1.2197257e+05
1.600e+01	1.2400482e+07	1.2400482e+05
1.100e+01	1.2394837e+07	1.2394837e+05
1.400e+01	1.2338386e+07	1.2338386e+05
1.200e+01	1.2313923e+07	1.2313923e+05
1.000e+00	1.1589464e+07	1.1589464e+05
4.000e+01	1.2498331e+07	1.2498331e+05
2.000e+00	1.1939463e+07	1.1939463e+05
3.600e+01	1.2520912e+07	1.2520912e+05
