0.000e+00	1.5195820e+06	2.4461700e+04
4.000e+01	1.0988097e+06	2.4461700e+04
1.000e+00	9.9882125e+05	2.4461700e+04
3.600e+01	1.0640113e+06	2.4461700e+04
2.000e+00	1.0407617e+06	2.4461700e+04
3.200e+01	1.0915158e+06	2.4461700e+04
3.000e+00	1.0428891e+06	2.4461700e+04
3.000e+01	1.1045842e+06	2.4461700e+04
4.000e+00	9.5444945e+05	2.4461700e+04
2.800e+01	1.0577810e+06	2.4461700e+04
5.000e+00	9.7982647e+05	2.4461700e+04
2.600e+01	1.0652270e+06	2.4461700e+04
6.000e+00	9.7906668e+05	2.4461700e+04
2.400e+01	1.0722171e+06	2.4461700e+04
7.000e+00	1.0041398e+06	2.4461700e+04
2.200e+01	1.0685701e+06	2.4461700e+04
8.000e+00	1.0694818e+06	2.4461700e+04
2.000e+01	1.0494233e+06	2.4461700e+04
9.000e+00	1.0418254e+06	2.4461700e+04
1.800e+01	1.0234385e+06	2.4461700e+04
1.000e+01	1.0618839e+06	2.4461700e+04
1.600e+01	1.0167523e+06	2.4461700e+04
1.100e+01	1.0339236e+06	2.4461700e+04
1.400e+01	1.0009487e+06	2.4461700e+04
1.200e+01	9.9745362e+05	2.4461700e+04
1.000e+00	9.9730167e+05	2.4461700e+04
4.000e+01	1.1571617e+06	2.4461700e+04
2.000e+00	1.0178160e+06	2.4461700e+04
3.600e+01	1.1301131e+06	2.4461700e+04
