#Offset (Hz)        Intensity    Uncertainty
  -1.200e+04    9.6653620e+04  3.5855020e+02
  -1.100e+03    2.5294252e+04  3.5855020e+02
  -1.090e+03    2.5555217e+04  3.5855020e+02
  -1.080e+03    2.6782718e+04  3.5855020e+02
  -1.070e+03    2.6405769e+04  3.5855020e+02
  -1.060e+03    2.6666734e+04  3.5855020e+02
  -1.050e+03    2.6415434e+04  3.5855020e+02
  -1.040e+03    2.5825847e+04  3.5855020e+02
  -1.030e+03    2.5883839e+04  3.5855020e+02
  -1.020e+03    2.6096477e+04  3.5855020e+02
  -1.010e+03    2.5516556e+04  3.5855020e+02
  -1.000e+03    2.6686064e+04  3.5855020e+02
  -9.900e+02    2.6154470e+04  3.5855020e+02
  -9.800e+02    2.5835513e+04  3.5855020e+02
  -9.700e+02    2.5825847e+04  3.5855020e+02
  -9.600e+02    2.6144804e+04  3.5855020e+02
  -9.500e+02    2.6338111e+04  3.5855020e+02
  -9.400e+02    2.6734391e+04  3.5855020e+02
  -9.300e+02    2.6502423e+04  3.5855020e+02
  -9.200e+02    2.6898702e+04  3.5855020e+02
  -9.100e+02    2.6154470e+04  3.5855020e+02
  -9.000e+02    2.5642205e+04  3.5855020e+02
  -8.900e+02    2.6434765e+04  3.5855020e+02
  -8.800e+02    2.6193131e+04  3.5855020e+02
  -8.700e+02    2.5458564e+04  3.5855020e+02
  -8.600e+02    2.6154470e+04  3.5855020e+02
  -8.500e+02    2.6222127e+04  3.5855020e+02
  -8.400e+02    2.6628072e+04  3.5855020e+02
  -8.300e+02    2.6164135e+04  3.5855020e+02
  -8.200e+02    2.7005021e+04  3.5855020e+02
  -8.100e+02    2.6686064e+04  3.5855020e+02
  -8.000e+02    2.6251123e+04  3.5855020e+02
  -7.900e+02    2.6048151e+04  3.5855020e+02
  -7.800e+02    2.6028820e+04  3.5855020e+02
  -7.700e+02    2.6125473e+04  3.5855020e+02
  -7.600e+02    2.6115808e+04  3.5855020e+02
  -7.500e+02    2.5845178e+04  3.5855020e+02
  -7.400e+02    2.6222127e+04  3.5855020e+02
  -7.300e+02    2.6570080e+04  3.5855020e+02
  -7.200e+02    2.5941832e+04  3.5855020e+02
  -7.100e+02    2.5303918e+04  3.5855020e+02
  -7.000e+02    2.6028820e+04  3.5855020e+02
  -6.900e+02    2.6125473e+04  3.5855020e+02
  -6.800e+02    2.5816182e+04  3.5855020e+02
  -6.700e+02    2.6715061e+04  3.5855020e+02
  -6.600e+02    2.5545552e+04  3.5855020e+02
  -6.500e+02    2.5893505e+04  3.5855020e+02
  -6.400e+02    2.6115808e+04  3.5855020e+02
  -6.300e+02    2.5951497e+04  3.5855020e+02
  -6.200e+02    2.6038485e+04  3.5855020e+02
  -6.100e+02    2.6405769e+04  3.5855020e+02
  -6.000e+02    2.5690532e+04  3.5855020e+02
  -5.900e+02    2.6067481e+04  3.5855020e+02
  -5.800e+02    2.6309115e+04  3.5855020e+02
  -5.700e+02    2.6521753e+04  3.5855020e+02
  -5.600e+02    2.5874174e+04  3.5855020e+02
  -5.500e+02    2.6695730e+04  3.5855020e+02
  -5.400e+02    2.6850376e+04  3.5855020e+02
  -5.300e+02    2.6502423e+04  3.5855020e+02
  -5.200e+02    2.6067481e+04  3.5855020e+02
  -5.100e+02    2.5787186e+04  3.5855020e+02
  -5.000e+02    2.5593879e+04  3.5855020e+02
  -4.900e+02    2.5980493e+04  3.5855020e+02
  -4.800e+02    2.6811714e+04  3.5855020e+02
  -4.700e+02    2.5661536e+04  3.5855020e+02
  -4.600e+02    2.5052618e+04  3.5855020e+02
  -4.500e+02    2.7072679e+04  3.5855020e+02
  -4.400e+02    2.5506890e+04  3.5855020e+02
  -4.300e+02    2.5922501e+04  3.5855020e+02
  -4.200e+02    2.6483092e+04  3.5855020e+02
  -4.100e+02    2.6686064e+04  3.5855020e+02
  -4.000e+02    2.6705395e+04  3.5855020e+02
  -3.900e+02    2.6193131e+04  3.5855020e+02
  -3.800e+02    2.5796851e+04  3.5855020e+02
  -3.700e+02    2.4704665e+04  3.5855020e+02
  -3.600e+02    2.7053348e+04  3.5855020e+02
  -3.500e+02    2.5584213e+04  3.5855020e+02
  -3.400e+02    2.5487560e+04  3.5855020e+02
  -3.300e+02    2.5845178e+04  3.5855020e+02
  -3.200e+02    2.5236260e+04  3.5855020e+02
  -3.100e+02    2.5690532e+04  3.5855020e+02
  -3.000e+02    2.5526221e+04  3.5855020e+02
  -2.900e+02    2.6173800e+04  3.5855020e+02
  -2.800e+02    2.5226595e+04  3.5855020e+02
  -2.700e+02    2.4897973e+04  3.5855020e+02
  -2.600e+02    2.5758190e+04  3.5855020e+02
  -2.500e+02    2.5980493e+04  3.5855020e+02
  -2.400e+02    2.5526221e+04  3.5855020e+02
  -2.300e+02    2.6077147e+04  3.5855020e+02
  -2.200e+02    2.5033288e+04  3.5855020e+02
  -2.100e+02    2.6309115e+04  3.5855020e+02
  -2.000e+02    2.5845178e+04  3.5855020e+02
  -1.900e+02    2.5709863e+04  3.5855020e+02
  -1.800e+02    2.5226595e+04  3.5855020e+02
  -1.700e+02    2.5139607e+04  3.5855020e+02
  -1.600e+02    2.5236260e+04  3.5855020e+02
  -1.500e+02    2.4839980e+04  3.5855020e+02
  -1.400e+02    2.4994626e+04  3.5855020e+02
  -1.300e+02    2.5216929e+04  3.5855020e+02
  -1.200e+02    2.4830315e+04  3.5855020e+02
  -1.100e+02    2.4714331e+04  3.5855020e+02
  -1.000e+02    2.5661536e+04  3.5855020e+02
  -9.000e+01    2.4028090e+04  3.5855020e+02
  -8.000e+01    2.4202066e+04  3.5855020e+02
  -7.000e+01    2.3264526e+04  3.5855020e+02
  -6.000e+01    2.2558955e+04  3.5855020e+02
  -5.000e+01    2.2162675e+04  3.5855020e+02
  -4.000e+01    2.0258599e+04  3.5855020e+02
  -3.000e+01    1.8982771e+04  3.5855020e+02
  -2.000e+01    1.3976113e+04  3.5855020e+02
  -1.000e+01    9.1144364e+03  3.5855020e+02
   0.000e+00    5.2192955e+03  3.5855020e+02
   1.000e+01    4.1561057e+02  3.5855020e+02
   2.000e+01    1.8364188e+02  3.5855020e+02
   3.000e+01    2.0490567e+03  3.5855020e+02
   4.000e+01    6.5531154e+03  3.5855020e+02
   5.000e+01    1.1405127e+04  3.5855020e+02
   6.000e+01    1.5251941e+04  3.5855020e+02
   7.000e+01    1.6266804e+04  3.5855020e+02
   8.000e+01    1.7919581e+04  3.5855020e+02
   9.000e+01    1.7648951e+04  3.5855020e+02
   1.000e+02    1.8702475e+04  3.5855020e+02
   1.100e+02    1.9098755e+04  3.5855020e+02
   1.200e+02    1.9427378e+04  3.5855020e+02
   1.300e+02    2.2433305e+04  3.5855020e+02
   1.400e+02    2.3448168e+04  3.5855020e+02
   1.500e+02    2.3390176e+04  3.5855020e+02
   1.600e+02    2.3796121e+04  3.5855020e+02
   1.700e+02    2.3332184e+04  3.5855020e+02
   1.800e+02    2.4666004e+04  3.5855020e+02
   1.900e+02    2.3718798e+04  3.5855020e+02
   2.000e+02    2.5158937e+04  3.5855020e+02
   2.100e+02    2.3931436e+04  3.5855020e+02
   2.200e+02    2.4608012e+04  3.5855020e+02
   2.300e+02    2.5816182e+04  3.5855020e+02
   2.400e+02    2.5110610e+04  3.5855020e+02
   2.500e+02    2.5555217e+04  3.5855020e+02
   2.600e+02    2.5912836e+04  3.5855020e+02
   2.700e+02    2.4994626e+04  3.5855020e+02
   2.800e+02    2.5564882e+04  3.5855020e+02
   2.900e+02    2.4695000e+04  3.5855020e+02
   3.000e+02    2.4926969e+04  3.5855020e+02
   3.100e+02    2.5381241e+04  3.5855020e+02
   3.200e+02    2.5680867e+04  3.5855020e+02
   3.300e+02    2.5236260e+04  3.5855020e+02
   3.400e+02    2.4810984e+04  3.5855020e+02
   3.500e+02    2.5458564e+04  3.5855020e+02
   3.600e+02    2.3950767e+04  3.5855020e+02
   3.700e+02    2.5526221e+04  3.5855020e+02
   3.800e+02    2.4801319e+04  3.5855020e+02
   3.900e+02    2.3941102e+04  3.5855020e+02
   4.000e+02    2.4443700e+04  3.5855020e+02
   4.100e+02    2.4888307e+04  3.5855020e+02
   4.200e+02    2.4395374e+04  3.5855020e+02
   4.300e+02    2.4221397e+04  3.5855020e+02
   4.400e+02    2.2974565e+04  3.5855020e+02
   4.500e+02    2.2761928e+04  3.5855020e+02
   4.600e+02    2.1292792e+04  3.5855020e+02
   4.700e+02    2.0248933e+04  3.5855020e+02
   4.800e+02    1.7832593e+04  3.5855020e+02
   4.900e+02    1.5841528e+04  3.5855020e+02
   5.000e+02    1.2052706e+04  3.5855020e+02
   5.100e+02    1.2506978e+04  3.5855020e+02
   5.200e+02    1.4498043e+04  3.5855020e+02
   5.300e+02    1.6547100e+04  3.5855020e+02
   5.400e+02    2.0065292e+04  3.5855020e+02
   5.500e+02    2.1341119e+04  3.5855020e+02
   5.600e+02    2.2365648e+04  3.5855020e+02
   5.700e+02    2.3593149e+04  3.5855020e+02
   5.800e+02    2.3119546e+04  3.5855020e+02
   5.900e+02    2.3129211e+04  3.5855020e+02
   6.000e+02    2.3660806e+04  3.5855020e+02
   6.100e+02    2.3805787e+04  3.5855020e+02
   6.200e+02    2.3796121e+04  3.5855020e+02
   6.300e+02    2.4637008e+04  3.5855020e+02
   6.400e+02    2.5216929e+04  3.5855020e+02
   6.500e+02    2.5748524e+04  3.5855020e+02
   6.600e+02    2.5062284e+04  3.5855020e+02
   6.700e+02    2.5632540e+04  3.5855020e+02
   6.800e+02    2.6173800e+04  3.5855020e+02
   6.900e+02    2.6231792e+04  3.5855020e+02
   7.000e+02    2.6376773e+04  3.5855020e+02
   7.100e+02    2.5497225e+04  3.5855020e+02
   7.200e+02    2.5893505e+04  3.5855020e+02
   7.300e+02    2.5806517e+04  3.5855020e+02
   7.400e+02    2.5352245e+04  3.5855020e+02
   7.500e+02    2.5671201e+04  3.5855020e+02
   7.600e+02    2.6802049e+04  3.5855020e+02
   7.700e+02    2.5874174e+04  3.5855020e+02
   7.800e+02    2.6618407e+04  3.5855020e+02
   7.900e+02    2.6579746e+04  3.5855020e+02
   8.000e+02    2.5400571e+04  3.5855020e+02
   8.100e+02    2.6154470e+04  3.5855020e+02
   8.200e+02    2.6628072e+04  3.5855020e+02
   8.300e+02    2.5903170e+04  3.5855020e+02
   8.400e+02    2.5922501e+04  3.5855020e+02
   8.500e+02    2.5091280e+04  3.5855020e+02
   8.600e+02    2.5690532e+04  3.5855020e+02
   8.700e+02    2.5883839e+04  3.5855020e+02
   8.800e+02    2.5893505e+04  3.5855020e+02
   8.900e+02    2.6057816e+04  3.5855020e+02
   9.000e+02    2.6077147e+04  3.5855020e+02
   9.100e+02    2.5806517e+04  3.5855020e+02
   9.200e+02    2.6154470e+04  3.5855020e+02
   9.300e+02    2.5854843e+04  3.5855020e+02
   9.400e+02    2.4492027e+04  3.5855020e+02
   9.500e+02    2.5729194e+04  3.5855020e+02
   9.600e+02    2.6251123e+04  3.5855020e+02
   9.700e+02    2.6570080e+04  3.5855020e+02
   9.800e+02    2.5323248e+04  3.5855020e+02
   9.900e+02    2.5845178e+04  3.5855020e+02
   1.000e+03    2.5487560e+04  3.5855020e+02
   1.010e+03    2.5410237e+04  3.5855020e+02
   1.020e+03    2.5613209e+04  3.5855020e+02
   1.030e+03    2.6183466e+04  3.5855020e+02
   1.040e+03    2.6241458e+04  3.5855020e+02
   1.050e+03    2.5574548e+04  3.5855020e+02
   1.060e+03    2.5062284e+04  3.5855020e+02
   1.070e+03    2.4917303e+04  3.5855020e+02
   1.080e+03    2.4897973e+04  3.5855020e+02
   1.090e+03    2.5874174e+04  3.5855020e+02
   1.100e+03    2.6618407e+04  3.5855020e+02
