#Offset (Hz)        Intensity    Uncertainty
  -1.200e+04    1.3781560e+05  3.5113960e+02
  -1.100e+03    3.6176595e+04  3.5113960e+02
  -1.090e+03    3.5900964e+04  3.5113960e+02
  -1.080e+03    3.5969872e+04  3.5113960e+02
  -1.070e+03    3.5308357e+04  3.5113960e+02
  -1.060e+03    3.6810547e+04  3.5113960e+02
  -1.050e+03    3.5473735e+04  3.5113960e+02
  -1.040e+03    3.6452226e+04  3.5113960e+02
  -1.030e+03    3.5473735e+04  3.5113960e+02
  -1.020e+03    3.5763148e+04  3.5113960e+02
  -1.010e+03    3.6341974e+04  3.5113960e+02
  -1.000e+03    3.5790711e+04  3.5113960e+02
  -9.900e+02    3.5625333e+04  3.5113960e+02
  -9.800e+02    3.6217940e+04  3.5113960e+02
  -9.700e+02    3.6645168e+04  3.5113960e+02
  -9.600e+02    3.5459954e+04  3.5113960e+02
  -9.500e+02    3.6672731e+04  3.5113960e+02
  -9.400e+02    3.6314411e+04  3.5113960e+02
  -9.300e+02    3.7665003e+04  3.5113960e+02
  -9.200e+02    3.5804493e+04  3.5113960e+02
  -9.100e+02    3.6562479e+04  3.5113960e+02
  -9.000e+02    3.6466008e+04  3.5113960e+02
  -8.900e+02    3.5804493e+04  3.5113960e+02
  -8.800e+02    3.4963818e+04  3.5113960e+02
  -8.700e+02    3.6521134e+04  3.5113960e+02
  -8.600e+02    3.5129196e+04  3.5113960e+02
  -8.500e+02    3.6493571e+04  3.5113960e+02
  -8.400e+02    3.7031052e+04  3.5113960e+02
  -8.300e+02    3.5859619e+04  3.5113960e+02
  -8.200e+02    3.6507352e+04  3.5113960e+02
  -8.100e+02    3.6093906e+04  3.5113960e+02
  -8.000e+02    3.6135250e+04  3.5113960e+02
  -7.900e+02    3.6121469e+04  3.5113960e+02
  -7.800e+02    3.4908691e+04  3.5113960e+02
  -7.700e+02    3.5900964e+04  3.5113960e+02
  -7.600e+02    3.6466008e+04  3.5113960e+02
  -7.500e+02    3.6948362e+04  3.5113960e+02
  -7.400e+02    3.6314411e+04  3.5113960e+02
  -7.300e+02    3.8381645e+04  3.5113960e+02
  -7.200e+02    3.5928527e+04  3.5113960e+02
  -7.100e+02    3.7430717e+04  3.5113960e+02
  -7.000e+02    3.7031052e+04  3.5113960e+02
  -6.900e+02    3.5832056e+04  3.5113960e+02
  -6.800e+02    3.6107687e+04  3.5113960e+02
  -6.700e+02    3.6217940e+04  3.5113960e+02
  -6.600e+02    3.7485843e+04  3.5113960e+02
  -6.500e+02    3.5914745e+04  3.5113960e+02
  -6.400e+02    3.6948362e+04  3.5113960e+02
  -6.300e+02    3.7086178e+04  3.5113960e+02
  -6.200e+02    3.6135250e+04  3.5113960e+02
  -6.100e+02    3.5983653e+04  3.5113960e+02
  -6.000e+02    3.5942308e+04  3.5113960e+02
  -5.900e+02    3.5225667e+04  3.5113960e+02
  -5.800e+02    3.6204158e+04  3.5113960e+02
  -5.700e+02    3.7044833e+04  3.5113960e+02
  -5.600e+02    3.6024998e+04  3.5113960e+02
  -5.500e+02    3.6576260e+04  3.5113960e+02
  -5.400e+02    3.6162813e+04  3.5113960e+02
  -5.300e+02    3.6507352e+04  3.5113960e+02
  -5.200e+02    3.5597769e+04  3.5113960e+02
  -5.100e+02    3.5570206e+04  3.5113960e+02
  -5.000e+02    3.4371211e+04  3.5113960e+02
  -4.900e+02    3.5211886e+04  3.5113960e+02
  -4.800e+02    3.4977599e+04  3.5113960e+02
  -4.700e+02    3.4522808e+04  3.5113960e+02
  -4.600e+02    3.6727857e+04  3.5113960e+02
  -4.500e+02    3.5418609e+04  3.5113960e+02
  -4.400e+02    3.4178269e+04  3.5113960e+02
  -4.300e+02    3.4646842e+04  3.5113960e+02
  -4.200e+02    3.3861293e+04  3.5113960e+02
  -4.100e+02    3.2428011e+04  3.5113960e+02
  -4.000e+02    3.0112709e+04  3.5113960e+02
  -3.900e+02    2.8390014e+04  3.5113960e+02
  -3.800e+02    2.3731846e+04  3.5113960e+02
  -3.700e+02    1.9611160e+04  3.5113960e+02
  -3.600e+02    1.8646451e+04  3.5113960e+02
  -3.500e+02    1.7778212e+04  3.5113960e+02
  -3.400e+02    1.8260567e+04  3.5113960e+02
  -3.300e+02    1.6992663e+04  3.5113960e+02
  -3.200e+02    1.4773832e+04  3.5113960e+02
  -3.100e+02    1.1176845e+04  3.5113960e+02
  -3.000e+02    6.2017020e+03  3.5113960e+02
  -2.900e+02    1.6124425e+03  3.5113960e+02
  -2.800e+02   -7.1664112e+02  3.5113960e+02
  -2.700e+02    8.6823828e+02  3.5113960e+02
  -2.600e+02    8.7375090e+03  3.5113960e+02
  -2.500e+02    1.4677361e+04  3.5113960e+02
  -2.400e+02    2.2215875e+04  3.5113960e+02
  -2.300e+02    2.5151347e+04  3.5113960e+02
  -2.200e+02    2.6281435e+04  3.5113960e+02
  -2.100e+02    2.6474377e+04  3.5113960e+02
  -2.000e+02    2.4531177e+04  3.5113960e+02
  -1.900e+02    2.4751682e+04  3.5113960e+02
  -1.800e+02    2.6322780e+04  3.5113960e+02
  -1.700e+02    2.9781951e+04  3.5113960e+02
  -1.600e+02    3.2359103e+04  3.5113960e+02
  -1.500e+02    3.4233395e+04  3.5113960e+02
  -1.400e+02    3.5418609e+04  3.5113960e+02
  -1.300e+02    3.4536589e+04  3.5113960e+02
  -1.200e+02    3.6286847e+04  3.5113960e+02
  -1.100e+02    3.5708022e+04  3.5113960e+02
  -1.000e+02    3.4936255e+04  3.5113960e+02
  -9.000e+01    3.5625333e+04  3.5113960e+02
  -8.000e+01    3.6341974e+04  3.5113960e+02
  -7.000e+01    3.5804493e+04  3.5113960e+02
  -6.000e+01    3.6424663e+04  3.5113960e+02
  -5.000e+01    3.5969872e+04  3.5113960e+02
  -4.000e+01    3.7044833e+04  3.5113960e+02
  -3.000e+01    3.5280794e+04  3.5113960e+02
  -2.000e+01    3.7389372e+04  3.5113960e+02
  -1.000e+01    3.6080124e+04  3.5113960e+02
   0.000e+00    3.5914745e+04  3.5113960e+02
   1.000e+01    3.5473735e+04  3.5113960e+02
   2.000e+01    3.6452226e+04  3.5113960e+02
   3.000e+01    3.6190377e+04  3.5113960e+02
   4.000e+01    3.7265338e+04  3.5113960e+02
   5.000e+01    3.6314411e+04  3.5113960e+02
   6.000e+01    3.6548697e+04  3.5113960e+02
   7.000e+01    3.5928527e+04  3.5113960e+02
   8.000e+01    3.6107687e+04  3.5113960e+02
   9.000e+01    3.6135250e+04  3.5113960e+02
   1.000e+02    3.7223994e+04  3.5113960e+02
   1.100e+02    3.5515080e+04  3.5113960e+02
   1.200e+02    3.7196430e+04  3.5113960e+02
   1.300e+02    3.6328192e+04  3.5113960e+02
   1.400e+02    3.6369537e+04  3.5113960e+02
   1.500e+02    3.6838110e+04  3.5113960e+02
   1.600e+02    3.5583988e+04  3.5113960e+02
   1.700e+02    3.5597769e+04  3.5113960e+02
   1.800e+02    3.5749367e+04  3.5113960e+02
   1.900e+02    3.7196430e+04  3.5113960e+02
   2.000e+02    3.5211886e+04  3.5113960e+02
   2.100e+02    3.6080124e+04  3.5113960e+02
   2.200e+02    3.6562479e+04  3.5113960e+02
   2.300e+02    3.7568533e+04  3.5113960e+02
   2.400e+02    3.5377265e+04  3.5113960e+02
   2.500e+02    3.7802819e+04  3.5113960e+02
   2.600e+02    3.6314411e+04  3.5113960e+02
   2.700e+02    3.7899290e+04  3.5113960e+02
   2.800e+02    3.6810547e+04  3.5113960e+02
   2.900e+02    3.7086178e+04  3.5113960e+02
   3.000e+02    3.5763148e+04  3.5113960e+02
   3.100e+02    3.6507352e+04  3.5113960e+02
   3.200e+02    3.4798439e+04  3.5113960e+02
   3.300e+02    3.6865673e+04  3.5113960e+02
   3.400e+02    3.5074070e+04  3.5113960e+02
   3.500e+02    3.5818274e+04  3.5113960e+02
   3.600e+02    3.5969872e+04  3.5113960e+02
   3.700e+02    3.6493571e+04  3.5113960e+02
   3.800e+02    3.5983653e+04  3.5113960e+02
   3.900e+02    3.6300629e+04  3.5113960e+02
   4.000e+02    3.6176595e+04  3.5113960e+02
   4.100e+02    3.7141304e+04  3.5113960e+02
   4.200e+02    3.7430717e+04  3.5113960e+02
   4.300e+02    3.5804493e+04  3.5113960e+02
   4.400e+02    3.5391046e+04  3.5113960e+02
   4.500e+02    3.5694240e+04  3.5113960e+02
   4.600e+02    3.5956090e+04  3.5113960e+02
   4.700e+02    3.5969872e+04  3.5113960e+02
   4.800e+02    3.5735585e+04  3.5113960e+02
   4.900e+02    3.6121469e+04  3.5113960e+02
   5.000e+02    3.6273066e+04  3.5113960e+02
   5.100e+02    3.5556425e+04  3.5113960e+02
   5.200e+02    3.6645168e+04  3.5113960e+02
   5.300e+02    3.6135250e+04  3.5113960e+02
   5.400e+02    3.5804493e+04  3.5113960e+02
   5.500e+02    3.7196430e+04  3.5113960e+02
   5.600e+02    3.6920799e+04  3.5113960e+02
   5.700e+02    3.7058615e+04  3.5113960e+02
   5.800e+02    3.7334246e+04  3.5113960e+02
   5.900e+02    3.6948362e+04  3.5113960e+02
   6.000e+02    3.5418609e+04  3.5113960e+02
   6.100e+02    3.7182649e+04  3.5113960e+02
   6.200e+02    3.6011216e+04  3.5113960e+02
   6.300e+02    3.6865673e+04  3.5113960e+02
   6.400e+02    3.5501299e+04  3.5113960e+02
   6.500e+02    3.5804493e+04  3.5113960e+02
   6.600e+02    3.4688187e+04  3.5113960e+02
   6.700e+02    3.6093906e+04  3.5113960e+02
   6.800e+02    3.5790711e+04  3.5113960e+02
   6.900e+02    3.6438445e+04  3.5113960e+02
   7.000e+02    3.7031052e+04  3.5113960e+02
   7.100e+02    3.7155086e+04  3.5113960e+02
   7.200e+02    3.7348028e+04  3.5113960e+02
   7.300e+02    3.6286847e+04  3.5113960e+02
   7.400e+02    3.6466008e+04  3.5113960e+02
   7.500e+02    3.6466008e+04  3.5113960e+02
   7.600e+02    3.6135250e+04  3.5113960e+02
   7.700e+02    3.6893236e+04  3.5113960e+02
   7.800e+02    3.6410882e+04  3.5113960e+02
   7.900e+02    3.5611551e+04  3.5113960e+02
   8.000e+02    3.6438445e+04  3.5113960e+02
   8.100e+02    3.7099960e+04  3.5113960e+02
   8.200e+02    3.6121469e+04  3.5113960e+02
   8.300e+02    3.7348028e+04  3.5113960e+02
   8.400e+02    3.6851891e+04  3.5113960e+02
   8.500e+02    3.7775256e+04  3.5113960e+02
   8.600e+02    3.6466008e+04  3.5113960e+02
   8.700e+02    3.6328192e+04  3.5113960e+02
   8.800e+02    3.6024998e+04  3.5113960e+02
   8.900e+02    3.6562479e+04  3.5113960e+02
   9.000e+02    3.6217940e+04  3.5113960e+02
   9.100e+02    3.6548697e+04  3.5113960e+02
   9.200e+02    3.5583988e+04  3.5113960e+02
   9.300e+02    3.7210212e+04  3.5113960e+02
   9.400e+02    3.6851891e+04  3.5113960e+02
   9.500e+02    3.6810547e+04  3.5113960e+02
   9.600e+02    3.6259284e+04  3.5113960e+02
   9.700e+02    3.6948362e+04  3.5113960e+02
   9.800e+02    3.6328192e+04  3.5113960e+02
   9.900e+02    3.5611551e+04  3.5113960e+02
   1.000e+03    3.4467682e+04  3.5113960e+02
   1.010e+03    3.5294575e+04  3.5113960e+02
   1.020e+03    3.6424663e+04  3.5113960e+02
   1.030e+03    3.7940635e+04  3.5113960e+02
   1.040e+03    3.6686513e+04  3.5113960e+02
   1.050e+03    3.6135250e+04  3.5113960e+02
   1.060e+03    3.6397100e+04  3.5113960e+02
   1.070e+03    3.7072396e+04  3.5113960e+02
   1.080e+03    3.7499625e+04  3.5113960e+02
   1.090e+03    3.6962144e+04  3.5113960e+02
   1.100e+03    3.7113741e+04  3.5113960e+02
