# Name:    D17N-HN
# y_ppm:  119.43096    0.00001
# yw_hz:   15.82940    0.03006
# y_eta:    0.00000    0.00000
# x_ppm:    8.04659    0.00002
# xw_hz:   23.28317    0.04364
# x_eta:    0.00000    0.00000
#---------------------------------------------
#          Z               I           I_err
    -20000.0    2.357168e+07    7.550000e+04
      -375.0    1.619156e+07    7.550000e+04
      -325.0    1.638415e+07    7.550000e+04
      -275.0    1.642535e+07    7.550000e+04
      -225.0    1.634603e+07    7.550000e+04
      -175.0    1.626660e+07    7.550000e+04
      -125.0    1.625678e+07    7.550000e+04
       -75.0    1.578657e+07    7.550000e+04
       -25.0    1.515148e+07    7.550000e+04
        25.0    1.165442e+07    7.550000e+04
        75.0    1.699156e+06    7.550000e+04
       125.0    6.714865e+06    7.550000e+04
       175.0    7.163271e+06    7.550000e+04
       225.0    1.227064e+07    7.550000e+04
       275.0    1.575887e+07    7.550000e+04
       325.0    1.625585e+07    7.550000e+04
