# Name:    L29N-HN
# y_ppm:  128.93902    0.00002
# yw_hz:   16.08851    0.05090
# y_eta:    0.00000    0.00000
# x_ppm:    8.86377    0.00003
# xw_hz:   23.44854    0.07610
# x_eta:    0.00000    0.00000
#---------------------------------------------
#          Z               I           I_err
    -20000.0   -1.864749e+07    7.550000e+04
      -375.0   -1.225539e+06    7.550000e+04
      -325.0   -5.126443e+06    7.550000e+04
      -275.0   -1.110816e+07    7.550000e+04
      -225.0   -1.217413e+07    7.550000e+04
      -175.0   -1.262429e+07    7.550000e+04
      -125.0   -1.272236e+07    7.550000e+04
       -75.0   -1.252997e+07    7.550000e+04
       -25.0   -1.238944e+07    7.550000e+04
        25.0   -1.091448e+07    7.550000e+04
        75.0   -5.886413e+06    7.550000e+04
       125.0   -9.624543e+06    7.550000e+04
       175.0   -1.090032e+07    7.550000e+04
       225.0   -1.072903e+07    7.550000e+04
       275.0   -8.822452e+06    7.550000e+04
       325.0   -1.137630e+06    7.550000e+04
