# Name:    Y54N-HN
# y_ppm:  118.73686    0.00002
# yw_hz:   16.53367    0.03698
# y_eta:    0.00000    0.00000
# x_ppm:    7.80174    0.00002
# xw_hz:   22.17634    0.05161
# x_eta:    0.00000    0.00000
#---------------------------------------------
#          Z               I           I_err
    -20000.0    1.961403e+07    7.550000e+04
      -375.0    1.220585e+07    7.550000e+04
      -325.0    1.285765e+07    7.550000e+04
      -275.0    1.295182e+07    7.550000e+04
      -225.0    1.293179e+07    7.550000e+04
      -175.0    1.284329e+07    7.550000e+04
      -125.0    1.238119e+07    7.550000e+04
       -75.0    1.134680e+07    7.550000e+04
       -25.0    5.057561e+06    7.550000e+04
        25.0    1.274469e+06    7.550000e+04
        75.0    8.958034e+06    7.550000e+04
       125.0    1.080783e+07    7.550000e+04
       175.0    1.049596e+07    7.550000e+04
       225.0    7.632465e+06    7.550000e+04
       275.0    8.992390e+06    7.550000e+04
       325.0    1.236503e+07    7.550000e+04
