-1.200e+04	1.6608530e+07	1.6608530e+05
7.500e+01	4.2052798e+06	1.6608530e+05
7.000e+01	4.1172546e+06	1.6608530e+05
6.500e+01	3.8581615e+06	1.6608530e+05
6.000e+01	3.4711828e+06	1.6608530e+05
5.500e+01	2.6473997e+06	1.6608530e+05
5.000e+01	1.3104130e+06	1.6608530e+05
4.500e+01	1.0463374e+05	1.6608530e+05
4.000e+01	-3.4877913e+04	1.6608530e+05
3.500e+01	-4.1521325e+04	1.6608530e+05
3.000e+01	7.1582764e+05	1.6608530e+05
2.500e+01	1.8418860e+06	1.6608530e+05
2.000e+01	2.5892698e+06	1.6608530e+05
1.500e+01	3.0509870e+06	1.6608530e+05
1.000e+01	3.2652370e+06	1.6608530e+05
5.000e+00	3.2502893e+06	1.6608530e+05
0.000e+00	2.9031710e+06	1.6608530e+05
-5.000e+00	2.0212581e+06	1.6608530e+05
-1.000e+01	1.1526320e+06	1.6608530e+05
-1.500e+01	2.0561360e+06	1.6608530e+05
-2.000e+01	3.3283494e+06	1.6608530e+05
-2.500e+01	3.9561518e+06	1.6608530e+05
-3.000e+01	4.2252100e+06	1.6608530e+05
-3.500e+01	4.3813302e+06	1.6608530e+05
-4.000e+01	4.3929562e+06	1.6608530e+05
-4.500e+01	4.4759988e+06	1.6608530e+05
-5.000e+01	4.4593903e+06	1.6608530e+05
-5.500e+01	4.4444426e+06	1.6608530e+05
-6.000e+01	4.4394601e+06	1.6608530e+05
-6.500e+01	4.3946170e+06	1.6608530e+05
-7.000e+01	4.3364872e+06	1.6608530e+05
-7.500e+01	4.2899833e+06	1.6608530e+05
