-1.200e+04	4.3411660e+06	4.3411660e+04
7.500e+01	5.1486229e+05	4.3411660e+04
7.000e+01	6.4162433e+05	4.3411660e+04
6.500e+01	7.1499004e+05	4.3411660e+04
6.000e+01	7.5449465e+05	4.3411660e+04
5.500e+01	7.2584296e+05	4.3411660e+04
5.000e+01	7.0153243e+05	4.3411660e+04
4.500e+01	6.7722190e+05	4.3411660e+04
4.000e+01	7.8575105e+05	4.3411660e+04
3.500e+01	8.9731901e+05	4.3411660e+04
3.000e+01	9.7328942e+05	4.3411660e+04
2.500e+01	1.0201740e+06	4.3411660e+04
2.000e+01	1.0466551e+06	4.3411660e+04
1.500e+01	1.0466551e+06	4.3411660e+04
1.000e+01	1.0253834e+06	4.3411660e+04
5.000e+00	9.9499525e+05	4.3411660e+04
0.000e+00	9.6460709e+05	4.3411660e+04
-5.000e+00	9.0730369e+05	4.3411660e+04
-1.000e+01	8.0702276e+05	4.3411660e+04
-1.500e+01	6.8373365e+05	4.3411660e+04
-2.000e+01	5.2962225e+05	4.3411660e+04
-2.500e+01	3.9504611e+05	4.3411660e+04
-3.000e+01	2.0099599e+05	4.3411660e+04
-3.500e+01	9.2900952e+04	4.3411660e+04
-4.000e+01	5.6001041e+04	4.3411660e+04
-4.500e+01	4.1675194e+04	4.3411660e+04
-5.000e+01	3.2558745e+04	4.3411660e+04
-5.500e+01	4.9489292e+04	4.3411660e+04
-6.000e+01	1.0114917e+05	4.3411660e+04
-6.500e+01	2.0273245e+05	4.3411660e+04
-7.000e+01	3.6596029e+05	4.3411660e+04
-7.500e+01	5.2658344e+05	4.3411660e+04
