-1.200e+04	2.2746840e+07	2.2746840e+05
7.500e+01	3.4506956e+06	2.2746840e+05
7.000e+01	2.5203499e+06	2.2746840e+05
6.500e+01	1.5399611e+06	2.2746840e+05
6.000e+01	6.7558115e+05	2.2746840e+05
5.500e+01	1.8879877e+05	2.2746840e+05
5.000e+01	8.8712676e+04	2.2746840e+05
4.500e+01	1.3648104e+05	2.2746840e+05
4.000e+01	4.0716844e+05	2.2746840e+05
3.500e+01	1.1555395e+06	2.2746840e+05
3.000e+01	2.1586751e+06	2.2746840e+05
2.500e+01	3.1276905e+06	2.2746840e+05
2.000e+01	3.8510400e+06	2.2746840e+05
1.500e+01	4.3651186e+06	2.2746840e+05
1.000e+01	4.6107845e+06	2.2746840e+05
5.000e+00	4.6903984e+06	2.2746840e+05
0.000e+00	4.5948617e+06	2.2746840e+05
-5.000e+00	4.5402693e+06	2.2746840e+05
-1.000e+01	4.8723731e+06	2.2746840e+05
-1.500e+01	5.3022884e+06	2.2746840e+05
-2.000e+01	5.6503151e+06	2.2746840e+05
-2.500e+01	5.8482126e+06	2.2746840e+05
-3.000e+01	5.9210025e+06	2.2746840e+05
-3.500e+01	5.9801442e+06	2.2746840e+05
-4.000e+01	5.9232771e+06	2.2746840e+05
-4.500e+01	5.8140923e+06	2.2746840e+05
-5.000e+01	5.6662378e+06	2.2746840e+05
-5.500e+01	5.4683403e+06	2.2746840e+05
-6.000e+01	5.1339618e+06	2.2746840e+05
-6.500e+01	4.7290680e+06	2.2746840e+05
-7.000e+01	4.1922426e+06	2.2746840e+05
-7.500e+01	3.4711678e+06	2.2746840e+05
