-1.200e+04	5.1125100e+06	5.1125100e+04
7.500e+01	6.5849129e+05	5.1125100e+04
7.000e+01	4.1922582e+05	5.1125100e+04
6.500e+01	1.7024658e+05	5.1125100e+04
6.000e+01	5.1125100e+04	5.1125100e+04
5.500e+01	2.2495044e+04	5.1125100e+04
5.000e+01	-7.1575140e+03	5.1125100e+04
4.500e+01	2.1983793e+04	5.1125100e+04
4.000e+01	1.3343651e+05	5.1125100e+04
3.500e+01	3.4151567e+05	5.1125100e+04
3.000e+01	5.5061733e+05	5.1125100e+04
2.500e+01	7.1984141e+05	5.1125100e+04
2.000e+01	8.3180538e+05	5.1125100e+04
1.500e+01	8.6452544e+05	5.1125100e+04
1.000e+01	8.5787918e+05	5.1125100e+04
5.000e+00	7.0757138e+05	5.1125100e+04
0.000e+00	5.4499357e+05	5.1125100e+04
-5.000e+00	5.3221229e+05	5.1125100e+04
-1.000e+01	7.8374778e+05	5.1125100e+04
-1.500e+01	1.0184120e+06	5.1125100e+04
-2.000e+01	1.1917261e+06	5.1125100e+04
-2.500e+01	1.2822175e+06	5.1125100e+04
-3.000e+01	1.3522589e+06	5.1125100e+04
-3.500e+01	1.3583939e+06	5.1125100e+04
-4.000e+01	1.3507251e+06	5.1125100e+04
-4.500e+01	1.2960213e+06	5.1125100e+04
-5.000e+01	1.2689250e+06	5.1125100e+04
-5.500e+01	1.2295587e+06	5.1125100e+04
-6.000e+01	1.1191284e+06	5.1125100e+04
-6.500e+01	1.0184120e+06	5.1125100e+04
-7.000e+01	8.6708170e+05	5.1125100e+04
-7.500e+01	6.5644628e+05	5.1125100e+04
