-1.200e+04	2.7193440e+06	2.7193440e+04
7.500e+01	6.1185240e+04	2.7193440e+04
7.000e+01	3.4263734e+04	2.7193440e+04
6.500e+01	1.2508982e+04	2.7193440e+04
6.000e+01	4.2693701e+04	2.7193440e+04
5.500e+01	1.0279120e+05	2.7193440e+04
5.000e+01	2.0884562e+05	2.7193440e+04
4.500e+01	2.9232948e+05	2.7193440e+04
4.000e+01	3.8777845e+05	2.7193440e+04
3.500e+01	4.1252448e+05	2.7193440e+04
3.000e+01	3.9484875e+05	2.7193440e+04
2.500e+01	3.7526947e+05	2.7193440e+04
2.000e+01	3.2006679e+05	2.7193440e+04
1.500e+01	3.3502318e+05	2.7193440e+04
1.000e+01	4.2666507e+05	2.7193440e+04
5.000e+00	5.5420231e+05	2.7193440e+04
0.000e+00	6.1511561e+05	2.7193440e+04
-5.000e+00	6.5644964e+05	2.7193440e+04
-1.000e+01	6.7521312e+05	2.7193440e+04
-1.500e+01	6.8853790e+05	2.7193440e+04
-2.000e+01	6.9207305e+05	2.7193440e+04
-2.500e+01	6.6161640e+05	2.7193440e+04
-3.000e+01	6.4666000e+05	2.7193440e+04
-3.500e+01	5.9689601e+05	2.7193440e+04
-4.000e+01	5.6018486e+05	2.7193440e+04
-4.500e+01	4.8567484e+05	2.7193440e+04
-5.000e+01	4.2258606e+05	2.7193440e+04
-5.500e+01	3.0347879e+05	2.7193440e+04
-6.000e+01	2.0667014e+05	2.7193440e+04
-6.500e+01	1.1502825e+05	2.7193440e+04
-7.000e+01	7.8317107e+04	2.7193440e+04
-7.500e+01	5.0579798e+04	2.7193440e+04
