-1.200e+04	4.4931540e+06	4.4931540e+04
7.500e+01	7.6832933e+05	4.4931540e+04
7.000e+01	6.2320046e+05	4.4931540e+04
6.500e+01	4.6818665e+05	4.4931540e+04
6.000e+01	3.1541941e+05	4.4931540e+04
5.500e+01	1.9680015e+05	4.4931540e+04
5.000e+01	9.4356234e+04	4.4931540e+04
4.500e+01	2.0219193e+04	4.4931540e+04
4.000e+01	3.7742494e+04	4.4931540e+04
3.500e+01	9.2558972e+04	4.4931540e+04
3.000e+01	2.1252618e+05	4.4931540e+04
2.500e+01	3.8101946e+05	4.4931540e+04
2.000e+01	5.4097574e+05	4.4931540e+04
1.500e+01	6.5150733e+05	4.4931540e+04
1.000e+01	7.1216491e+05	4.4931540e+04
5.000e+00	7.0857039e+05	4.4931540e+04
0.000e+00	6.4926075e+05	4.4931540e+04
-5.000e+00	6.0208264e+05	4.4931540e+04
-1.000e+01	6.7082789e+05	4.4931540e+04
-1.500e+01	7.7686633e+05	4.4931540e+04
-2.000e+01	9.0222532e+05	4.4931540e+04
-2.500e+01	1.0302802e+06	4.4931540e+04
-3.000e+01	1.1205926e+06	4.4931540e+04
-3.500e+01	1.1772063e+06	4.4931540e+04
-4.000e+01	1.2005707e+06	4.4931540e+04
-4.500e+01	1.2144995e+06	4.4931540e+04
-5.000e+01	1.1754091e+06	4.4931540e+04
-5.500e+01	1.1403625e+06	4.4931540e+04
-6.000e+01	1.0806035e+06	4.4931540e+04
-6.500e+01	1.0194966e+06	4.4931540e+04
-7.000e+01	9.2558972e+05	4.4931540e+04
-7.500e+01	7.9124442e+05	4.4931540e+04
