-1.200e+04	3.5144280e+06	3.5144280e+04
7.500e+01	5.9956142e+05	3.5144280e+04
7.000e+01	5.4227624e+05	3.5144280e+04
6.500e+01	5.4403345e+05	3.5144280e+04
6.000e+01	6.7477018e+05	3.5144280e+04
5.500e+01	7.8934053e+05	3.5144280e+04
5.000e+01	8.5646610e+05	3.5144280e+04
4.500e+01	9.0074790e+05	3.5144280e+04
4.000e+01	9.3554073e+05	3.5144280e+04
3.500e+01	9.2288879e+05	3.5144280e+04
3.000e+01	9.3272919e+05	3.5144280e+04
2.500e+01	9.1199407e+05	3.5144280e+04
2.000e+01	8.9899068e+05	3.5144280e+04
1.500e+01	8.5716899e+05	3.5144280e+04
1.000e+01	8.2940501e+05	3.5144280e+04
5.000e+00	7.7528282e+05	3.5144280e+04
0.000e+00	7.3240680e+05	3.5144280e+04
-5.000e+00	6.1748500e+05	3.5144280e+04
-1.000e+01	4.9694012e+05	3.5144280e+04
-1.500e+01	3.1700141e+05	3.5144280e+04
-2.000e+01	1.2827662e+05	3.5144280e+04
-2.500e+01	2.4249553e+04	3.5144280e+04
-3.000e+01	1.0543284e+03	3.5144280e+04
-3.500e+01	8.0831844e+03	3.5144280e+04
-4.000e+01	-0.0000000e+00	3.5144280e+04
-4.500e+01	6.0448162e+04	3.5144280e+04
-5.000e+01	1.9223921e+05	3.5144280e+04
-5.500e+01	3.7498947e+05	3.5144280e+04
-6.000e+01	5.1310649e+05	3.5144280e+04
-6.500e+01	6.0448162e+05	3.5144280e+04
-7.000e+01	6.1045614e+05	3.5144280e+04
-7.500e+01	6.0623883e+05	3.5144280e+04
