-1.200e+04	1.1378460e+07	1.1378460e+05
7.500e+01	2.1983185e+06	1.1378460e+05
7.000e+01	1.7318016e+06	1.1378460e+05
6.500e+01	1.1981518e+06	1.1378460e+05
6.000e+01	5.2568485e+05	1.1378460e+05
5.500e+01	7.1684298e+04	1.1378460e+05
5.000e+01	-5.6892300e+03	1.1378460e+05
4.500e+01	4.5513840e+03	1.1378460e+05
4.000e+01	8.0787066e+04	1.1378460e+05
3.500e+01	3.8686764e+05	1.1378460e+05
3.000e+01	9.6830695e+05	1.1378460e+05
2.500e+01	1.5087838e+06	1.1378460e+05
2.000e+01	1.9400274e+06	1.1378460e+05
1.500e+01	2.1254963e+06	1.1378460e+05
1.000e+01	2.2347295e+06	1.1378460e+05
5.000e+00	2.1311856e+06	1.1378460e+05
0.000e+00	1.9093056e+06	1.1378460e+05
-5.000e+00	1.8683431e+06	1.1378460e+05
-1.000e+01	2.3257572e+06	1.1378460e+05
-1.500e+01	2.7160384e+06	1.1378460e+05
-2.000e+01	2.9117479e+06	1.1378460e+05
-2.500e+01	3.0107405e+06	1.1378460e+05
-3.000e+01	3.0528408e+06	1.1378460e+05
-3.500e+01	3.0824248e+06	1.1378460e+05
-4.000e+01	3.0778734e+06	1.1378460e+05
-4.500e+01	3.0369110e+06	1.1378460e+05
-5.000e+01	3.0004999e+06	1.1378460e+05
-5.500e+01	2.9174371e+06	1.1378460e+05
-6.000e+01	2.8229959e+06	1.1378460e+05
-6.500e+01	2.6614218e+06	1.1378460e+05
-7.000e+01	2.4543338e+06	1.1378460e+05
-7.500e+01	2.1573560e+06	1.1378460e+05
