-1.200e+04	1.6331180e+06	2.0712800e+04
7.500e+01	2.9330799e+05	2.0712800e+04
7.000e+01	3.1241547e+05	2.0712800e+04
6.500e+01	3.1241547e+05	2.0712800e+04
6.000e+01	3.0784274e+05	2.0712800e+04
5.500e+01	2.8971513e+05	2.0712800e+04
5.000e+01	2.8710214e+05	2.0712800e+04
4.500e+01	3.1159891e+05	2.0712800e+04
4.000e+01	3.8018987e+05	2.0712800e+04
3.500e+01	3.6810480e+05	2.0712800e+04
3.000e+01	3.9864410e+05	2.0712800e+04
2.500e+01	4.2199769e+05	2.0712800e+04
2.000e+01	4.3914543e+05	2.0712800e+04
1.500e+01	4.0207365e+05	2.0712800e+04
1.000e+01	3.8051649e+05	2.0712800e+04
5.000e+00	4.1709834e+05	2.0712800e+04
0.000e+00	4.1203567e+05	2.0712800e+04
-5.000e+00	3.6042914e+05	2.0712800e+04
-1.000e+01	3.1633496e+05	2.0712800e+04
-1.500e+01	3.0147358e+05	2.0712800e+04
-2.000e+01	2.2733003e+05	2.0712800e+04
-2.500e+01	1.8437902e+05	2.0712800e+04
-3.000e+01	8.9821490e+04	2.0712800e+04
-3.500e+01	9.9620198e+03	2.0712800e+04
-4.000e+01	-7.8389664e+03	2.0712800e+04
-4.500e+01	1.5024686e+04	2.0712800e+04
-5.000e+01	1.3064944e+03	2.0712800e+04
-5.500e+01	1.9434104e+04	2.0712800e+04
-6.000e+01	1.1546144e+05	2.0712800e+04
-6.500e+01	1.7980629e+05	2.0712800e+04
-7.000e+01	2.3827192e+05	2.0712800e+04
-7.500e+01	2.9788072e+05	2.0712800e+04
