-1.200e+04	1.8211090e+07	1.8211090e+05
7.500e+01	3.8279711e+06	1.8211090e+05
7.000e+01	3.4346116e+06	1.8211090e+05
6.500e+01	2.8026868e+06	1.8211090e+05
6.000e+01	1.9959355e+06	1.8211090e+05
5.500e+01	1.0052522e+06	1.8211090e+05
5.000e+01	2.3310195e+05	1.8211090e+05
4.500e+01	1.8211090e+04	1.8211090e+05
4.000e+01	2.7316635e+04	1.8211090e+05
3.500e+01	7.8307687e+04	1.8211090e+05
3.000e+01	4.9716276e+05	1.8211090e+05
2.500e+01	1.4004328e+06	1.8211090e+05
2.000e+01	2.2745651e+06	1.8211090e+05
1.500e+01	2.9847977e+06	1.8211090e+05
1.000e+01	3.4255060e+06	1.8211090e+05
5.000e+00	3.6968513e+06	1.8211090e+05
0.000e+00	3.8079389e+06	1.8211090e+05
-5.000e+00	3.6950302e+06	1.8211090e+05
-1.000e+01	3.4673915e+06	1.8211090e+05
-1.500e+01	3.0467154e+06	1.8211090e+05
-2.000e+01	3.2251840e+06	1.8211090e+05
-2.500e+01	3.8880677e+06	1.8211090e+05
-3.000e+01	4.3087439e+06	1.8211090e+05
-3.500e+01	4.5509514e+06	1.8211090e+05
-4.000e+01	4.6675024e+06	1.8211090e+05
-4.500e+01	4.7039245e+06	1.8211090e+05
-5.000e+01	4.6802501e+06	1.8211090e+05
-5.500e+01	4.6492913e+06	1.8211090e+05
-6.000e+01	4.5054237e+06	1.8211090e+05
-6.500e+01	4.3943360e+06	1.8211090e+05
-7.000e+01	4.1612341e+06	1.8211090e+05
-7.500e+01	3.8662144e+06	1.8211090e+05
