-1.200e+04	1.6197180e+07	1.6197180e+05
7.500e+01	3.9585908e+06	1.6197180e+05
7.000e+01	4.0169006e+06	1.6197180e+05
6.500e+01	4.0314781e+06	1.6197180e+05
6.000e+01	3.9974640e+06	1.6197180e+05
5.500e+01	3.8970415e+06	1.6197180e+05
5.000e+01	3.7658444e+06	1.6197180e+05
4.500e+01	3.6297880e+06	1.6197180e+05
4.000e+01	3.3819712e+06	1.6197180e+05
3.500e+01	3.0337318e+06	1.6197180e+05
3.000e+01	2.5785911e+06	1.6197180e+05
2.500e+01	1.8902109e+06	1.6197180e+05
2.000e+01	1.0495773e+06	1.6197180e+05
1.500e+01	3.7091542e+05	1.6197180e+05
1.000e+01	1.4091547e+05	1.6197180e+05
5.000e+00	9.5563362e+04	1.6197180e+05
0.000e+00	1.0528167e+05	1.6197180e+05
-5.000e+00	3.7739429e+05	1.6197180e+05
-1.000e+01	1.0625350e+06	1.6197180e+05
-1.500e+01	1.7104222e+06	1.6197180e+05
-2.000e+01	2.2497883e+06	1.6197180e+05
-2.500e+01	2.6595770e+06	1.6197180e+05
-3.000e+01	2.9106332e+06	1.6197180e+05
-3.500e+01	3.0434501e+06	1.6197180e+05
-4.000e+01	2.9090135e+06	1.6197180e+05
-4.500e+01	2.4830277e+06	1.6197180e+05
-5.000e+01	2.0813376e+06	1.6197180e+05
-5.500e+01	2.4506333e+06	1.6197180e+05
-6.000e+01	3.1292952e+06	1.6197180e+05
-6.500e+01	3.5682388e+06	1.6197180e+05
-7.000e+01	3.8160556e+06	1.6197180e+05
-7.500e+01	3.9796471e+06	1.6197180e+05
