-1.200e+04	1.8623890e+07	1.8623890e+05
7.500e+01	3.5068785e+06	1.8623890e+05
7.000e+01	3.7359523e+06	1.8623890e+05
6.500e+01	3.8458333e+06	1.8623890e+05
6.000e+01	3.7732001e+06	1.8623890e+05
5.500e+01	3.6465577e+06	1.8623890e+05
5.000e+01	3.7862368e+06	1.8623890e+05
4.500e+01	4.0953934e+06	1.8623890e+05
4.000e+01	4.3747518e+06	1.8623890e+05
3.500e+01	4.5703026e+06	1.8623890e+05
3.000e+01	4.6373486e+06	1.8623890e+05
2.500e+01	4.7230185e+06	1.8623890e+05
2.000e+01	4.7099818e+06	1.8623890e+05
1.500e+01	4.6764588e+06	1.8623890e+05
1.000e+01	4.6094128e+06	1.8623890e+05
5.000e+00	4.4231739e+06	1.8623890e+05
0.000e+00	4.2294854e+06	1.8623890e+05
-5.000e+00	3.9910996e+06	1.8623890e+05
-1.000e+01	3.6223466e+06	1.8623890e+05
-1.500e+01	3.0785290e+06	1.8623890e+05
-2.000e+01	2.3223991e+06	1.8623890e+05
-2.500e+01	1.4321771e+06	1.8623890e+05
-3.000e+01	5.6989103e+05	1.8623890e+05
-3.500e+01	2.1231235e+05	1.8623890e+05
-4.000e+01	1.3781679e+05	1.8623890e+05
-4.500e+01	1.4899112e+05	1.8623890e+05
-5.000e+01	3.4826674e+05	1.8623890e+05
-5.500e+01	1.0336259e+06	1.8623890e+05
-6.000e+01	1.8661138e+06	1.8623890e+05
-6.500e+01	2.5998950e+06	1.8623890e+05
-7.000e+01	3.1474374e+06	1.8623890e+05
-7.500e+01	3.5217776e+06	1.8623890e+05
