-1.200e+04	1.4625030e+08	1.4625030e+06
7.500e+01	5.1626356e+06	1.4625030e+06
7.000e+01	2.4716301e+06	1.4625030e+06
6.500e+01	4.3143838e+06	1.4625030e+06
6.000e+01	1.7213660e+07	1.4625030e+06
5.500e+01	2.5959428e+07	1.4625030e+06
5.000e+01	3.0683313e+07	1.4625030e+06
4.500e+01	3.3169568e+07	1.4625030e+06
4.000e+01	3.4529696e+07	1.4625030e+06
3.500e+01	3.5143947e+07	1.4625030e+06
3.000e+01	3.5202447e+07	1.4625030e+06
2.500e+01	3.4558946e+07	1.4625030e+06
2.000e+01	3.2569942e+07	1.4625030e+06
1.500e+01	2.8065433e+07	1.4625030e+06
1.000e+01	2.8665059e+07	1.4625030e+06
5.000e+00	3.4076320e+07	1.4625030e+06
0.000e+00	3.6679575e+07	1.4625030e+06
-5.000e+00	3.7586327e+07	1.4625030e+06
-1.000e+01	3.7951953e+07	1.4625030e+06
-1.500e+01	3.8112828e+07	1.4625030e+06
-2.000e+01	3.8112828e+07	1.4625030e+06
-2.500e+01	3.7922703e+07	1.4625030e+06
-3.000e+01	3.7630202e+07	1.4625030e+06
-3.500e+01	3.7235326e+07	1.4625030e+06
-4.000e+01	3.6767325e+07	1.4625030e+06
-4.500e+01	3.6387075e+07	1.4625030e+06
-5.000e+01	3.5553448e+07	1.4625030e+06
-5.500e+01	3.4120195e+07	1.4625030e+06
-6.000e+01	3.1443814e+07	1.4625030e+06
-6.500e+01	2.6997805e+07	1.4625030e+06
-7.000e+01	1.8559163e+07	1.4625030e+06
-7.500e+01	5.1772606e+06	1.4625030e+06
