-1.200e+04	1.5050430e+07	1.5050430e+05
7.500e+01	2.7391783e+05	1.5050430e+05
7.000e+01	9.3312666e+04	1.5050430e+05
6.500e+01	6.0201720e+04	1.5050430e+05
6.000e+01	4.8161376e+04	1.5050430e+05
5.500e+01	2.2726149e+05	1.5050430e+05
5.000e+01	8.2476356e+05	1.5050430e+05
4.500e+01	1.5125682e+06	1.5050430e+05
4.000e+01	2.1085652e+06	1.5050430e+05
3.500e+01	2.5570681e+06	1.5050430e+05
3.000e+01	2.9137632e+06	1.5050430e+05
2.500e+01	3.1545701e+06	1.5050430e+05
2.000e+01	3.3321652e+06	1.5050430e+05
1.500e+01	3.3878518e+06	1.5050430e+05
1.000e+01	3.4420333e+06	1.5050430e+05
5.000e+00	3.4811645e+06	1.5050430e+05
0.000e+00	3.5940427e+06	1.5050430e+05
-5.000e+00	3.6286587e+06	1.5050430e+05
-1.000e+01	3.6873554e+06	1.5050430e+05
-1.500e+01	3.7234764e+06	1.5050430e+05
-2.000e+01	3.7204663e+06	1.5050430e+05
-2.500e+01	3.6783251e+06	1.5050430e+05
-3.000e+01	3.6316688e+06	1.5050430e+05
-3.500e+01	3.5488914e+06	1.5050430e+05
-4.000e+01	3.4360132e+06	1.5050430e+05
-4.500e+01	3.2207920e+06	1.5050430e+05
-5.000e+01	2.9709549e+06	1.5050430e+05
-5.500e+01	2.6097446e+06	1.5050430e+05
-6.000e+01	2.1401711e+06	1.5050430e+05
-6.500e+01	1.5246086e+06	1.5050430e+05
-7.000e+01	8.3228878e+05	1.5050430e+05
-7.500e+01	2.8144304e+05	1.5050430e+05
