-1.200e+04	1.0739760e+07	1.0739760e+05
7.500e+01	2.5764684e+06	1.0739760e+05
7.000e+01	2.4336296e+06	1.0739760e+05
6.500e+01	2.2413879e+06	1.0739760e+05
6.000e+01	1.8987896e+06	1.0739760e+05
5.500e+01	1.4831609e+06	1.0739760e+05
5.000e+01	9.1932346e+05	1.0739760e+05
4.500e+01	3.6622582e+05	1.0739760e+05
4.000e+01	4.0811088e+04	1.0739760e+05
3.500e+01	-6.6586512e+04	1.0739760e+05
3.000e+01	-9.0213984e+04	1.0739760e+05
2.500e+01	-9.7731816e+04	1.0739760e+05
2.000e+01	3.5441208e+04	1.0739760e+05
1.500e+01	4.9510294e+05	1.0739760e+05
1.000e+01	1.0653842e+06	1.0739760e+05
5.000e+00	1.5454515e+06	1.0739760e+05
0.000e+00	1.8998635e+06	1.0739760e+05
-5.000e+00	2.1576178e+06	1.0739760e+05
-1.000e+01	2.3015306e+06	1.0739760e+05
-1.500e+01	2.2746812e+06	1.0739760e+05
-2.000e+01	2.2242043e+06	1.0739760e+05
-2.500e+01	2.2285002e+06	1.0739760e+05
-3.000e+01	2.4100021e+06	1.0739760e+05
-3.500e+01	2.5979479e+06	1.0739760e+05
-4.000e+01	2.7246771e+06	1.0739760e+05
-4.500e+01	2.7955595e+06	1.0739760e+05
-5.000e+01	2.8589241e+06	1.0739760e+05
-5.500e+01	2.8632200e+06	1.0739760e+05
-6.000e+01	2.8084472e+06	1.0739760e+05
-6.500e+01	2.7901896e+06	1.0739760e+05
-7.000e+01	2.6956798e+06	1.0739760e+05
-7.500e+01	2.5893561e+06	1.0739760e+05
