-1.200e+04	1.2392570e+07	1.2392570e+05
7.500e+01	3.0126338e+06	1.2392570e+05
7.000e+01	2.8738370e+06	1.2392570e+05
6.500e+01	2.6829914e+06	1.2392570e+05
6.000e+01	2.4363793e+06	1.2392570e+05
5.500e+01	2.1401968e+06	1.2392570e+05
5.000e+01	1.7052176e+06	1.2392570e+05
4.500e+01	1.1797727e+06	1.2392570e+05
4.000e+01	5.9484336e+05	1.2392570e+05
3.500e+01	2.0819518e+05	1.2392570e+05
3.000e+01	9.5422789e+04	1.2392570e+05
2.500e+01	1.0657610e+05	1.2392570e+05
2.000e+01	1.5614638e+05	1.2392570e+05
1.500e+01	3.3088162e+05	1.2392570e+05
1.000e+01	7.8197117e+05	1.2392570e+05
5.000e+00	1.2975021e+06	1.2392570e+05
0.000e+00	1.7324813e+06	1.2392570e+05
-5.000e+00	2.0993014e+06	1.2392570e+05
-1.000e+01	2.3347602e+06	1.2392570e+05
-1.500e+01	2.4735570e+06	1.2392570e+05
-2.000e+01	2.5305628e+06	1.2392570e+05
-2.500e+01	2.4884281e+06	1.2392570e+05
-3.000e+01	2.4363793e+06	1.2392570e+05
-3.500e+01	2.6235071e+06	1.2392570e+05
-4.000e+01	2.8540089e+06	1.2392570e+05
-4.500e+01	3.0287441e+06	1.2392570e+05
-5.000e+01	3.1489520e+06	1.2392570e+05
-5.500e+01	3.2034793e+06	1.2392570e+05
-6.000e+01	3.1650624e+06	1.2392570e+05
-6.500e+01	3.1650624e+06	1.2392570e+05
-7.000e+01	3.0993818e+06	1.2392570e+05
-7.500e+01	3.0064375e+06	1.2392570e+05
