-1.200e+04	8.8955120e+06	8.8955120e+04
7.500e+01	2.2799197e+06	8.8955120e+04
7.000e+01	2.2603496e+06	8.8955120e+04
6.500e+01	2.2087556e+06	8.8955120e+04
6.000e+01	2.1420393e+06	8.8955120e+04
5.500e+01	2.0219499e+06	8.8955120e+04
5.000e+01	1.8573829e+06	8.8955120e+04
4.500e+01	1.6412220e+06	8.8955120e+04
4.000e+01	1.3752462e+06	8.8955120e+04
3.500e+01	1.0523391e+06	8.8955120e+04
3.000e+01	7.0096635e+05	8.8955120e+04
2.500e+01	3.4959362e+05	8.8955120e+04
2.000e+01	1.4410729e+05	8.8955120e+04
1.500e+01	1.2008941e+05	8.8955120e+04
1.000e+01	1.0407749e+05	8.8955120e+04
5.000e+00	1.3432223e+05	8.8955120e+04
0.000e+00	2.7042356e+05	8.8955120e+04
-5.000e+00	5.6130681e+05	8.8955120e+04
-1.000e+01	8.8243479e+05	8.8955120e+04
-1.500e+01	1.1937777e+06	8.8955120e+04
-2.000e+01	1.3983745e+06	8.8955120e+04
-2.500e+01	1.5353654e+06	8.8955120e+04
-3.000e+01	1.5602728e+06	8.8955120e+04
-3.500e+01	1.5220221e+06	8.8955120e+04
-4.000e+01	1.3957058e+06	8.8955120e+04
-4.500e+01	1.4072700e+06	8.8955120e+04
-5.000e+01	1.6776936e+06	8.8955120e+04
-5.500e+01	1.9169828e+06	8.8955120e+04
-6.000e+01	2.1055677e+06	8.8955120e+04
-6.500e+01	2.1989706e+06	8.8955120e+04
-7.000e+01	2.2585705e+06	8.8955120e+04
-7.500e+01	2.2808093e+06	8.8955120e+04
