-1.200e+04	1.1617140e+07	1.1617140e+05
7.500e+01	9.1194549e+05	1.1617140e+05
7.000e+01	1.3766311e+06	1.1617140e+05
6.500e+01	1.7448944e+06	1.1617140e+05
6.000e+01	1.9818841e+06	1.1617140e+05
5.500e+01	2.0643658e+06	1.1617140e+05
5.000e+01	1.9667818e+06	1.1617140e+05
4.500e+01	1.6473105e+06	1.1617140e+05
4.000e+01	1.1803014e+06	1.1617140e+05
3.500e+01	1.1710077e+06	1.1617140e+05
3.000e+01	1.7518647e+06	1.1617140e+05
2.500e+01	2.3060023e+06	1.1617140e+05
2.000e+01	2.7172490e+06	1.1617140e+05
1.500e+01	2.9751496e+06	1.1617140e+05
1.000e+01	3.1087467e+06	1.1617140e+05
5.000e+00	3.1633472e+06	1.1617140e+05
0.000e+00	3.1505684e+06	1.1617140e+05
-5.000e+00	3.1377895e+06	1.1617140e+05
-1.000e+01	3.0948061e+06	1.1617140e+05
-1.500e+01	2.9995455e+06	1.1617140e+05
-2.000e+01	2.8798890e+06	1.1617140e+05
-2.500e+01	2.6777508e+06	1.1617140e+05
-3.000e+01	2.3757051e+06	1.1617140e+05
-3.500e+01	1.9714287e+06	1.1617140e+05
-4.000e+01	1.4149677e+06	1.1617140e+05
-4.500e+01	7.5046724e+05	1.1617140e+05
-5.000e+01	2.7067936e+05	1.1617140e+05
-5.500e+01	1.1152454e+05	1.1617140e+05
-6.000e+01	2.4395994e+04	1.1617140e+05
-6.500e+01	4.8791988e+04	1.1617140e+05
-7.000e+01	4.0427647e+05	1.1617140e+05
-7.500e+01	9.1426892e+05	1.1617140e+05
