-1.200e+04	8.0233640e+06	8.0233640e+04
7.500e+01	3.4580699e+05	8.0233640e+04
7.000e+01	7.1087005e+05	8.0233640e+04
6.500e+01	1.0711191e+06	8.0233640e+04
6.000e+01	1.3262621e+06	8.0233640e+04
5.500e+01	1.5035784e+06	8.0233640e+04
5.000e+01	1.6271382e+06	8.0233640e+04
4.500e+01	1.6239289e+06	8.0233640e+04
4.000e+01	1.5621490e+06	8.0233640e+04
3.500e+01	1.4851247e+06	8.0233640e+04
3.000e+01	1.5533233e+06	8.0233640e+04
2.500e+01	1.7579191e+06	8.0233640e+04
2.000e+01	1.9424564e+06	8.0233640e+04
1.500e+01	2.0403415e+06	8.0233640e+04
1.000e+01	2.0973073e+06	8.0233640e+04
5.000e+00	2.1318078e+06	8.0233640e+04
0.000e+00	2.0844700e+06	8.0233640e+04
-5.000e+00	2.0499695e+06	8.0233640e+04
-1.000e+01	2.0194807e+06	8.0233640e+04
-1.500e+01	1.9288167e+06	8.0233640e+04
-2.000e+01	1.8148849e+06	8.0233640e+04
-2.500e+01	1.6512083e+06	8.0233640e+04
-3.000e+01	1.4225424e+06	8.0233640e+04
-3.500e+01	1.1016079e+06	8.0233640e+04
-4.000e+01	7.4456818e+05	8.0233640e+04
-4.500e+01	3.7067942e+05	8.0233640e+04
-5.000e+01	1.1152476e+05	8.0233640e+04
-5.500e+01	3.7709811e+04	8.0233640e+04
-6.000e+01	3.3698129e+04	8.0233640e+04
-6.500e+01	3.0488783e+04	8.0233640e+04
-7.000e+01	9.7082704e+04	8.0233640e+04
-7.500e+01	3.3537662e+05	8.0233640e+04
