-1.200e+04	1.1444150e+07	1.1444150e+05
7.500e+01	1.4328076e+06	1.1444150e+05
7.000e+01	1.0093740e+06	1.1444150e+05
6.500e+01	1.2920445e+06	1.1444150e+05
6.000e+01	2.1148789e+06	1.1444150e+05
5.500e+01	2.6870864e+06	1.1444150e+05
5.000e+01	2.9331356e+06	1.1444150e+05
4.500e+01	3.0487216e+06	1.1444150e+05
4.000e+01	3.0693210e+06	1.1444150e+05
3.500e+01	3.0658878e+06	1.1444150e+05
3.000e+01	3.0315553e+06	1.1444150e+05
2.500e+01	2.9663237e+06	1.1444150e+05
2.000e+01	2.8816370e+06	1.1444150e+05
1.500e+01	2.7225633e+06	1.1444150e+05
1.000e+01	2.5634896e+06	1.1444150e+05
5.000e+00	2.3002741e+06	1.1444150e+05
0.000e+00	1.9661050e+06	1.1444150e+05
-5.000e+00	1.4785842e+06	1.1444150e+05
-1.000e+01	8.7776631e+05	1.1444150e+05
-1.500e+01	2.4032715e+05	1.1444150e+05
-2.000e+01	-8.6975540e+04	1.1444150e+05
-2.500e+01	-4.8065430e+04	1.1444150e+05
-3.000e+01	6.8664900e+03	1.1444150e+05
-3.500e+01	8.5831125e+04	1.1444150e+05
-4.000e+01	4.5776600e+05	1.1444150e+05
-4.500e+01	1.0185293e+06	1.1444150e+05
-5.000e+01	1.5506823e+06	1.1444150e+05
-5.500e+01	1.9111731e+06	1.1444150e+05
-6.000e+01	2.0347699e+06	1.1444150e+05
-6.500e+01	2.0359143e+06	1.1444150e+05
-7.000e+01	1.8505191e+06	1.1444150e+05
-7.500e+01	1.4236523e+06	1.1444150e+05
