-1.200e+04	1.3829350e+07	1.3829350e+05
7.500e+01	3.2913853e+06	1.3829350e+05
7.000e+01	3.0355423e+06	1.3829350e+05
6.500e+01	2.6621499e+06	1.3829350e+05
6.000e+01	2.2209936e+06	1.3829350e+05
5.500e+01	1.5806947e+06	1.3829350e+05
5.000e+01	8.6710025e+05	1.3829350e+05
4.500e+01	2.2541840e+05	1.3829350e+05
4.000e+01	3.4573375e+04	1.3829350e+05
3.500e+01	5.1168595e+04	1.3829350e+05
3.000e+01	9.2656645e+04	1.3829350e+05
2.500e+01	3.4435082e+05	1.3829350e+05
2.000e+01	9.5560808e+05	1.3829350e+05
1.500e+01	1.5295261e+06	1.3829350e+05
1.000e+01	2.0080216e+06	1.3829350e+05
5.000e+00	2.3523724e+06	1.3829350e+05
0.000e+00	2.5169417e+06	1.3829350e+05
-5.000e+00	2.4989635e+06	1.3829350e+05
-1.000e+01	2.3025868e+06	1.3829350e+05
-1.500e+01	1.9208967e+06	1.3829350e+05
-2.000e+01	1.8641964e+06	1.3829350e+05
-2.500e+01	2.4602414e+06	1.3829350e+05
-3.000e+01	3.0355423e+06	1.3829350e+05
-3.500e+01	3.3909566e+06	1.3829350e+05
-4.000e+01	3.5900993e+06	1.3829350e+05
-4.500e+01	3.7021170e+06	1.3829350e+05
-5.000e+01	3.7477539e+06	1.3829350e+05
-5.500e+01	3.7256269e+06	1.3829350e+05
-6.000e+01	3.6564801e+06	1.3829350e+05
-6.500e+01	3.5859505e+06	1.3829350e+05
-7.000e+01	3.4697839e+06	1.3829350e+05
-7.500e+01	3.3024488e+06	1.3829350e+05
