-1.200e+04	1.2706860e+07	1.2706860e+05
7.500e+01	1.5578610e+06	1.2706860e+05
7.000e+01	1.0330677e+06	1.2706860e+05
6.500e+01	1.4066494e+06	1.2706860e+05
6.000e+01	2.3190019e+06	1.2706860e+05
5.500e+01	2.9708639e+06	1.2706860e+05
5.000e+01	3.3126784e+06	1.2706860e+05
4.500e+01	3.4448297e+06	1.2706860e+05
4.000e+01	3.5299657e+06	1.2706860e+05
3.500e+01	3.5464846e+06	1.2706860e+05
3.000e+01	3.5350485e+06	1.2706860e+05
2.500e+01	3.4956572e+06	1.2706860e+05
2.000e+01	3.4384763e+06	1.2706860e+05
1.500e+01	3.3507990e+06	1.2706860e+05
1.000e+01	3.1665495e+06	1.2706860e+05
5.000e+00	2.9568863e+06	1.2706860e+05
0.000e+00	2.5921994e+06	1.2706860e+05
-5.000e+00	2.1296697e+06	1.2706860e+05
-1.000e+01	1.4473114e+06	1.2706860e+05
-1.500e+01	6.6456878e+05	1.2706860e+05
-2.000e+01	1.1944448e+05	1.2706860e+05
-2.500e+01	4.1932638e+04	1.2706860e+05
-3.000e+01	3.0496464e+04	1.2706860e+05
-3.500e+01	8.2594590e+04	1.2706860e+05
-4.000e+01	5.4639498e+05	1.2706860e+05
-4.500e+01	1.2211292e+06	1.2706860e+05
-5.000e+01	1.7815018e+06	1.2706860e+05
-5.500e+01	2.1449180e+06	1.2706860e+05
-6.000e+01	2.3456864e+06	1.2706860e+05
-6.500e+01	2.3469570e+06	1.2706860e+05
-7.000e+01	2.0826544e+06	1.2706860e+05
-7.500e+01	1.5464249e+06	1.2706860e+05
