-1.200e+04	9.3225750e+06	9.3225750e+04
7.500e+01	2.5795565e+06	9.3225750e+04
7.000e+01	2.4863308e+06	9.3225750e+04
6.500e+01	2.4164114e+06	9.3225750e+04
6.000e+01	2.2560631e+06	9.3225750e+04
5.500e+01	2.0248633e+06	9.3225750e+04
5.000e+01	1.7041667e+06	9.3225750e+04
4.500e+01	1.2902444e+06	9.3225750e+04
4.000e+01	7.3555117e+05	9.3225750e+04
3.500e+01	1.9763859e+05	9.3225750e+04
3.000e+01	1.0254833e+04	9.3225750e+04
2.500e+01	-2.1441923e+04	9.3225750e+04
2.000e+01	-2.7967725e+03	9.3225750e+04
1.500e+01	8.3903175e+04	9.3225750e+04
1.000e+01	4.6892552e+05	9.3225750e+04
5.000e+00	9.8819295e+05	9.3225750e+04
0.000e+00	1.4216927e+06	9.3225750e+04
-5.000e+00	1.7013699e+06	9.3225750e+04
-1.000e+01	1.8626505e+06	9.3225750e+04
-1.500e+01	1.8393440e+06	9.3225750e+04
-2.000e+01	1.6734022e+06	9.3225750e+04
-2.500e+01	1.2492251e+06	9.3225750e+04
-3.000e+01	1.0860800e+06	9.3225750e+04
-3.500e+01	1.6053474e+06	9.3225750e+04
-4.000e+01	2.1096987e+06	9.3225750e+04
-4.500e+01	2.4415824e+06	9.3225750e+04
-5.000e+01	2.5543856e+06	9.3225750e+04
-5.500e+01	2.6410855e+06	9.3225750e+04
-6.000e+01	2.6476113e+06	9.3225750e+04
-6.500e+01	2.6522726e+06	9.3225750e+04
-7.000e+01	2.6271016e+06	9.3225750e+04
-7.500e+01	2.5487920e+06	9.3225750e+04
