#
#       Peak Name  Conv_flg Overlap_flg
#          26N-HN         1          -1
#
# Input frequencies:
#     Omega1    Omega2    Omega3
#      0.000   131.381     9.264
#
# --------- Results of the fit -------------
#
# Parameter        Value           Esd
# f01(ppm)      1.3139393e+02  5.8380144e-05
# w1(Hz)        1.3988471e+01  1.3895396e-02
# g1            7.8621539e-01  4.1024093e-03
# f02(ppm)      9.2624168e+00  7.3630436e-06
# w2(Hz)        1.6835590e+01  1.8442957e-02
# g2            5.4595560e-01  3.4958529e-03
############################################
# RelaxDelay        Intensity      Esd(Int.)
   0.000e+00    5.4260291e+04  1.8434979e+02
   3.000e+01    3.8848467e+04  1.7414556e+02
   1.000e+00    3.7369717e+04  1.7331865e+02
   2.700e+01    3.8544064e+04  1.7397304e+02
   2.000e+00    3.7616032e+04  1.7345443e+02
   2.400e+01    3.8336633e+04  1.7385616e+02
   3.000e+00    3.7952574e+04  1.7364122e+02
   2.100e+01    3.8231592e+04  1.7379719e+02
   4.000e+00    3.7543996e+04  1.7341464e+02
   1.800e+01    3.8230958e+04  1.7379683e+02
   5.000e+00    3.8172194e+04  1.7376390e+02
   1.500e+01    3.8408731e+04  1.7389672e+02
   6.000e+00    3.8221537e+04  1.7379155e+02
   1.200e+01    3.8032712e+04  1.7368591e+02
   7.000e+00    3.8057835e+04  1.7369994e+02
   1.000e+01    3.8044057e+04  1.7369224e+02
   8.000e+00    3.7534641e+04  1.7340947e+02
   4.000e+00    3.7912455e+04  1.7361887e+02
   1.000e+00    3.7035969e+04  1.7313592e+02
   2.700e+01    3.8380082e+04  1.7388060e+02
