0.000e+00	8.3954740e+06	8.3954740e+04
4.000e+01	5.9683425e+06	5.9683425e+04
1.000e+00	4.5587424e+06	4.5587424e+04
3.600e+01	5.9381188e+06	5.9381188e+04
2.000e+00	4.5394328e+06	4.5394328e+04
3.200e+01	5.9633052e+06	5.9633052e+04
3.000e+00	4.7065027e+06	4.7065027e+04
3.000e+01	5.9238465e+06	5.9238465e+04
4.000e+00	4.6292644e+06	4.6292644e+04
2.800e+01	5.8978205e+06	5.8978205e+04
5.000e+00	4.6116339e+06	4.6116339e+04
2.600e+01	5.8424104e+06	5.8424104e+04
6.000e+00	4.6284248e+06	4.6284248e+04
2.400e+01	5.7786048e+06	5.7786048e+04
7.000e+00	4.6787977e+06	4.6787977e+04
2.200e+01	5.7467020e+06	5.7467020e+04
8.000e+00	4.7384055e+06	4.7384055e+04
2.000e+01	5.6577099e+06	5.6577099e+04
9.000e+00	4.8324348e+06	4.8324348e+04
1.800e+01	5.5720761e+06	5.5720761e+04
1.000e+01	4.9676020e+06	4.9676020e+04
1.600e+01	5.4713304e+06	5.4713304e+04
1.100e+01	5.0784222e+06	5.0784222e+04
1.400e+01	5.3453983e+06	5.3453983e+04
1.200e+01	5.1674142e+06	5.1674142e+04
1.000e+00	4.5679774e+06	4.5679774e+04
4.000e+01	5.9708611e+06	5.9708611e+04
2.000e+00	4.6015593e+06	4.6015593e+04
3.600e+01	5.9607865e+06	5.9607865e+04
