0.000e+00	8.4140600e+06	8.4140600e+04
4.000e+01	5.5532796e+06	5.5532796e+04
1.000e+00	4.6193189e+06	4.6193189e+04
3.600e+01	5.5053195e+06	5.5053195e+04
2.000e+00	4.6916799e+06	4.6916799e+04
3.200e+01	5.3883640e+06	5.3883640e+04
3.000e+00	4.6714861e+06	4.6714861e+04
3.000e+01	5.3984609e+06	5.3984609e+04
4.000e+00	4.6361471e+06	4.6361471e+04
2.800e+01	5.2655187e+06	5.2655187e+04
5.000e+00	4.7118736e+06	4.7118736e+04
2.600e+01	5.2327039e+06	5.2327039e+04
6.000e+00	4.7253361e+06	4.7253361e+04
2.400e+01	5.0989204e+06	5.0989204e+04
7.000e+00	4.7118736e+06	4.7118736e+04
2.200e+01	5.0518016e+06	5.0518016e+04
8.000e+00	4.6975697e+06	4.6975697e+04
2.000e+01	4.9541985e+06	4.9541985e+04
9.000e+00	4.7152392e+06	4.7152392e+04
1.800e+01	4.8422915e+06	4.8422915e+04
1.000e+01	4.6874728e+06	4.6874728e+04
1.600e+01	4.7606751e+06	4.7606751e+04
1.100e+01	4.6933627e+06	4.6933627e+04
1.400e+01	4.7017767e+06	4.7017767e+04
1.200e+01	4.6630721e+06	4.6630721e+04
1.000e+00	4.6353057e+06	4.6353057e+04
4.000e+01	5.6088124e+06	5.6088124e+04
2.000e+00	4.6294158e+06	4.6294158e+04
3.600e+01	5.4767117e+06	5.4767117e+04
