0.000e+00	9.1352900e+06	9.1352900e+04
4.000e+01	6.8706516e+06	6.8706516e+04
1.000e+00	5.1714877e+06	5.1714877e+04
3.600e+01	6.8861816e+06	6.8861816e+04
2.000e+00	5.5204557e+06	5.5204557e+04
3.200e+01	6.9473880e+06	6.9473880e+04
3.000e+00	6.0603514e+06	6.0603514e+04
3.000e+01	6.9318581e+06	6.9318581e+04
4.000e+00	6.4422065e+06	6.4422065e+04
2.800e+01	6.9355122e+06	6.9355122e+04
5.000e+00	6.5573112e+06	6.5573112e+04
2.600e+01	6.9620045e+06	6.9620045e+04
6.000e+00	6.7217464e+06	6.7217464e+04
2.400e+01	6.9455610e+06	6.9455610e+04
7.000e+00	6.7564605e+06	6.7564605e+04
2.200e+01	7.0679739e+06	7.0679739e+04
8.000e+00	6.8067046e+06	6.8067046e+04
2.000e+01	6.9757074e+06	6.9757074e+04
9.000e+00	6.8140128e+06	6.8140128e+04
1.800e+01	6.9145010e+06	6.9145010e+04
1.000e+01	6.8651704e+06	6.8651704e+04
1.600e+01	6.9117604e+06	6.9117604e+04
1.100e+01	6.8852681e+06	6.8852681e+04
1.400e+01	6.9245498e+06	6.9245498e+04
1.200e+01	6.9455610e+06	6.9455610e+04
1.000e+00	5.1203300e+06	5.1203300e+04
4.000e+01	6.8797869e+06	6.8797869e+04
2.000e+00	5.5624781e+06	5.5624781e+04
3.600e+01	6.8953169e+06	6.8953169e+04
