0.000e+00	8.4898010e+05	2.1884200e+04
4.000e+01	8.1935069e+05	2.1884200e+04
1.000e+00	8.3318907e+05	2.1884200e+04
3.600e+01	8.3361356e+05	2.1884200e+04
2.000e+00	7.9515476e+05	2.1884200e+04
3.200e+01	7.9074007e+05	2.1884200e+04
3.000e+00	7.9235313e+05	2.1884200e+04
3.000e+01	7.9532456e+05	2.1884200e+04
4.000e+00	7.9787150e+05	2.1884200e+04
2.800e+01	8.0288048e+05	2.1884200e+04
5.000e+00	8.2699152e+05	2.1884200e+04
2.600e+01	8.1629437e+05	2.1884200e+04
6.000e+00	8.3964132e+05	2.1884200e+04
2.400e+01	8.4923479e+05	2.1884200e+04
7.000e+00	8.6570501e+05	2.1884200e+04
2.200e+01	7.9651313e+05	2.1884200e+04
8.000e+00	8.1680375e+05	2.1884200e+04
2.000e+01	8.0288048e+05	2.1884200e+04
9.000e+00	8.3828295e+05	2.1884200e+04
1.800e+01	8.1824702e+05	2.1884200e+04
1.000e+01	8.3964132e+05	2.1884200e+04
1.600e+01	7.7707149e+05	2.1884200e+04
1.100e+01	8.0746497e+05	2.1884200e+04
1.400e+01	7.9023068e+05	2.1884200e+04
1.200e+01	7.9566415e+05	2.1884200e+04
1.000e+00	8.0449354e+05	2.1884200e+04
4.000e+01	7.9124945e+05	2.1884200e+04
2.000e+00	7.8929680e+05	2.1884200e+04
3.600e+01	7.4727228e+05	2.1884200e+04
