0.000e+00	1.1230170e+06	2.1884200e+04
4.000e+01	9.1368663e+05	2.1884200e+04
1.000e+00	7.9026706e+05	2.1884200e+04
3.600e+01	8.9122629e+05	2.1884200e+04
2.000e+00	8.0924605e+05	2.1884200e+04
3.200e+01	9.1211441e+05	2.1884200e+04
3.000e+00	7.3355470e+05	2.1884200e+04
3.000e+01	9.5142000e+05	2.1884200e+04
4.000e+00	7.9913890e+05	2.1884200e+04
2.800e+01	8.5607586e+05	2.1884200e+04
5.000e+00	8.0947065e+05	2.1884200e+04
2.600e+01	8.5046077e+05	2.1884200e+04
6.000e+00	8.0363097e+05	2.1884200e+04
2.400e+01	8.8594811e+05	2.1884200e+04
7.000e+00	7.9689286e+05	2.1884200e+04
2.200e+01	8.1564725e+05	2.1884200e+04
8.000e+00	8.0497859e+05	2.1884200e+04
2.000e+01	8.8235446e+05	2.1884200e+04
9.000e+00	7.6881744e+05	2.1884200e+04
1.800e+01	8.1295201e+05	2.1884200e+04
1.000e+01	7.8206904e+05	2.1884200e+04
1.600e+01	8.3462623e+05	2.1884200e+04
1.100e+01	8.3058337e+05	2.1884200e+04
1.400e+01	7.7926150e+05	2.1884200e+04
1.200e+01	7.6937895e+05	2.1884200e+04
1.000e+00	7.8498888e+05	2.1884200e+04
4.000e+01	9.4748944e+05	2.1884200e+04
2.000e+00	7.9711747e+05	2.1884200e+04
3.600e+01	9.0211956e+05	2.1884200e+04
