#
#       Peak Name  Overlap_group
#          40N-HN              2
#
# Input frequencies:
#     Omega1    Omega2    Omega3
#      0.000   119.272     8.044
#
# --------- Results of the fit -------------
#
# Parameter        Value           Esd      
# f01(ppm)      1.1927065e+02  1.3262334e-04 
# w1(Hz)        1.3940626e+01  2.9306291e-02 
# g1            8.2984276e-01  9.3663341e-03 
# f02(ppm)      8.0452411e+00  1.7910499e-05 
# w2(Hz)        1.9098662e+01  4.2857362e-02 
# g2            5.4132610e-01  8.6119160e-03 
############################################
#    ncyc_cp        Intensity      Esd(Int.)
   0.000e+00    3.0427893e+04  1.5130741e+02
   2.600e+01    1.7733956e+04  1.0596660e+02
   2.000e+00    1.3114838e+04  9.2724877e+01
   2.200e+01    1.7325709e+04  1.0474485e+02
   4.000e+00    1.3669056e+04  9.4182682e+01
   2.000e+01    1.7095536e+04  1.0405137e+02
   6.000e+00    1.3565807e+04  9.3930754e+01
   1.800e+01    1.6596142e+04  1.0255944e+02
   8.000e+00    1.4108597e+04  9.5438256e+01
   1.600e+01    1.6509227e+04  1.0229553e+02
   1.000e+01    1.5262929e+04  9.8633764e+01
   1.400e+01    1.6321499e+04  1.0172220e+02
   1.200e+01    1.5840491e+04  1.0031896e+02
   4.000e+00    1.3740765e+04  9.4386382e+01
   2.200e+01    1.7424312e+04  1.0503766e+02
