-1.200e+04	8.8343480e+06	8.8343480e+04
6.000e+01	2.2324397e+06	8.8343480e+04
5.700e+01	2.2094704e+06	8.8343480e+04
5.400e+01	2.1803171e+06	8.8343480e+04
5.100e+01	2.0857896e+06	8.8343480e+04
4.800e+01	2.0009798e+06	8.8343480e+04
4.500e+01	1.9117529e+06	8.8343480e+04
4.200e+01	1.7580353e+06	8.8343480e+04
3.900e+01	1.7067960e+06	8.8343480e+04
3.600e+01	1.9144032e+06	8.8343480e+04
3.300e+01	2.1873846e+06	8.8343480e+04
3.000e+01	2.3490531e+06	8.8343480e+04
2.700e+01	2.4594825e+06	8.8343480e+04
2.400e+01	2.5222064e+06	8.8343480e+04
2.100e+01	2.5283904e+06	8.8343480e+04
1.800e+01	2.5248567e+06	8.8343480e+04
1.500e+01	2.5169057e+06	8.8343480e+04
1.200e+01	2.4842187e+06	8.8343480e+04
9.000e+00	2.4488813e+06	8.8343480e+04
6.000e+00	2.3861574e+06	8.8343480e+04
3.000e+00	2.3331513e+06	8.8343480e+04
0.000e+00	2.2324397e+06	8.8343480e+04
-3.000e+00	2.1131760e+06	8.8343480e+04
-6.000e+00	1.9532743e+06	8.8343480e+04
-9.000e+00	1.7076795e+06	8.8343480e+04
-1.200e+01	1.3878761e+06	8.8343480e+04
-1.500e+01	1.0663058e+06	8.8343480e+04
-1.800e+01	7.3943493e+05	8.8343480e+04
-2.100e+01	3.4984018e+05	8.8343480e+04
-2.400e+01	1.0336187e+05	8.8343480e+04
-2.700e+01	7.6858828e+04	8.8343480e+04
-3.000e+01	1.1926370e+05	8.8343480e+04
-3.300e+01	2.4382800e+05	8.8343480e+04
-3.600e+01	4.8765601e+05	8.8343480e+04
-3.900e+01	8.6399923e+05	8.8343480e+04
-4.200e+01	1.2792136e+06	8.8343480e+04
-4.500e+01	1.6113851e+06	8.8343480e+04
-4.800e+01	1.8675812e+06	8.8343480e+04
-5.100e+01	2.0327835e+06	8.8343480e+04
-5.400e+01	2.1167098e+06	8.8343480e+04
-5.700e+01	2.1935686e+06	8.8343480e+04
-6.000e+01	2.2200717e+06	8.8343480e+04
