-1.200e+04	1.3282270e+07	1.3282270e+05
6.000e+01	3.3750248e+06	1.3282270e+05
5.700e+01	3.4547184e+06	1.3282270e+05
5.400e+01	3.5091757e+06	1.3282270e+05
5.100e+01	3.4746418e+06	1.3282270e+05
4.800e+01	3.3059570e+06	1.3282270e+05
4.500e+01	2.9898390e+06	1.3282270e+05
4.200e+01	2.5289442e+06	1.3282270e+05
3.900e+01	2.1623536e+06	1.3282270e+05
3.600e+01	2.2898633e+06	1.3282270e+05
3.300e+01	2.8424058e+06	1.3282270e+05
3.000e+01	3.3099417e+06	1.3282270e+05
2.700e+01	3.5450379e+06	1.3282270e+05
2.400e+01	3.7123945e+06	1.3282270e+05
2.100e+01	3.7934163e+06	1.3282270e+05
1.800e+01	3.8624841e+06	1.3282270e+05
1.500e+01	3.8399043e+06	1.3282270e+05
1.200e+01	3.8027139e+06	1.3282270e+05
9.000e+00	3.8279502e+06	1.3282270e+05
6.000e+00	3.7681800e+06	1.3282270e+05
3.000e+00	3.6991122e+06	1.3282270e+05
0.000e+00	3.6194186e+06	1.3282270e+05
-3.000e+00	3.5357403e+06	1.3282270e+05
-6.000e+00	3.4002611e+06	1.3282270e+05
-9.000e+00	3.2023553e+06	1.3282270e+05
-1.200e+01	2.9353817e+06	1.3282270e+05
-1.500e+01	2.4731587e+06	1.3282270e+05
-1.800e+01	1.9073340e+06	1.3282270e+05
-2.100e+01	1.1874349e+06	1.3282270e+05
-2.400e+01	4.8214640e+05	1.3282270e+05
-2.700e+01	2.5236313e+04	1.3282270e+05
-3.000e+01	-9.4304117e+04	1.3282270e+05
-3.300e+01	-1.5141788e+05	1.3282270e+05
-3.600e+01	2.1251632e+04	1.3282270e+05
-3.900e+01	6.2825137e+05	1.3282270e+05
-4.200e+01	1.3162730e+06	1.3282270e+05
-4.500e+01	1.9697606e+06	1.3282270e+05
-4.800e+01	2.4917539e+06	1.3282270e+05
-5.100e+01	2.8264671e+06	1.3282270e+05
-5.400e+01	3.0921125e+06	1.3282270e+05
-5.700e+01	3.2661102e+06	1.3282270e+05
-6.000e+01	3.3511167e+06	1.3282270e+05
