-1.200e+04	1.5222730e+07	1.5222730e+05
6.000e+01	3.6184429e+06	1.5222730e+05
5.700e+01	3.2957210e+06	1.5222730e+05
5.400e+01	3.2043847e+06	1.5222730e+05
5.100e+01	3.4007579e+06	1.5222730e+05
4.800e+01	3.7600143e+06	1.5222730e+05
4.500e+01	4.0949144e+06	1.5222730e+05
4.200e+01	4.3247776e+06	1.5222730e+05
3.900e+01	4.4754826e+06	1.5222730e+05
3.600e+01	4.5226731e+06	1.5222730e+05
3.300e+01	4.5439849e+06	1.5222730e+05
3.000e+01	4.5592076e+06	1.5222730e+05
2.700e+01	4.5424626e+06	1.5222730e+05
2.400e+01	4.5074504e+06	1.5222730e+05
2.100e+01	4.4328590e+06	1.5222730e+05
1.800e+01	4.3491340e+06	1.5222730e+05
1.500e+01	4.2471417e+06	1.5222730e+05
1.200e+01	4.0720803e+06	1.5222730e+05
9.000e+00	3.8665734e+06	1.5222730e+05
6.000e+00	3.5910420e+06	1.5222730e+05
3.000e+00	3.2196074e+06	1.5222730e+05
0.000e+00	2.6731114e+06	1.5222730e+05
-3.000e+00	2.0078781e+06	1.5222730e+05
-6.000e+00	1.2330411e+06	1.5222730e+05
-9.000e+00	6.0282011e+05	1.5222730e+05
-1.200e+01	2.0246231e+05	1.5222730e+05
-1.500e+01	1.0047002e+05	1.5222730e+05
-1.800e+01	1.5679412e+05	1.5222730e+05
-2.100e+01	4.4754826e+05	1.5222730e+05
-2.400e+01	9.6816563e+05	1.5222730e+05
-2.700e+01	1.5831639e+06	1.5222730e+05
-3.000e+01	2.2468749e+06	1.5222730e+05
-3.300e+01	2.8101160e+06	1.5222730e+05
-3.600e+01	3.2515751e+06	1.5222730e+05
-3.900e+01	3.5788638e+06	1.5222730e+05
-4.200e+01	3.7980711e+06	1.5222730e+05
-4.500e+01	3.9533430e+06	1.5222730e+05
-4.800e+01	4.0522907e+06	1.5222730e+05
-5.100e+01	4.1025257e+06	1.5222730e+05
-5.400e+01	4.0644689e+06	1.5222730e+05
-5.700e+01	3.9015857e+06	1.5222730e+05
-6.000e+01	3.6230097e+06	1.5222730e+05
