-1.200e+04	1.1733790e+07	1.1733790e+05
6.000e+01	3.1176680e+06	1.1733790e+05
5.700e+01	3.1047608e+06	1.1733790e+05
5.400e+01	3.0918537e+06	1.1733790e+05
5.100e+01	3.0378782e+06	1.1733790e+05
4.800e+01	3.0988939e+06	1.1733790e+05
4.500e+01	3.1868974e+06	1.1733790e+05
4.200e+01	3.2631670e+06	1.1733790e+05
3.900e+01	3.3652510e+06	1.1733790e+05
3.600e+01	3.4708551e+06	1.1733790e+05
3.300e+01	3.5717657e+06	1.1733790e+05
3.000e+01	3.5776326e+06	1.1733790e+05
2.700e+01	3.5095766e+06	1.1733790e+05
2.400e+01	3.5177902e+06	1.1733790e+05
2.100e+01	3.4602947e+06	1.1733790e+05
1.800e+01	3.4250933e+06	1.1733790e+05
1.500e+01	3.3910653e+06	1.1733790e+05
1.200e+01	3.3171424e+06	1.1733790e+05
9.000e+00	3.2068448e+06	1.1733790e+05
6.000e+00	3.1153212e+06	1.1733790e+05
3.000e+00	2.9768625e+06	1.1733790e+05
0.000e+00	2.7914686e+06	1.1733790e+05
-3.000e+00	2.5180713e+06	1.1733790e+05
-6.000e+00	2.1836583e+06	1.1733790e+05
-9.000e+00	1.7882296e+06	1.1733790e+05
-1.200e+01	1.3270916e+06	1.1733790e+05
-1.500e+01	8.3896598e+05	1.1733790e+05
-1.800e+01	3.4145329e+05	1.1733790e+05
-2.100e+01	-6.2189087e+04	1.1733790e+05
-2.400e+01	-2.3819594e+05	1.1733790e+05
-2.700e+01	-1.3376521e+05	1.1733790e+05
-3.000e+01	1.1733790e+05	1.1733790e+05
-3.300e+01	5.7378233e+05	1.1733790e+05
-3.600e+01	1.1968466e+06	1.1733790e+05
-3.900e+01	1.7952699e+06	1.1733790e+05
-4.200e+01	2.2540611e+06	1.1733790e+05
-4.500e+01	2.5239382e+06	1.1733790e+05
-4.800e+01	2.6952516e+06	1.1733790e+05
-5.100e+01	2.8653915e+06	1.1733790e+05
-5.400e+01	2.9862496e+06	1.1733790e+05
-5.700e+01	3.0848134e+06	1.1733790e+05
-6.000e+01	3.1141479e+06	1.1733790e+05
