-1.200e+04	4.3167420e+06	4.3167420e+04
6.000e+01	6.8161356e+05	4.3167420e+04
5.700e+01	5.1239728e+05	4.3167420e+04
5.400e+01	3.4274931e+05	4.3167420e+04
5.100e+01	1.8173484e+05	4.3167420e+04
4.800e+01	9.6263347e+04	4.3167420e+04
4.500e+01	6.4319456e+04	4.3167420e+04
4.200e+01	7.3816288e+04	4.3167420e+04
3.900e+01	8.8061537e+04	4.3167420e+04
3.600e+01	1.3770407e+05	4.3167420e+04
3.300e+01	2.7929321e+05	4.3167420e+04
3.000e+01	4.3555927e+05	4.3167420e+04
2.700e+01	5.9743709e+05	4.3167420e+04
2.400e+01	7.3686786e+05	4.3167420e+04
2.100e+01	8.4651311e+05	4.3167420e+04
1.800e+01	9.4838822e+05	4.3167420e+04
1.500e+01	9.9457736e+05	4.3167420e+04
1.200e+01	1.0342914e+06	4.3167420e+04
9.000e+00	1.0761638e+06	4.3167420e+04
6.000e+00	1.1003375e+06	4.3167420e+04
3.000e+00	1.1340081e+06	4.3167420e+04
0.000e+00	1.1279647e+06	4.3167420e+04
-3.000e+00	1.1236479e+06	4.3167420e+04
-6.000e+00	1.0895457e+06	4.3167420e+04
-9.000e+00	1.0200461e+06	4.3167420e+04
-1.200e+01	9.7169862e+05	4.3167420e+04
-1.500e+01	9.5659003e+05	4.3167420e+04
-1.800e+01	1.0006208e+06	4.3167420e+04
-2.100e+01	1.0761638e+06	4.3167420e+04
-2.400e+01	1.1365982e+06	4.3167420e+04
-2.700e+01	1.1948742e+06	4.3167420e+04
-3.000e+01	1.2259547e+06	4.3167420e+04
-3.300e+01	1.2086878e+06	4.3167420e+04
-3.600e+01	1.2130045e+06	4.3167420e+04
-3.900e+01	1.1732905e+06	4.3167420e+04
-4.200e+01	1.1560235e+06	4.3167420e+04
-4.500e+01	1.1271013e+06	4.3167420e+04
-4.800e+01	1.0623502e+06	4.3167420e+04
-5.100e+01	1.0027792e+06	4.3167420e+04
-5.400e+01	9.2637283e+05	4.3167420e+04
-5.700e+01	8.0118732e+05	4.3167420e+04
-6.000e+01	6.8852035e+05	4.3167420e+04
