-1.200e+04	2.6800640e+06	2.6800640e+04
6.000e+01	4.8535959e+05	2.6800640e+04
5.700e+01	3.9262938e+05	2.6800640e+04
5.400e+01	3.0418726e+05	2.6800640e+04
5.100e+01	2.0904499e+05	2.6800640e+04
4.800e+01	1.4123937e+05	2.6800640e+04
4.500e+01	9.2194202e+04	2.6800640e+04
4.200e+01	7.7989862e+04	2.6800640e+04
3.900e+01	8.9782144e+04	2.6800640e+04
3.600e+01	9.6214298e+04	2.6800640e+04
3.300e+01	1.3159114e+05	2.6800640e+04
3.000e+01	2.3798968e+05	2.6800640e+04
2.700e+01	3.2080366e+05	2.6800640e+04
2.400e+01	4.1165783e+05	2.6800640e+04
2.100e+01	5.0492406e+05	2.6800640e+04
1.800e+01	5.7353370e+05	2.6800640e+04
1.500e+01	6.3544317e+05	2.6800640e+04
1.200e+01	6.7028401e+05	2.6800640e+04
9.000e+00	6.9065249e+05	2.6800640e+04
6.000e+00	6.8824044e+05	2.6800640e+04
3.000e+00	7.0298079e+05	2.6800640e+04
0.000e+00	6.9011648e+05	2.6800640e+04
-3.000e+00	6.3812324e+05	2.6800640e+04
-6.000e+00	6.1239462e+05	2.6800640e+04
-9.000e+00	5.7219366e+05	2.6800640e+04
-1.200e+01	5.3762084e+05	2.6800640e+04
-1.500e+01	5.4968113e+05	2.6800640e+04
-1.800e+01	6.1427067e+05	2.6800640e+04
-2.100e+01	6.8609638e+05	2.6800640e+04
-2.400e+01	7.0592886e+05	2.6800640e+04
-2.700e+01	7.6140618e+05	2.6800640e+04
-3.000e+01	7.8231068e+05	2.6800640e+04
-3.300e+01	7.7641454e+05	2.6800640e+04
-3.600e+01	7.6971438e+05	2.6800640e+04
-3.900e+01	7.2763738e+05	2.6800640e+04
-4.200e+01	7.5470602e+05	2.6800640e+04
-4.500e+01	7.3808963e+05	2.6800640e+04
-4.800e+01	7.1584509e+05	2.6800640e+04
-5.100e+01	6.8288031e+05	2.6800640e+04
-5.400e+01	6.0810652e+05	2.6800640e+04
-5.700e+01	5.7299768e+05	2.6800640e+04
-6.000e+01	4.9768788e+05	2.6800640e+04
