-1.200e+04	3.3475980e+06	3.3475980e+04
6.000e+01	9.3866648e+05	3.3475980e+04
5.700e+01	8.7004072e+05	3.3475980e+04
5.400e+01	8.3857330e+05	3.3475980e+04
5.100e+01	7.7262562e+05	3.3475980e+04
4.800e+01	6.7487576e+05	3.3475980e+04
4.500e+01	5.6641358e+05	3.3475980e+04
4.200e+01	4.4188294e+05	3.3475980e+04
3.900e+01	3.1601325e+05	3.3475980e+04
3.600e+01	1.7072750e+05	3.3475980e+04
3.300e+01	9.3732744e+04	3.3475980e+04
3.000e+01	8.9380867e+04	3.3475980e+04
2.700e+01	1.0243650e+05	3.3475980e+04
2.400e+01	1.2553492e+05	3.3475980e+04
2.100e+01	1.6168898e+05	3.3475980e+04
1.800e+01	2.7885491e+05	3.3475980e+04
1.500e+01	3.8497377e+05	3.3475980e+04
1.200e+01	5.3561568e+05	3.3475980e+04
9.000e+00	6.3738266e+05	3.3475980e+04
6.000e+00	7.3580204e+05	3.3475980e+04
3.000e+00	8.1112300e+05	3.3475980e+04
0.000e+00	8.4861609e+05	3.3475980e+04
-3.000e+00	8.9313915e+05	3.3475980e+04
-6.000e+00	9.0586002e+05	3.3475980e+04
-9.000e+00	9.0385146e+05	3.3475980e+04
-1.200e+01	8.8343111e+05	3.3475980e+04
-1.500e+01	8.7640116e+05	3.3475980e+04
-1.800e+01	8.5899365e+05	3.3475980e+04
-2.100e+01	7.6994754e+05	3.3475980e+04
-2.400e+01	7.2207689e+05	3.3475980e+04
-2.700e+01	6.7353672e+05	3.3475980e+04
-3.000e+01	7.7296038e+05	3.3475980e+04
-3.300e+01	8.5631557e+05	3.3475980e+04
-3.600e+01	9.5808255e+05	3.3475980e+04
-3.900e+01	9.9122377e+05	3.3475980e+04
-4.200e+01	1.0129832e+06	3.3475980e+04
-4.500e+01	1.0246997e+06	3.3475980e+04
-4.800e+01	1.0240302e+06	3.3475980e+04
-5.100e+01	1.0170003e+06	3.3475980e+04
-5.400e+01	1.0039446e+06	3.3475980e+04
-5.700e+01	9.9088901e+05	3.3475980e+04
-6.000e+01	9.4904403e+05	3.3475980e+04
