-1.200e+04	5.7194640e+06	5.7194640e+04
6.000e+01	1.0180646e+05	5.7194640e+04
5.700e+01	1.6643640e+05	5.7194640e+04
5.400e+01	3.4545563e+05	5.7194640e+04
5.100e+01	5.3248210e+05	5.7194640e+04
4.800e+01	7.4124253e+05	5.7194640e+04
4.500e+01	9.6944915e+05	5.7194640e+04
4.200e+01	1.1198711e+06	5.7194640e+04
3.900e+01	1.2571382e+06	5.7194640e+04
3.600e+01	1.3675238e+06	5.7194640e+04
3.300e+01	1.4189990e+06	5.7194640e+04
3.000e+01	1.4413049e+06	5.7194640e+04
2.700e+01	1.4407330e+06	5.7194640e+04
2.400e+01	1.4373013e+06	5.7194640e+04
2.100e+01	1.3543691e+06	5.7194640e+04
1.800e+01	1.2840197e+06	5.7194640e+04
1.500e+01	1.1541878e+06	5.7194640e+04
1.200e+01	1.1627670e+06	5.7194640e+04
9.000e+00	1.2336884e+06	5.7194640e+04
6.000e+00	1.3206242e+06	5.7194640e+04
3.000e+00	1.4087040e+06	5.7194640e+04
0.000e+00	1.5431114e+06	5.7194640e+04
-3.000e+00	1.5825757e+06	5.7194640e+04
-6.000e+00	1.6317631e+06	5.7194640e+04
-9.000e+00	1.6311911e+06	5.7194640e+04
-1.200e+01	1.6380545e+06	5.7194640e+04
-1.500e+01	1.6146047e+06	5.7194640e+04
-1.800e+01	1.6014499e+06	5.7194640e+04
-2.100e+01	1.5677051e+06	5.7194640e+04
-2.400e+01	1.5368200e+06	5.7194640e+04
-2.700e+01	1.5030751e+06	5.7194640e+04
-3.000e+01	1.4338696e+06	5.7194640e+04
-3.300e+01	1.3612324e+06	5.7194640e+04
-3.600e+01	1.2628577e+06	5.7194640e+04
-3.900e+01	1.1170113e+06	5.7194640e+04
-4.200e+01	9.2026176e+05	5.7194640e+04
-4.500e+01	7.0292213e+05	5.7194640e+04
-4.800e+01	4.9358974e+05	5.7194640e+04
-5.100e+01	3.1628636e+05	5.7194640e+04
-5.400e+01	2.0532876e+05	5.7194640e+04
-5.700e+01	1.3211962e+05	5.7194640e+04
-6.000e+01	9.7230888e+04	5.7194640e+04
