-1.200e+04	1.5161240e+06	2.0712800e+04
6.000e+01	1.0612868e+03	2.0712800e+04
5.700e+01	-1.2887054e+04	2.0712800e+04
5.400e+01	5.3670790e+04	2.0712800e+04
5.100e+01	1.1780283e+05	2.0712800e+04
4.800e+01	2.0846705e+05	2.0712800e+04
4.500e+01	2.4470241e+05	2.0712800e+04
4.200e+01	2.8912485e+05	2.0712800e+04
3.900e+01	3.5113432e+05	2.0712800e+04
3.600e+01	3.7842455e+05	2.0712800e+04
3.300e+01	3.9373740e+05	2.0712800e+04
3.000e+01	3.8555033e+05	2.0712800e+04
2.700e+01	4.1223412e+05	2.0712800e+04
2.400e+01	4.0920187e+05	2.0712800e+04
2.100e+01	4.0859542e+05	2.0712800e+04
1.800e+01	4.2572762e+05	2.0712800e+04
1.500e+01	4.2057280e+05	2.0712800e+04
1.200e+01	3.9161483e+05	2.0712800e+04
9.000e+00	3.8266970e+05	2.0712800e+04
6.000e+00	3.8266970e+05	2.0712800e+04
3.000e+00	3.9601159e+05	2.0712800e+04
0.000e+00	4.1268895e+05	2.0712800e+04
-3.000e+00	4.3042760e+05	2.0712800e+04
-6.000e+00	4.5817267e+05	2.0712800e+04
-9.000e+00	4.2572762e+05	2.0712800e+04
-1.200e+01	4.1344701e+05	2.0712800e+04
-1.500e+01	4.4437594e+05	2.0712800e+04
-1.800e+01	4.5620171e+05	2.0712800e+04
-2.100e+01	4.6363072e+05	2.0712800e+04
-2.400e+01	4.5483720e+05	2.0712800e+04
-2.700e+01	4.0541156e+05	2.0712800e+04
-3.000e+01	3.8297292e+05	2.0712800e+04
-3.300e+01	3.9449546e+05	2.0712800e+04
-3.600e+01	3.4946658e+05	2.0712800e+04
-3.900e+01	3.1671830e+05	2.0712800e+04
-4.200e+01	2.7775392e+05	2.0712800e+04
-4.500e+01	2.2726699e+05	2.0712800e+04
-4.800e+01	1.2993183e+05	2.0712800e+04
-5.100e+01	5.3064340e+04	2.0712800e+04
-5.400e+01	3.5932139e+04	2.0712800e+04
-5.700e+01	-9.2483564e+03	2.0712800e+04
-6.000e+01	-4.5483720e+03	2.0712800e+04
