-1.200e+04	4.6684830e+07	4.6684830e+05
6.000e+01	1.1591843e+07	4.6684830e+05
5.700e+01	1.1204359e+07	4.6684830e+05
5.400e+01	1.0662815e+07	4.6684830e+05
5.100e+01	9.9205264e+06	4.6684830e+05
4.800e+01	8.8701177e+06	4.6684830e+05
4.500e+01	7.3528607e+06	4.6684830e+05
4.200e+01	5.1960216e+06	4.6684830e+05
3.900e+01	2.6563668e+06	4.6684830e+05
3.600e+01	9.1035419e+05	4.6684830e+05
3.300e+01	4.7151678e+05	4.6684830e+05
3.000e+01	5.9289734e+05	4.6684830e+05
2.700e+01	1.6853224e+06	4.6684830e+05
2.400e+01	3.9588736e+06	4.6684830e+05
2.100e+01	6.2044139e+06	4.6684830e+05
1.800e+01	7.8990732e+06	4.6684830e+05
1.500e+01	9.2155854e+06	4.6684830e+05
1.200e+01	1.0121271e+07	4.6684830e+05
9.000e+00	1.0765522e+07	4.6684830e+05
6.000e+00	1.1176348e+07	4.6684830e+05
3.000e+00	1.1465794e+07	4.6684830e+05
0.000e+00	1.1657202e+07	4.6684830e+05
-3.000e+00	1.1764577e+07	4.6684830e+05
-6.000e+00	1.1731898e+07	4.6684830e+05
-9.000e+00	1.1619854e+07	4.6684830e+05
-1.200e+01	1.1377093e+07	4.6684830e+05
-1.500e+01	1.0900908e+07	4.6684830e+05
-1.800e+01	1.0013896e+07	4.6684830e+05
-2.100e+01	8.7253947e+06	4.6684830e+05
-2.400e+01	7.6843230e+06	4.6684830e+05
-2.700e+01	8.3472476e+06	4.6684830e+05
-3.000e+01	9.8691731e+06	4.6684830e+05
-3.300e+01	1.0980272e+07	4.6684830e+05
-3.600e+01	1.1671208e+07	4.6684830e+05
-3.900e+01	1.2054023e+07	4.6684830e+05
-4.200e+01	1.2226757e+07	4.6684830e+05
-4.500e+01	1.2301453e+07	4.6684830e+05
-4.800e+01	1.2296784e+07	4.6684830e+05
-5.100e+01	1.2236094e+07	4.6684830e+05
-5.400e+01	1.2086702e+07	4.6684830e+05
-5.700e+01	1.1885958e+07	4.6684830e+05
-6.000e+01	1.1596512e+07	4.6684830e+05
