-1.200e+04	1.3712120e+08	1.3712120e+06
6.000e+01	3.5788633e+07	1.3712120e+06
5.700e+01	3.5610376e+07	1.3712120e+06
5.400e+01	3.5308709e+07	1.3712120e+06
5.100e+01	3.4568255e+07	1.3712120e+06
4.800e+01	3.2936512e+07	1.3712120e+06
4.500e+01	2.9398785e+07	1.3712120e+06
4.200e+01	2.6958028e+07	1.3712120e+06
3.900e+01	3.0742573e+07	1.3712120e+06
3.600e+01	3.4143179e+07	1.3712120e+06
3.300e+01	3.5500679e+07	1.3712120e+06
3.000e+01	3.6104012e+07	1.3712120e+06
2.700e+01	3.6117724e+07	1.3712120e+06
2.400e+01	3.6158860e+07	1.3712120e+06
2.100e+01	3.6076588e+07	1.3712120e+06
1.800e+01	3.6241133e+07	1.3712120e+06
1.500e+01	3.6104012e+07	1.3712120e+06
1.200e+01	3.6021739e+07	1.3712120e+06
9.000e+00	3.5816057e+07	1.3712120e+06
6.000e+00	3.5377270e+07	1.3712120e+06
3.000e+00	3.4965906e+07	1.3712120e+06
0.000e+00	3.4225452e+07	1.3712120e+06
-3.000e+00	3.3183330e+07	1.3712120e+06
-6.000e+00	3.1537876e+07	1.3712120e+06
-9.000e+00	2.8630907e+07	1.3712120e+06
-1.200e+01	2.3187195e+07	1.3712120e+06
-1.500e+01	1.2669999e+07	1.3712120e+06
-1.800e+01	1.8511362e+06	1.3712120e+06
-2.100e+01	1.5768938e+06	1.3712120e+06
-2.400e+01	7.4593933e+06	1.3712120e+06
-2.700e+01	1.9142120e+07	1.3712120e+06
-3.000e+01	2.6436967e+07	1.3712120e+06
-3.300e+01	3.0358634e+07	1.3712120e+06
-3.600e+01	3.2388027e+07	1.3712120e+06
-3.900e+01	3.3690679e+07	1.3712120e+06
-4.200e+01	3.4472270e+07	1.3712120e+06
-4.500e+01	3.4979618e+07	1.3712120e+06
-4.800e+01	3.5432118e+07	1.3712120e+06
-5.100e+01	3.5610376e+07	1.3712120e+06
-5.400e+01	3.5857194e+07	1.3712120e+06
-5.700e+01	3.5898330e+07	1.3712120e+06
-6.000e+01	3.5816057e+07	1.3712120e+06
