-1.200e+04	8.8088870e+06	8.8088870e+04
6.000e+01	1.5671010e+06	8.8088870e+04
5.700e+01	1.3169286e+06	8.8088870e+04
5.400e+01	9.9716601e+05	8.8088870e+04
5.100e+01	6.4128697e+05	8.8088870e+04
4.800e+01	3.9199547e+05	8.8088870e+04
4.500e+01	3.3914215e+05	8.8088870e+04
4.200e+01	2.9862127e+05	8.8088870e+04
3.900e+01	3.0654927e+05	8.8088870e+04
3.600e+01	3.9992347e+05	8.8088870e+04
3.300e+01	6.9149763e+05	8.8088870e+04
3.000e+01	1.0024513e+06	8.8088870e+04
2.700e+01	1.2922637e+06	8.8088870e+04
2.400e+01	1.5389126e+06	8.8088870e+04
2.100e+01	1.7423978e+06	8.8088870e+04
1.800e+01	1.9088858e+06	8.8088870e+04
1.500e+01	2.0357338e+06	8.8088870e+04
1.200e+01	2.1696289e+06	8.8088870e+04
9.000e+00	2.2453853e+06	8.8088870e+04
6.000e+00	2.3070475e+06	8.8088870e+04
3.000e+00	2.3361168e+06	8.8088870e+04
0.000e+00	2.3281888e+06	8.8088870e+04
-3.000e+00	2.3255462e+06	8.8088870e+04
-6.000e+00	2.2409809e+06	8.8088870e+04
-9.000e+00	2.0868253e+06	8.8088870e+04
-1.200e+01	1.9450022e+06	8.8088870e+04
-1.500e+01	1.9326698e+06	8.8088870e+04
-1.800e+01	2.0991578e+06	8.8088870e+04
-2.100e+01	2.2955960e+06	8.8088870e+04
-2.400e+01	2.4136350e+06	8.8088870e+04
-2.700e+01	2.4338955e+06	8.8088870e+04
-3.000e+01	2.4770590e+06	8.8088870e+04
-3.300e+01	2.4937959e+06	8.8088870e+04
-3.600e+01	2.5017239e+06	8.8088870e+04
-3.900e+01	2.4673692e+06	8.8088870e+04
-4.200e+01	2.4453470e+06	8.8088870e+04
-4.500e+01	2.3581390e+06	8.8088870e+04
-4.800e+01	2.2876680e+06	8.8088870e+04
-5.100e+01	2.1572964e+06	8.8088870e+04
-5.400e+01	1.9872849e+06	8.8088870e+04
-5.700e+01	1.7978938e+06	8.8088870e+04
-6.000e+01	1.5785526e+06	8.8088870e+04
