-1.200e+04	1.2966230e+07	1.2966230e+05
6.000e+01	3.5566369e+06	1.2966230e+05
5.700e+01	3.4178982e+06	1.2966230e+05
5.400e+01	3.3076853e+06	1.2966230e+05
5.100e+01	3.1157851e+06	1.2966230e+05
4.800e+01	2.8772064e+06	1.2966230e+05
4.500e+01	2.5958392e+06	1.2966230e+05
4.200e+01	2.2185220e+06	1.2966230e+05
3.900e+01	1.7997127e+06	1.2966230e+05
3.600e+01	1.3290386e+06	1.2966230e+05
3.300e+01	8.8948338e+05	1.2966230e+05
3.000e+01	5.2253907e+05	1.2966230e+05
2.700e+01	3.2285913e+05	1.2966230e+05
2.400e+01	2.3598539e+05	1.2966230e+05
2.100e+01	3.1378277e+05	1.2966230e+05
1.800e+01	5.3680192e+05	1.2966230e+05
1.500e+01	9.6728076e+05	1.2966230e+05
1.200e+01	1.4911164e+06	1.2966230e+05
9.000e+00	1.9877231e+06	1.2966230e+05
6.000e+00	2.3870829e+06	1.2966230e+05
3.000e+00	2.7384678e+06	1.2966230e+05
0.000e+00	3.0003856e+06	1.2966230e+05
-3.000e+00	3.2130318e+06	1.2966230e+05
-6.000e+00	3.3686266e+06	1.2966230e+05
-9.000e+00	3.4645767e+06	1.2966230e+05
-1.200e+01	3.5307044e+06	1.2966230e+05
-1.500e+01	3.5475605e+06	1.2966230e+05
-1.800e+01	3.5747896e+06	1.2966230e+05
-2.100e+01	3.5151450e+06	1.2966230e+05
-2.400e+01	3.4269746e+06	1.2966230e+05
-2.700e+01	3.3245414e+06	1.2966230e+05
-3.000e+01	3.2610068e+06	1.2966230e+05
-3.300e+01	3.2623035e+06	1.2966230e+05
-3.600e+01	3.3413975e+06	1.2966230e+05
-3.900e+01	3.4632800e+06	1.2966230e+05
-4.200e+01	3.5540436e+06	1.2966230e+05
-4.500e+01	3.6188748e+06	1.2966230e+05
-4.800e+01	3.6512904e+06	1.2966230e+05
-5.100e+01	3.6850026e+06	1.2966230e+05
-5.400e+01	3.6901891e+06	1.2966230e+05
-5.700e+01	3.6162815e+06	1.2966230e+05
-6.000e+01	3.5397808e+06	1.2966230e+05
