-1.200e+04	1.0439520e+07	1.0439520e+05
6.000e+01	2.8364176e+06	1.0439520e+05
5.700e+01	2.9293293e+06	1.0439520e+05
5.400e+01	2.9272414e+06	1.0439520e+05
5.100e+01	2.9700434e+06	1.0439520e+05
4.800e+01	2.9596039e+06	1.0439520e+05
4.500e+01	2.9032305e+06	1.0439520e+05
4.200e+01	2.8959228e+06	1.0439520e+05
3.900e+01	2.8228462e+06	1.0439520e+05
3.600e+01	2.7288905e+06	1.0439520e+05
3.300e+01	2.6234514e+06	1.0439520e+05
3.000e+01	2.4679025e+06	1.0439520e+05
2.700e+01	2.2570242e+06	1.0439520e+05
2.400e+01	1.9657616e+06	1.0439520e+05
2.100e+01	1.5680159e+06	1.0439520e+05
1.800e+01	1.0690068e+06	1.0439520e+05
1.500e+01	4.6038283e+05	1.0439520e+05
1.200e+01	1.0648310e+05	1.0439520e+05
9.000e+00	2.6098800e+04	1.0439520e+05
6.000e+00	3.1318560e+03	1.0439520e+05
3.000e+00	1.0126334e+05	1.0439520e+05
0.000e+00	3.8208643e+05	1.0439520e+05
-3.000e+00	9.1867776e+05	1.0439520e+05
-6.000e+00	1.3957638e+06	1.0439520e+05
-9.000e+00	1.8592785e+06	1.0439520e+05
-1.200e+01	2.1578488e+06	1.0439520e+05
-1.500e+01	2.3666392e+06	1.0439520e+05
-1.800e+01	2.5409792e+06	1.0439520e+05
-2.100e+01	2.6704292e+06	1.0439520e+05
-2.400e+01	2.7508135e+06	1.0439520e+05
-2.700e+01	2.8061430e+06	1.0439520e+05
-3.000e+01	2.8646043e+06	1.0439520e+05
-3.300e+01	2.8572966e+06	1.0439520e+05
-3.600e+01	2.8969668e+06	1.0439520e+05
-3.900e+01	2.8218023e+06	1.0439520e+05
-4.200e+01	2.6599897e+06	1.0439520e+05
-4.500e+01	2.4710344e+06	1.0439520e+05
-4.800e+01	2.1630685e+06	1.0439520e+05
-5.100e+01	2.0670250e+06	1.0439520e+05
-5.400e+01	2.3029581e+06	1.0439520e+05
-5.700e+01	2.6338909e+06	1.0439520e+05
-6.000e+01	2.7915276e+06	1.0439520e+05
