-1.200e+04	1.6562860e+07	1.6562860e+05
6.000e+01	1.0252410e+06	1.6562860e+05
5.700e+01	2.4016147e+05	1.6562860e+05
5.400e+01	8.9439444e+04	1.6562860e+05
5.100e+01	7.7845442e+04	1.6562860e+05
4.800e+01	4.7369780e+05	1.6562860e+05
4.500e+01	1.2239954e+06	1.6562860e+05
4.200e+01	1.9328858e+06	1.6562860e+05
3.900e+01	2.6517139e+06	1.6562860e+05
3.600e+01	3.1866943e+06	1.6562860e+05
3.300e+01	3.5676400e+06	1.6562860e+05
3.000e+01	3.8608027e+06	1.6562860e+05
2.700e+01	4.0413378e+06	1.6562860e+05
2.400e+01	4.2003413e+06	1.6562860e+05
2.100e+01	4.3146250e+06	1.6562860e+05
1.800e+01	4.3030310e+06	1.6562860e+05
1.500e+01	4.3212502e+06	1.6562860e+05
1.200e+01	4.2566550e+06	1.6562860e+05
9.000e+00	4.1274647e+06	1.6562860e+05
6.000e+00	3.8177392e+06	1.6562860e+05
3.000e+00	3.3572917e+06	1.6562860e+05
0.000e+00	2.7759353e+06	1.6562860e+05
-3.000e+00	2.5771810e+06	1.6562860e+05
-6.000e+00	2.9349388e+06	1.6562860e+05
-9.000e+00	3.5527335e+06	1.6562860e+05
-1.200e+01	4.0860576e+06	1.6562860e+05
-1.500e+01	4.3841890e+06	1.6562860e+05
-1.800e+01	4.5845996e+06	1.6562860e+05
-2.100e+01	4.6276631e+06	1.6562860e+05
-2.400e+01	4.6740391e+06	1.6562860e+05
-2.700e+01	4.6806642e+06	1.6562860e+05
-3.000e+01	4.6856331e+06	1.6562860e+05
-3.300e+01	4.5879122e+06	1.6562860e+05
-3.600e+01	4.5663805e+06	1.6562860e+05
-3.900e+01	4.4852225e+06	1.6562860e+05
-4.200e+01	4.3096562e+06	1.6562860e+05
-4.500e+01	4.1224959e+06	1.6562860e+05
-4.800e+01	3.8707404e+06	1.6562860e+05
-5.100e+01	3.4931072e+06	1.6562860e+05
-5.400e+01	2.9399076e+06	1.6562860e+05
-5.700e+01	2.1283275e+06	1.6562860e+05
-6.000e+01	1.0252410e+06	1.6562860e+05
