-1.200e+04	2.2379640e+07	2.2379640e+05
6.000e+01	5.4539183e+06	2.2379640e+05
5.700e+01	5.2010283e+06	2.2379640e+05
5.400e+01	4.7579115e+06	2.2379640e+05
5.100e+01	4.1491853e+06	2.2379640e+05
4.800e+01	3.7015925e+06	2.2379640e+05
4.500e+01	3.7732073e+06	2.2379640e+05
4.200e+01	4.4311687e+06	2.2379640e+05
3.900e+01	5.0846542e+06	2.2379640e+05
3.600e+01	5.4919637e+06	2.2379640e+05
3.300e+01	5.8567518e+06	2.2379640e+05
3.000e+01	6.0066954e+06	2.2379640e+05
2.700e+01	6.1275454e+06	2.2379640e+05
2.400e+01	6.1678288e+06	2.2379640e+05
2.100e+01	6.2170640e+06	2.2379640e+05
1.800e+01	6.1700667e+06	2.2379640e+05
1.500e+01	6.1566390e+06	2.2379640e+05
1.200e+01	6.0648824e+06	2.2379640e+05
9.000e+00	5.9440324e+06	2.2379640e+05
6.000e+00	5.7985647e+06	2.2379640e+05
3.000e+00	5.6105757e+06	2.2379640e+05
0.000e+00	5.3308302e+06	2.2379640e+05
-3.000e+00	4.8429541e+06	2.2379640e+05
-6.000e+00	4.2185621e+06	2.2379640e+05
-9.000e+00	3.2137163e+06	2.2379640e+05
-1.200e+01	2.0410232e+06	2.2379640e+05
-1.500e+01	1.0361773e+06	2.2379640e+05
-1.800e+01	4.1178538e+05	2.2379640e+05
-2.100e+01	3.6702610e+05	2.2379640e+05
-2.400e+01	8.1909482e+05	2.2379640e+05
-2.700e+01	1.6896628e+06	2.2379640e+05
-3.000e+01	2.7482198e+06	2.2379640e+05
-3.300e+01	3.6120739e+06	2.2379640e+05
-3.600e+01	4.2185621e+06	2.2379640e+05
-3.900e+01	4.6930105e+06	2.2379640e+05
-4.200e+01	5.0779403e+06	2.2379640e+05
-4.500e+01	5.3017367e+06	2.2379640e+05
-4.800e+01	5.4807738e+06	2.2379640e+05
-5.100e+01	5.5904341e+06	2.2379640e+05
-5.400e+01	5.6105757e+06	2.2379640e+05
-5.700e+01	5.5792443e+06	2.2379640e+05
-6.000e+01	5.4494423e+06	2.2379640e+05
