-1.200e+04	4.3187780e+07	4.3187780e+05
6.000e+01	8.7023377e+06	4.3187780e+05
5.700e+01	6.9661889e+06	4.3187780e+05
5.400e+01	4.5044855e+06	4.3187780e+05
5.100e+01	1.7577426e+06	4.3187780e+05
4.800e+01	3.9300880e+05	4.3187780e+05
4.500e+01	9.9331894e+04	4.3187780e+05
4.200e+01	3.2390835e+05	4.3187780e+05
3.900e+01	1.6238605e+06	4.3187780e+05
3.600e+01	3.5845857e+06	4.3187780e+05
3.300e+01	5.5841800e+06	4.3187780e+05
3.000e+01	7.3030536e+06	4.3187780e+05
2.700e+01	8.6548311e+06	4.3187780e+05
2.400e+01	9.6567876e+06	4.3187780e+05
2.100e+01	1.0360748e+07	4.3187780e+05
1.800e+01	1.0831495e+07	4.3187780e+05
1.500e+01	1.1207229e+07	4.3187780e+05
1.200e+01	1.1384299e+07	4.3187780e+05
9.000e+00	1.1462037e+07	4.3187780e+05
6.000e+00	1.1397255e+07	4.3187780e+05
3.000e+00	1.1116535e+07	4.3187780e+05
0.000e+00	1.0511906e+07	4.3187780e+05
-3.000e+00	9.3415168e+06	4.3187780e+05
-6.000e+00	7.9465515e+06	4.3187780e+05
-9.000e+00	7.7608441e+06	4.3187780e+05
-1.200e+01	8.8275822e+06	4.3187780e+05
-1.500e+01	1.0192316e+07	4.3187780e+05
-1.800e+01	1.1241779e+07	4.3187780e+05
-2.100e+01	1.1915509e+07	4.3187780e+05
-2.400e+01	1.2282605e+07	4.3187780e+05
-2.700e+01	1.2489906e+07	4.3187780e+05
-3.000e+01	1.2533094e+07	4.3187780e+05
-3.300e+01	1.2524456e+07	4.3187780e+05
-3.600e+01	1.2472631e+07	4.3187780e+05
-3.900e+01	1.2356024e+07	4.3187780e+05
-4.200e+01	1.2165998e+07	4.3187780e+05
-4.500e+01	1.1954378e+07	4.3187780e+05
-4.800e+01	1.1695251e+07	4.3187780e+05
-5.100e+01	1.1228823e+07	4.3187780e+05
-5.400e+01	1.0663063e+07	4.3187780e+05
-5.700e+01	9.8684077e+06	4.3187780e+05
-6.000e+01	8.6850626e+06	4.3187780e+05
