-1.200e+04	1.8096080e+07	1.8096080e+05
6.000e+01	4.2543884e+06	1.8096080e+05
5.700e+01	3.7911288e+06	1.8096080e+05
5.400e+01	3.2229118e+06	1.8096080e+05
5.100e+01	2.4303035e+06	1.8096080e+05
4.800e+01	1.4476864e+06	1.8096080e+05
4.500e+01	4.3611553e+05	1.8096080e+05
4.200e+01	3.0763336e+04	1.8096080e+05
3.900e+01	4.1620984e+04	1.8096080e+05
3.600e+01	1.8458002e+05	1.8096080e+05
3.300e+01	8.3603890e+05	1.8096080e+05
3.000e+01	1.9091364e+06	1.8096080e+05
2.700e+01	2.8483230e+06	1.8096080e+05
2.400e+01	3.5432125e+06	1.8096080e+05
2.100e+01	3.9992337e+06	1.8096080e+05
1.800e+01	4.2761037e+06	1.8096080e+05
1.500e+01	4.5149720e+06	1.8096080e+05
1.200e+01	4.6543118e+06	1.8096080e+05
9.000e+00	4.7574594e+06	1.8096080e+05
6.000e+00	4.7466018e+06	1.8096080e+05
3.000e+00	4.7556498e+06	1.8096080e+05
0.000e+00	4.6380253e+06	1.8096080e+05
-3.000e+00	4.4244916e+06	1.8096080e+05
-6.000e+00	4.0951429e+06	1.8096080e+05
-9.000e+00	3.5631182e+06	1.8096080e+05
-1.200e+01	2.9388034e+06	1.8096080e+05
-1.500e+01	2.9080401e+06	1.8096080e+05
-1.800e+01	3.6011199e+06	1.8096080e+05
-2.100e+01	4.3376304e+06	1.8096080e+05
-2.400e+01	4.7791747e+06	1.8096080e+05
-2.700e+01	5.0451871e+06	1.8096080e+05
-3.000e+01	5.1736693e+06	1.8096080e+05
-3.300e+01	5.2315767e+06	1.8096080e+05
-3.600e+01	5.2641497e+06	1.8096080e+05
-3.900e+01	5.2605305e+06	1.8096080e+05
-4.200e+01	5.2098614e+06	1.8096080e+05
-4.500e+01	5.1465252e+06	1.8096080e+05
-4.800e+01	5.0614736e+06	1.8096080e+05
-5.100e+01	4.9528971e+06	1.8096080e+05
-5.400e+01	4.7646979e+06	1.8096080e+05
-5.700e+01	4.5638314e+06	1.8096080e+05
-6.000e+01	4.2344827e+06	1.8096080e+05
