-1.200e+04	1.2042310e+07	1.2042310e+05
6.000e+01	3.1334091e+06	1.2042310e+05
5.700e+01	3.2935718e+06	1.2042310e+05
5.400e+01	3.3778680e+06	1.2042310e+05
5.100e+01	3.4043610e+06	1.2042310e+05
4.800e+01	3.4127907e+06	1.2042310e+05
4.500e+01	3.4332626e+06	1.2042310e+05
4.200e+01	3.3670299e+06	1.2042310e+05
3.900e+01	3.3429453e+06	1.2042310e+05
3.600e+01	3.2947760e+06	1.2042310e+05
3.300e+01	3.2297475e+06	1.2042310e+05
3.000e+01	3.1165498e+06	1.2042310e+05
2.700e+01	2.9828802e+06	1.2042310e+05
2.400e+01	2.7637101e+06	1.2042310e+05
2.100e+01	2.5108216e+06	1.2042310e+05
1.800e+01	2.0821154e+06	1.2042310e+05
1.500e+01	1.5329861e+06	1.2042310e+05
1.200e+01	8.3814478e+05	1.2042310e+05
9.000e+00	2.6733928e+05	1.2042310e+05
6.000e+00	7.1049629e+04	1.2042310e+05
3.000e+00	6.9845398e+04	1.2042310e+05
0.000e+00	1.1078925e+05	1.2042310e+05
-3.000e+00	4.5158662e+05	1.2042310e+05
-6.000e+00	1.0801952e+06	1.2042310e+05
-9.000e+00	1.7075996e+06	1.2042310e+05
-1.200e+01	2.1748412e+06	1.2042310e+05
-1.500e+01	2.5035962e+06	1.2042310e+05
-1.800e+01	2.7215621e+06	1.2042310e+05
-2.100e+01	2.9202602e+06	1.2042310e+05
-2.400e+01	2.9949225e+06	1.2042310e+05
-2.700e+01	3.0503171e+06	1.2042310e+05
-3.000e+01	3.0972821e+06	1.2042310e+05
-3.300e+01	3.1213668e+06	1.2042310e+05
-3.600e+01	3.0551340e+06	1.2042310e+05
-3.900e+01	2.9636125e+06	1.2042310e+05
-4.200e+01	2.7143367e+06	1.2042310e+05
-4.500e+01	2.3313912e+06	1.2042310e+05
-4.800e+01	1.8846215e+06	1.2042310e+05
-5.100e+01	1.8472904e+06	1.2042310e+05
-5.400e+01	2.3133278e+06	1.2042310e+05
-5.700e+01	2.8166963e+06	1.2042310e+05
-6.000e+01	3.1358175e+06	1.2042310e+05
