-1.200e+04	2.0242210e+07	2.0242210e+05
6.000e+01	4.6152239e+05	2.0242210e+05
5.700e+01	2.5505185e+05	2.0242210e+05
5.400e+01	8.5826970e+05	2.0242210e+05
5.100e+01	1.6112799e+06	2.0242210e+05
4.800e+01	2.5565911e+06	2.0242210e+05
4.500e+01	3.5423868e+06	2.0242210e+05
4.200e+01	4.1921617e+06	2.0242210e+05
3.900e+01	4.6516599e+06	2.0242210e+05
3.600e+01	4.9289781e+06	2.0242210e+05
3.300e+01	5.1152065e+06	2.0242210e+05
3.000e+01	5.2467808e+06	2.0242210e+05
2.700e+01	5.2892895e+06	2.0242210e+05
2.400e+01	5.2427324e+06	2.0242210e+05
2.100e+01	5.1880784e+06	2.0242210e+05
1.800e+01	5.0342376e+06	2.0242210e+05
1.500e+01	4.7326287e+06	2.0242210e+05
1.200e+01	4.3075423e+06	2.0242210e+05
9.000e+00	3.7933902e+06	2.0242210e+05
6.000e+00	3.7488573e+06	2.0242210e+05
3.000e+00	3.8379230e+06	2.0242210e+05
0.000e+00	4.1597742e+06	2.0242210e+05
-3.000e+00	4.8095491e+06	2.0242210e+05
-6.000e+00	5.2569019e+06	2.0242210e+05
-9.000e+00	5.5160022e+06	2.0242210e+05
-1.200e+01	5.5949468e+06	2.0242210e+05
-1.500e+01	5.6819883e+06	2.0242210e+05
-1.800e+01	5.6657946e+06	2.0242210e+05
-2.100e+01	5.7042548e+06	2.0242210e+05
-2.400e+01	5.6192375e+06	2.0242210e+05
-2.700e+01	5.6151891e+06	2.0242210e+05
-3.000e+01	5.5099296e+06	2.0242210e+05
-3.300e+01	5.4309849e+06	2.0242210e+05
-3.600e+01	5.2872653e+06	2.0242210e+05
-3.900e+01	5.1071096e+06	2.0242210e+05
-4.200e+01	4.8338397e+06	2.0242210e+05
-4.500e+01	4.4128018e+06	2.0242210e+05
-4.800e+01	3.7448089e+06	2.0242210e+05
-5.100e+01	2.8582001e+06	2.0242210e+05
-5.400e+01	1.8400169e+06	2.0242210e+05
-5.700e+01	1.0971278e+06	2.0242210e+05
-6.000e+01	4.9188570e+05	2.0242210e+05
