-1.200e+04	2.2207330e+07	2.2207330e+05
6.000e+01	4.2282756e+06	2.2207330e+05
5.700e+01	3.3799556e+06	2.2207330e+05
5.400e+01	1.9231548e+06	2.2207330e+05
5.100e+01	4.7079540e+05	2.2207330e+05
4.800e+01	4.8856126e+04	2.2207330e+05
4.500e+01	1.2880251e+05	2.2207330e+05
4.200e+01	1.0970421e+06	2.2207330e+05
3.900e+01	2.5271942e+06	2.2207330e+05
3.600e+01	3.6686509e+06	2.2207330e+05
3.300e+01	4.3837269e+06	2.2207330e+05
3.000e+01	4.7967833e+06	2.2207330e+05
2.700e+01	5.1498798e+06	2.2207330e+05
2.400e+01	5.2631372e+06	2.2207330e+05
2.100e+01	5.4030434e+06	2.2207330e+05
1.800e+01	5.4741068e+06	2.2207330e+05
1.500e+01	5.4585617e+06	2.2207330e+05
1.200e+01	5.4696654e+06	2.2207330e+05
9.000e+00	5.3697324e+06	2.2207330e+05
6.000e+00	5.2387091e+06	2.2207330e+05
3.000e+00	4.8300943e+06	2.2207330e+05
0.000e+00	4.0284097e+06	2.2207330e+05
-3.000e+00	3.2111799e+06	2.2207330e+05
-6.000e+00	3.8485303e+06	2.2207330e+05
-9.000e+00	4.7323820e+06	2.2207330e+05
-1.200e+01	5.3786153e+06	2.2207330e+05
-1.500e+01	5.6184545e+06	2.2207330e+05
-1.800e+01	5.7095045e+06	2.2207330e+05
-2.100e+01	5.8227619e+06	2.2207330e+05
-2.400e+01	5.8582937e+06	2.2207330e+05
-2.700e+01	5.8649559e+06	2.2207330e+05
-3.000e+01	5.8205412e+06	2.2207330e+05
-3.300e+01	5.8227619e+06	2.2207330e+05
-3.600e+01	5.7539192e+06	2.2207330e+05
-3.900e+01	5.7783473e+06	2.2207330e+05
-4.200e+01	5.6984009e+06	2.2207330e+05
-4.500e+01	5.6917387e+06	2.2207330e+05
-4.800e+01	5.5096386e+06	2.2207330e+05
-5.100e+01	5.3808361e+06	2.2207330e+05
-5.400e+01	5.1720872e+06	2.2207330e+05
-5.700e+01	4.8500809e+06	2.2207330e+05
-6.000e+01	4.2327171e+06	2.2207330e+05
