-1.200e+04	1.3624580e+07	1.3624580e+05
6.000e+01	3.5314911e+06	1.3624580e+05
5.700e+01	3.4551935e+06	1.3624580e+05
5.400e+01	3.3611839e+06	1.3624580e+05
5.100e+01	3.2194883e+06	1.3624580e+05
4.800e+01	3.0137571e+06	1.3624580e+05
4.500e+01	2.6676928e+06	1.3624580e+05
4.200e+01	2.1921949e+06	1.3624580e+05
3.900e+01	1.3828949e+06	1.3624580e+05
3.600e+01	4.5506097e+05	1.3624580e+05
3.300e+01	1.6349496e+05	1.3624580e+05
3.000e+01	8.9922228e+04	1.3624580e+05
2.700e+01	3.3516467e+05	1.3624580e+05
2.400e+01	1.0586299e+06	1.3624580e+05
2.100e+01	1.7657456e+06	1.3624580e+05
1.800e+01	2.2616803e+06	1.3624580e+05
1.500e+01	2.6445310e+06	1.3624580e+05
1.200e+01	2.8638867e+06	1.3624580e+05
9.000e+00	3.0614431e+06	1.3624580e+05
6.000e+00	3.1704398e+06	1.3624580e+05
3.000e+00	3.2385627e+06	1.3624580e+05
0.000e+00	3.2794364e+06	1.3624580e+05
-3.000e+00	3.2876112e+06	1.3624580e+05
-6.000e+00	3.2208507e+06	1.3624580e+05
-9.000e+00	3.1213913e+06	1.3624580e+05
-1.200e+01	2.8965857e+06	1.3624580e+05
-1.500e+01	2.4251752e+06	1.3624580e+05
-1.800e+01	1.8502180e+06	1.3624580e+05
-2.100e+01	1.9537648e+06	1.3624580e+05
-2.400e+01	2.5355343e+06	1.3624580e+05
-2.700e+01	2.9701584e+06	1.3624580e+05
-3.000e+01	3.2167633e+06	1.3624580e+05
-3.300e+01	3.4020576e+06	1.3624580e+05
-3.600e+01	3.4974297e+06	1.3624580e+05
-3.900e+01	3.5873519e+06	1.3624580e+05
-4.200e+01	3.5764522e+06	1.3624580e+05
-4.500e+01	3.6418502e+06	1.3624580e+05
-4.800e+01	3.6132386e+06	1.3624580e+05
-5.100e+01	3.6173260e+06	1.3624580e+05
-5.400e+01	3.5982516e+06	1.3624580e+05
-5.700e+01	3.5941642e+06	1.3624580e+05
-6.000e+01	3.5137792e+06	1.3624580e+05
