# Name:    F26N-HN
# y_ppm:  116.56260    0.00003
# yw_hz:   16.58166    0.06667
# y_eta:    0.00000    0.00000
# x_ppm:    9.20455    0.00004
# xw_hz:   24.84682    0.10448
# x_eta:    0.00000    0.00000
#---------------------------------------------
#          Z               I           I_err
    -20000.0    1.664689e+07    7.550000e+04
      -375.0    1.108840e+07    7.550000e+04
      -325.0    1.073459e+07    7.550000e+04
      -275.0    8.767233e+06    7.550000e+04
      -225.0    5.080220e+05    7.550000e+04
      -175.0    4.822083e+06    7.550000e+04
      -125.0    9.472355e+06    7.550000e+04
       -75.0    1.052615e+07    7.550000e+04
       -25.0    1.090691e+07    7.550000e+04
        25.0    1.090542e+07    7.550000e+04
        75.0    1.067982e+07    7.550000e+04
       125.0    9.513815e+06    7.550000e+04
       175.0    5.791429e+06    7.550000e+04
       225.0    9.117417e+06    7.550000e+04
       275.0    1.088850e+07    7.550000e+04
       325.0    1.105296e+07    7.550000e+04
