# Name:    Y10N-HN
# y_ppm:  121.59218    0.00002
# yw_hz:   16.13527    0.04726
# y_eta:    0.00000    0.00000
# x_ppm:    8.44049    0.00003
# xw_hz:   22.92995    0.06826
# x_eta:    0.00000    0.00000
#---------------------------------------------
#          Z               I           I_err
    -20000.0    1.969862e+07    7.550000e+04
      -375.0    4.834141e+06    7.550000e+04
      -325.0    1.178394e+07    7.550000e+04
      -275.0    1.311550e+07    7.550000e+04
      -225.0    1.349042e+07    7.550000e+04
      -175.0    1.361877e+07    7.550000e+04
      -125.0    1.370565e+07    7.550000e+04
       -75.0    1.375954e+07    7.550000e+04
       -25.0    1.362547e+07    7.550000e+04
        25.0    1.366143e+07    7.550000e+04
        75.0    1.354577e+07    7.550000e+04
       125.0    1.302839e+07    7.550000e+04
       175.0    1.004316e+07    7.550000e+04
       225.0    5.505599e+06    7.550000e+04
       275.0    1.775675e+06    7.550000e+04
       325.0    4.703729e+06    7.550000e+04
