-1.200e+04	5.3256380e+06	4.3957750e+04
-1.200e+03	-1.5265324e+04	4.3957750e+04
-1.170e+03	2.7104958e+04	4.3957750e+04
-1.140e+03	-2.7860527e+04	4.3957750e+04
-1.110e+03	4.9228351e+04	4.3957750e+04
-1.080e+03	1.1823955e+04	4.3957750e+04
-1.050e+03	-3.7157567e+04	4.3957750e+04
-1.020e+03	-2.2758295e+04	4.3957750e+04
-9.900e+02	1.1786673e+04	4.3957750e+04
-9.600e+02	4.2478975e+03	4.3957750e+04
-9.300e+02	1.4663144e+04	4.3957750e+04
-9.000e+02	-8.5398902e+04	4.3957750e+04
-8.700e+02	5.3959296e+03	4.3957750e+04
-8.400e+02	-9.3653833e+03	4.3957750e+04
-8.100e+02	-1.3154976e+05	4.3957750e+04
-7.800e+02	-3.5179871e+04	4.3957750e+04
-7.500e+02	4.5759883e+04	4.3957750e+04
-7.200e+02	-9.9420027e+04	4.3957750e+04
-6.900e+02	-1.1859447e+04	4.3957750e+04
-6.600e+02	-1.2906285e+04	4.3957750e+04
-6.300e+02	2.0595467e+03	4.3957750e+04
-6.000e+02	-1.8719816e+04	4.3957750e+04
-5.700e+02	-1.1552205e+05	4.3957750e+04
-5.400e+02	-1.4238341e+03	4.3957750e+04
-5.100e+02	-6.8951502e+04	4.3957750e+04
-4.800e+02	-1.1006510e+05	4.3957750e+04
-4.500e+02	-7.5738372e+04	4.3957750e+04
-4.200e+02	-1.5473132e+05	4.3957750e+04
-3.900e+02	-5.7664920e+04	4.3957750e+04
-3.600e+02	-1.2665473e+05	4.3957750e+04
-3.300e+02	-1.3242139e+05	4.3957750e+04
-3.000e+02	-5.7177995e+04	4.3957750e+04
-2.700e+02	-1.1284413e+05	4.3957750e+04
-2.400e+02	-8.3232963e+04	4.3957750e+04
-2.100e+02	-1.6349738e+05	4.3957750e+04
-1.800e+02	-2.2616768e+05	4.3957750e+04
-1.500e+02	-4.0327054e+05	4.3957750e+04
-1.200e+02	-4.6481945e+05	4.3957750e+04
-9.000e+01	-6.4563045e+05	4.3957750e+04
-6.000e+01	-9.4737233e+05	4.3957750e+04
-3.000e+01	-1.1332941e+06	4.3957750e+04
0.000e+00	-9.1260248e+05	4.3957750e+04
3.000e+01	-3.6766212e+05	4.3957750e+04
6.000e+01	3.9198055e+05	4.3957750e+04
9.000e+01	1.0219086e+06	4.3957750e+04
1.200e+02	1.2493498e+06	4.3957750e+04
1.500e+02	1.0406271e+06	4.3957750e+04
1.800e+02	8.9220625e+05	4.3957750e+04
2.100e+02	7.2694217e+05	4.3957750e+04
2.400e+02	6.4196607e+05	4.3957750e+04
2.700e+02	4.7681170e+05	4.3957750e+04
3.000e+02	4.1747339e+05	4.3957750e+04
3.300e+02	3.5753763e+05	4.3957750e+04
3.600e+02	3.0872748e+05	4.3957750e+04
3.900e+02	3.7714540e+05	4.3957750e+04
4.200e+02	2.9269764e+05	4.3957750e+04
4.500e+02	2.3251168e+05	4.3957750e+04
4.800e+02	1.4923006e+05	4.3957750e+04
5.100e+02	2.2274169e+05	4.3957750e+04
5.400e+02	1.7587515e+05	4.3957750e+04
5.700e+02	6.6198637e+04	4.3957750e+04
6.000e+02	-1.5905127e+04	4.3957750e+04
6.300e+02	1.9198944e+04	4.3957750e+04
6.600e+02	5.9359444e+04	4.3957750e+04
6.900e+02	8.1251687e+04	4.3957750e+04
7.200e+02	3.1120003e+04	4.3957750e+04
7.500e+02	-9.0001043e+02	4.3957750e+04
7.800e+02	-4.2493036e+03	4.3957750e+04
8.100e+02	4.6330703e+04	4.3957750e+04
8.400e+02	-2.3088380e+04	4.3957750e+04
8.700e+02	4.9501042e+04	4.3957750e+04
9.000e+02	2.4216898e+04	4.3957750e+04
9.300e+02	3.6149673e+04	4.3957750e+04
9.600e+02	-1.8757226e+04	4.3957750e+04
9.900e+02	-1.5060805e+04	4.3957750e+04
1.020e+03	6.5778819e+04	4.3957750e+04
1.050e+03	4.5468017e+04	4.3957750e+04
1.080e+03	-9.5805541e+03	4.3957750e+04
1.110e+03	-3.9890236e+04	4.3957750e+04
1.140e+03	1.0694031e+04	4.3957750e+04
1.170e+03	-3.0529284e+04	4.3957750e+04
1.200e+03	7.2301647e+04	4.3957750e+04
1.230e+03	3.3769458e+04	4.3957750e+04
1.260e+03	-1.4678525e+04	4.3957750e+04
1.290e+03	-4.9454642e+04	4.3957750e+04
1.320e+03	-3.1194908e+04	4.3957750e+04
1.350e+03	4.7910951e+04	4.3957750e+04
1.380e+03	6.7732954e+04	4.3957750e+04
