-1.200e+04	8.0754260e+06	4.3465880e+04
-1.200e+03	2.6074125e+06	4.3465880e+04
-1.170e+03	3.1543236e+06	4.3465880e+04
-1.140e+03	2.9664156e+06	4.3465880e+04
-1.110e+03	2.4610205e+06	4.3465880e+04
-1.080e+03	1.9301480e+06	4.3465880e+04
-1.050e+03	1.4998660e+06	4.3465880e+04
-1.020e+03	1.1871465e+06	4.3465880e+04
-9.900e+02	9.9201340e+05	4.3465880e+04
-9.600e+02	8.1963400e+05	4.3465880e+04
-9.300e+02	7.0734012e+05	4.3465880e+04
-9.000e+02	6.3818005e+05	4.3465880e+04
-8.700e+02	5.3425469e+05	4.3465880e+04
-8.400e+02	4.5992674e+05	4.3465880e+04
-8.100e+02	4.4742132e+05	4.3465880e+04
-7.800e+02	3.8830444e+05	4.3465880e+04
-7.500e+02	3.9692718e+05	4.3465880e+04
-7.200e+02	3.2425230e+05	4.3465880e+04
-6.900e+02	2.8964769e+05	4.3465880e+04
-6.600e+02	2.7705473e+05	4.3465880e+04
-6.300e+02	2.1105574e+05	4.3465880e+04
-6.000e+02	2.3150424e+05	4.3465880e+04
-5.700e+02	1.9177131e+05	4.3465880e+04
-5.400e+02	1.5630239e+05	4.3465880e+04
-5.100e+02	1.3774079e+05	4.3465880e+04
-4.800e+02	1.3352595e+05	4.3465880e+04
-4.500e+02	1.3022098e+05	4.3465880e+04
-4.200e+02	1.1075310e+05	4.3465880e+04
-3.900e+02	1.1587902e+05	4.3465880e+04
-3.600e+02	5.4069678e+04	4.3465880e+04
-3.300e+02	1.1167497e+05	4.3465880e+04
-3.000e+02	1.0912640e+05	4.3465880e+04
-2.700e+02	4.8134608e+04	4.3465880e+04
-2.400e+02	5.2411802e+04	4.3465880e+04
-2.100e+02	8.4537395e+04	4.3465880e+04
-1.800e+02	8.4521807e+04	4.3465880e+04
-1.500e+02	8.3644304e+04	4.3465880e+04
-1.200e+02	7.2691237e+04	4.3465880e+04
-9.000e+01	1.2606925e+04	4.3465880e+04
-6.000e+01	2.9656943e+04	4.3465880e+04
-3.000e+01	5.7609665e+04	4.3465880e+04
0.000e+00	3.3946127e+04	4.3465880e+04
3.000e+01	2.3789022e+04	4.3465880e+04
6.000e+01	-2.4638545e+03	4.3465880e+04
9.000e+01	1.6167297e+04	4.3465880e+04
1.200e+02	3.8150175e+04	4.3465880e+04
1.500e+02	2.7967889e+04	4.3465880e+04
1.800e+02	-2.5384190e+04	4.3465880e+04
2.100e+02	4.3745209e+00	4.3465880e+04
2.400e+02	2.1995646e+04	4.3465880e+04
2.700e+02	1.4333151e+04	4.3465880e+04
3.000e+02	2.6187703e+04	4.3465880e+04
3.300e+02	7.6676248e+02	4.3465880e+04
3.600e+02	2.7022038e+04	4.3465880e+04
3.900e+02	2.3694293e+04	4.3465880e+04
4.200e+02	2.7123962e+04	4.3465880e+04
4.500e+02	9.4194761e+03	4.3465880e+04
4.800e+02	3.5119853e+03	4.3465880e+04
5.100e+02	3.9127203e+04	4.3465880e+04
5.400e+02	2.7327810e+04	4.3465880e+04
5.700e+02	-6.5515890e+03	4.3465880e+04
6.000e+02	-1.7540630e+04	4.3465880e+04
6.300e+02	-3.9754403e+03	4.3465880e+04
6.600e+02	2.5695114e+04	4.3465880e+04
6.900e+02	2.6553431e+04	4.3465880e+04
7.200e+02	8.7326319e+03	4.3465880e+04
7.500e+02	3.6690684e+03	4.3465880e+04
7.800e+02	8.7254372e+03	4.3465880e+04
8.100e+02	1.0977161e+03	4.3465880e+04
8.400e+02	-3.2836842e+04	4.3465880e+04
8.700e+02	2.0511640e+04	4.3465880e+04
9.000e+02	3.5263746e+03	4.3465880e+04
9.300e+02	-1.1757846e+04	4.3465880e+04
9.600e+02	-2.1934137e+04	4.3465880e+04
9.900e+02	5.0034705e+04	4.3465880e+04
1.020e+03	-1.3539231e+04	4.3465880e+04
1.050e+03	2.7145546e+04	4.3465880e+04
1.080e+03	2.0336570e+04	4.3465880e+04
1.110e+03	6.9126313e+01	4.3465880e+04
1.140e+03	2.8888559e+04	4.3465880e+04
1.170e+03	2.3066205e+04	4.3465880e+04
1.200e+03	1.4658109e+04	4.3465880e+04
1.230e+03	7.0855470e+03	4.3465880e+04
1.260e+03	2.9207522e+04	4.3465880e+04
1.290e+03	-1.4789411e+04	4.3465880e+04
1.320e+03	-3.6739914e+04	4.3465880e+04
1.350e+03	3.6128014e+04	4.3465880e+04
1.380e+03	2.4296245e+04	4.3465880e+04
